#
# There is insufficient memory for the Java Runtime Environment to continue.
# Native memory allocation (mmap) failed to map 10485760 bytes for G1 virtual space
# Possible reasons:
#   The system is out of physical RAM or swap space
#   The process is running with CompressedOops enabled, and the Java Heap may be blocking the growth of the native heap
# Possible solutions:
#   Reduce memory load on the system
#   Increase physical memory or swap space
#   Check if swap backing store is full
#   Decrease Java heap size (-Xmx/-Xms)
#   Decrease number of Java threads
#   Decrease Java thread stack sizes (-Xss)
#   Set larger code cache with -XX:ReservedCodeCacheSize=
#   JVM is running with Unscaled Compressed Oops mode in which the Java heap is
#     placed in the first 4GB address space. The Java Heap base address is the
#     maximum limit for the native heap growth. Please use -XX:HeapBaseMinAddress
#     to set the Java Heap base and to place the Java Heap above 4GB virtual address.
# This output file may be truncated or incomplete.
#
#  Out of Memory Error (os_windows.cpp:3600), pid=6792, tid=10088
#
# JRE version: OpenJDK Runtime Environment (21.0.1+12) (build 21.0.1+12-29)
# Java VM: OpenJDK 64-Bit Server VM (21.0.1+12-29, mixed mode, emulated-client, sharing, tiered, compressed oops, compressed class ptrs, g1 gc, windows-amd64)
# No core dump will be written. Minidumps are not enabled by default on client versions of Windows
#

---------------  S U M M A R Y ------------

Command Line: -XX:TieredStopAtLevel=1 -Dspring.output.ansi.enabled=always -Dcom.sun.management.jmxremote -Dspring.jmx.enabled=true -Dspring.liveBeansView.mbeanDomain -Dspring.application.admin.enabled=true -Dmanagement.endpoints.jmx.exposure.include=* -javaagent:C:\Program Files\JetBrains\IntelliJ IDEA 2024.2.4\lib\idea_rt.jar=55149:C:\Program Files\JetBrains\IntelliJ IDEA 2024.2.4\bin -Dfile.encoding=UTF-8 -Dsun.stdout.encoding=UTF-8 -Dsun.stderr.encoding=UTF-8 mk.ukim.finki.wp.lab.Lab1bApplication

Host: 11th Gen Intel(R) Core(TM) i5-1135G7 @ 2.40GHz, 8 cores, 7G,  Windows 11 , 64 bit Build 22621 (10.0.22621.4391)
Time: Sat Dec 21 21:54:06 2024 Central European Standard Time elapsed time: 2.630589 seconds (0d 0h 0m 2s)

---------------  T H R E A D  ---------------

Current thread (0x000001cb2549a4d0):  VMThread "VM Thread"          [id=10088, stack(0x0000002519700000,0x0000002519800000) (1024K)]

Stack: [0x0000002519700000,0x0000002519800000]
Native frames: (J=compiled Java code, j=interpreted, Vv=VM code, C=native code)
V  [jvm.dll+0x6c9029]
V  [jvm.dll+0x854b81]
V  [jvm.dll+0x856e5e]
V  [jvm.dll+0x857543]
V  [jvm.dll+0x280c06]
V  [jvm.dll+0x6c5715]
V  [jvm.dll+0x6ba10a]
V  [jvm.dll+0x3557ea]
V  [jvm.dll+0x35d436]
V  [jvm.dll+0x3ae1be]
V  [jvm.dll+0x3ae468]
V  [jvm.dll+0x3291fc]
V  [jvm.dll+0x329287]
V  [jvm.dll+0x36db3c]
V  [jvm.dll+0x36c33d]
V  [jvm.dll+0x328971]
V  [jvm.dll+0x36ba4a]
V  [jvm.dll+0x85d048]
V  [jvm.dll+0x85e144]
V  [jvm.dll+0x85e680]
V  [jvm.dll+0x85e923]
V  [jvm.dll+0x7fd728]
V  [jvm.dll+0x6c777d]
C  [ucrtbase.dll+0x29333]
C  [KERNEL32.DLL+0x1259d]
C  [ntdll.dll+0x5af38]

VM_Operation (0x00000025190f6aa0): G1CollectForAllocation, mode: safepoint, requested by thread 0x000001cb1303d610


---------------  P R O C E S S  ---------------

Threads class SMR info:
_java_thread_list=0x000001cb6c518460, length=17, elements={
0x000001cb1303d610, 0x000001cb254ba7c0, 0x000001cb254bc520, 0x000001cb254c14f0,
0x000001cb254c23a0, 0x000001cb254c3300, 0x000001cb254c3e50, 0x000001cb254d0250,
0x000001cb25adbf60, 0x000001cb25b3c260, 0x000001cb25b3c930, 0x000001cb6b13e6a0,
0x000001cb6b142e60, 0x000001cb25b3dda0, 0x000001cb6b3e6ef0, 0x000001cb6bd8b750,
0x000001cb6be88d40
}

Java Threads: ( => current thread )
  0x000001cb1303d610 JavaThread "main"                              [_thread_blocked, id=5560, stack(0x0000002519000000,0x0000002519100000) (1024K)]
  0x000001cb254ba7c0 JavaThread "Reference Handler"          daemon [_thread_blocked, id=14672, stack(0x0000002519800000,0x0000002519900000) (1024K)]
  0x000001cb254bc520 JavaThread "Finalizer"                  daemon [_thread_blocked, id=6852, stack(0x0000002519900000,0x0000002519a00000) (1024K)]
  0x000001cb254c14f0 JavaThread "Signal Dispatcher"          daemon [_thread_blocked, id=8492, stack(0x0000002519a00000,0x0000002519b00000) (1024K)]
  0x000001cb254c23a0 JavaThread "Attach Listener"            daemon [_thread_blocked, id=3672, stack(0x0000002519b00000,0x0000002519c00000) (1024K)]
  0x000001cb254c3300 JavaThread "Service Thread"             daemon [_thread_blocked, id=2516, stack(0x0000002519c00000,0x0000002519d00000) (1024K)]
  0x000001cb254c3e50 JavaThread "Monitor Deflation Thread"   daemon [_thread_blocked, id=15856, stack(0x0000002519d00000,0x0000002519e00000) (1024K)]
  0x000001cb254d0250 JavaThread "C1 CompilerThread0"         daemon [_thread_blocked, id=15080, stack(0x0000002519e00000,0x0000002519f00000) (1024K)]
  0x000001cb25adbf60 JavaThread "Common-Cleaner"             daemon [_thread_blocked, id=14120, stack(0x0000002519f00000,0x000000251a000000) (1024K)]
  0x000001cb25b3c260 JavaThread "C1 CompilerThread1"         daemon [_thread_blocked, id=8204, stack(0x000000251a000000,0x000000251a100000) (1024K)]
  0x000001cb25b3c930 JavaThread "C1 CompilerThread2"         daemon [_thread_blocked, id=10148, stack(0x000000251a100000,0x000000251a200000) (1024K)]
  0x000001cb6b13e6a0 JavaThread "Monitor Ctrl-Break"         daemon [_thread_in_native, id=15648, stack(0x000000251a200000,0x000000251a300000) (1024K)]
  0x000001cb6b142e60 JavaThread "Notification Thread"        daemon [_thread_blocked, id=11372, stack(0x000000251a300000,0x000000251a400000) (1024K)]
  0x000001cb25b3dda0 JavaThread "C1 CompilerThread3"         daemon [_thread_blocked, id=2496, stack(0x000000251a400000,0x000000251a500000) (1024K)]
  0x000001cb6b3e6ef0 JavaThread "RMI TCP Accept-0"           daemon [_thread_in_native, id=14500, stack(0x000000251a500000,0x000000251a600000) (1024K)]
  0x000001cb6bd8b750 JavaThread "RMI TCP Connection(1)-192.168.100.9" daemon [_thread_in_native, id=14848, stack(0x000000251ad00000,0x000000251ae00000) (1024K)]
  0x000001cb6be88d40 JavaThread "RMI Scheduler(0)"           daemon [_thread_blocked, id=15616, stack(0x000000251ae00000,0x000000251af00000) (1024K)]
Total: 17

Other Threads:
=>0x000001cb2549a4d0 VMThread "VM Thread"                           [id=10088, stack(0x0000002519700000,0x0000002519800000) (1024K)]
  0x000001cb25482480 WatcherThread "VM Periodic Task Thread"        [id=7112, stack(0x0000002519600000,0x0000002519700000) (1024K)]
  0x000001cb151fc050 WorkerThread "GC Thread#0"                     [id=9856, stack(0x0000002519100000,0x0000002519200000) (1024K)]
  0x000001cb6b537190 WorkerThread "GC Thread#1"                     [id=15448, stack(0x000000251a600000,0x000000251a700000) (1024K)]
  0x000001cb6b537530 WorkerThread "GC Thread#2"                     [id=8960, stack(0x000000251a700000,0x000000251a800000) (1024K)]
  0x000001cb6b69bdc0 WorkerThread "GC Thread#3"                     [id=16368, stack(0x000000251a800000,0x000000251a900000) (1024K)]
  0x000001cb6b69c160 WorkerThread "GC Thread#4"                     [id=11472, stack(0x000000251a900000,0x000000251aa00000) (1024K)]
  0x000001cb6b69c500 WorkerThread "GC Thread#5"                     [id=15972, stack(0x000000251aa00000,0x000000251ab00000) (1024K)]
  0x000001cb6b69ecc0 WorkerThread "GC Thread#6"                     [id=5024, stack(0x000000251ab00000,0x000000251ac00000) (1024K)]
  0x000001cb6bf13d60 WorkerThread "GC Thread#7"                     [id=3196, stack(0x000000251b000000,0x000000251b100000) (1024K)]
  0x000001cb1520d3c0 ConcurrentGCThread "G1 Main Marker"            [id=11332, stack(0x0000002519200000,0x0000002519300000) (1024K)]
  0x000001cb1520e6d0 WorkerThread "G1 Conc#0"                       [id=15000, stack(0x0000002519300000,0x0000002519400000) (1024K)]
  0x000001cb6c0c42b0 WorkerThread "G1 Conc#1"                       [id=7060, stack(0x000000251ac00000,0x000000251ad00000) (1024K)]
  0x000001cb25355fe0 ConcurrentGCThread "G1 Refine#0"               [id=3180, stack(0x0000002519400000,0x0000002519500000) (1024K)]
  0x000001cb25356b50 ConcurrentGCThread "G1 Service"                [id=9744, stack(0x0000002519500000,0x0000002519600000) (1024K)]
Total: 15

Threads with active compile tasks:
Total: 0

VM state: at safepoint (normal execution)

VM Mutex/Monitor currently owned by a thread:  ([mutex/lock_event])
[0x00007ffab427a5f8] Threads_lock - owner thread: 0x000001cb2549a4d0
[0x00007ffab427a6f8] Heap_lock - owner thread: 0x000001cb1303d610

Heap address: 0x0000000083200000, size: 1998 MB, Compressed Oops mode: 32-bit

CDS archive(s) mapped at: [0x000001cb26000000-0x000001cb26c90000-0x000001cb26c90000), size 13172736, SharedBaseAddress: 0x000001cb26000000, ArchiveRelocationMode: 1.
Compressed class space mapped at: 0x000001cb27000000-0x000001cb67000000, reserved size: 1073741824
Narrow klass base: 0x000001cb26000000, Narrow klass shift: 0, Narrow klass range: 0x100000000

GC Precious Log:
 CardTable entry size: 512
 Card Set container configuration: InlinePtr #cards 5 size 8 Array Of Cards #cards 12 size 40 Howl #buckets 4 coarsen threshold 1843 Howl Bitmap #cards 512 size 80 coarsen threshold 460 Card regions per heap region 1 cards per card region 2048
 CPUs: 8 total, 8 available
 Memory: 7991M
 Large Page Support: Disabled
 NUMA Support: Disabled
 Compressed Oops: Enabled (32-bit)
 Heap Region Size: 1M
 Heap Min Capacity: 8M
 Heap Initial Capacity: 126M
 Heap Max Capacity: 1998M
 Pre-touch: Disabled
 Parallel Workers: 8
 Concurrent Workers: 2
 Concurrent Refinement Workers: 8
 Periodic GC: Disabled

Heap:
 garbage-first heap   total 51200K, used 19677K [0x0000000083200000, 0x0000000100000000)
  region size 1024K, 3 young (3072K), 3 survivors (3072K)
 Metaspace       used 30071K, committed 30656K, reserved 1114112K
  class space    used 4096K, committed 4352K, reserved 1048576K

Heap Regions: E=young(eden), S=young(survivor), O=old, HS=humongous(starts), HC=humongous(continues), CS=collection set, F=free, TAMS=top-at-mark-start, PB=parsable bottom
|   0|0x0000000083200000, 0x0000000083300000, 0x0000000083300000|100%|HS|  |TAMS 0x0000000083200000| PB 0x0000000083200000| Complete 
|   1|0x0000000083300000, 0x0000000083400000, 0x0000000083400000|100%| O|  |TAMS 0x0000000083300000| PB 0x0000000083300000| Untracked 
|   2|0x0000000083400000, 0x0000000083500000, 0x0000000083500000|100%| O|  |TAMS 0x0000000083400000| PB 0x0000000083400000| Untracked 
|   3|0x0000000083500000, 0x0000000083600000, 0x0000000083600000|100%| O|  |TAMS 0x0000000083500000| PB 0x0000000083500000| Untracked 
|   4|0x0000000083600000, 0x0000000083700000, 0x0000000083700000|100%| O|  |TAMS 0x0000000083600000| PB 0x0000000083600000| Untracked 
|   5|0x0000000083700000, 0x0000000083800000, 0x0000000083800000|100%| O|  |TAMS 0x0000000083700000| PB 0x0000000083700000| Untracked 
|   6|0x0000000083800000, 0x0000000083900000, 0x0000000083900000|100%| O|  |TAMS 0x0000000083800000| PB 0x0000000083800000| Untracked 
|   7|0x0000000083900000, 0x0000000083a00000, 0x0000000083a00000|100%| O|  |TAMS 0x0000000083900000| PB 0x0000000083900000| Untracked 
|   8|0x0000000083a00000, 0x0000000083b00000, 0x0000000083b00000|100%| O|  |TAMS 0x0000000083a00000| PB 0x0000000083a00000| Untracked 
|   9|0x0000000083b00000, 0x0000000083c00000, 0x0000000083c00000|100%| O|  |TAMS 0x0000000083b00000| PB 0x0000000083b00000| Untracked 
|  10|0x0000000083c00000, 0x0000000083d00000, 0x0000000083d00000|100%| O|  |TAMS 0x0000000083c00000| PB 0x0000000083c00000| Untracked 
|  11|0x0000000083d00000, 0x0000000083e00000, 0x0000000083e00000|100%| O|  |TAMS 0x0000000083d00000| PB 0x0000000083d00000| Untracked 
|  12|0x0000000083e00000, 0x0000000083f00000, 0x0000000083f00000|100%| O|  |TAMS 0x0000000083e00000| PB 0x0000000083e00000| Untracked 
|  13|0x0000000083f00000, 0x0000000084000000, 0x0000000084000000|100%| O|  |TAMS 0x0000000083f00000| PB 0x0000000083f00000| Untracked 
|  14|0x0000000084000000, 0x0000000084100000, 0x0000000084100000|100%| O|  |TAMS 0x0000000084000000| PB 0x0000000084000000| Untracked 
|  15|0x0000000084100000, 0x0000000084200000, 0x0000000084200000|100%| O|  |TAMS 0x0000000084100000| PB 0x0000000084100000| Untracked 
|  16|0x0000000084200000, 0x00000000842ddb80, 0x0000000084300000| 86%| O|  |TAMS 0x0000000084200000| PB 0x0000000084200000| Untracked 
|  17|0x0000000084300000, 0x0000000084300000, 0x0000000084400000|  0%| F|  |TAMS 0x0000000084300000| PB 0x0000000084300000| Untracked 
|  18|0x0000000084400000, 0x0000000084400000, 0x0000000084500000|  0%| F|  |TAMS 0x0000000084400000| PB 0x0000000084400000| Untracked 
|  19|0x0000000084500000, 0x0000000084500000, 0x0000000084600000|  0%| F|  |TAMS 0x0000000084500000| PB 0x0000000084500000| Untracked 
|  20|0x0000000084600000, 0x0000000084659b98, 0x0000000084700000| 35%| S|CS|TAMS 0x0000000084600000| PB 0x0000000084600000| Complete 
|  21|0x0000000084700000, 0x0000000084800000, 0x0000000084800000|100%| S|CS|TAMS 0x0000000084700000| PB 0x0000000084700000| Complete 
|  22|0x0000000084800000, 0x0000000084900000, 0x0000000084900000|100%| S|CS|TAMS 0x0000000084800000| PB 0x0000000084800000| Complete 
|  23|0x0000000084900000, 0x0000000084900000, 0x0000000084a00000|  0%| F|  |TAMS 0x0000000084900000| PB 0x0000000084900000| Untracked 
|  24|0x0000000084a00000, 0x0000000084a00000, 0x0000000084b00000|  0%| F|  |TAMS 0x0000000084a00000| PB 0x0000000084a00000| Untracked 
|  25|0x0000000084b00000, 0x0000000084b00000, 0x0000000084c00000|  0%| F|  |TAMS 0x0000000084b00000| PB 0x0000000084b00000| Untracked 
|  26|0x0000000084c00000, 0x0000000084c00000, 0x0000000084d00000|  0%| F|  |TAMS 0x0000000084c00000| PB 0x0000000084c00000| Untracked 
|  27|0x0000000084d00000, 0x0000000084d00000, 0x0000000084e00000|  0%| F|  |TAMS 0x0000000084d00000| PB 0x0000000084d00000| Untracked 
|  28|0x0000000084e00000, 0x0000000084e00000, 0x0000000084f00000|  0%| F|  |TAMS 0x0000000084e00000| PB 0x0000000084e00000| Untracked 
|  29|0x0000000084f00000, 0x0000000084f00000, 0x0000000085000000|  0%| F|  |TAMS 0x0000000084f00000| PB 0x0000000084f00000| Untracked 
|  30|0x0000000085000000, 0x0000000085000000, 0x0000000085100000|  0%| F|  |TAMS 0x0000000085000000| PB 0x0000000085000000| Untracked 
|  31|0x0000000085100000, 0x0000000085100000, 0x0000000085200000|  0%| F|  |TAMS 0x0000000085100000| PB 0x0000000085100000| Untracked 
|  32|0x0000000085200000, 0x0000000085200000, 0x0000000085300000|  0%| F|  |TAMS 0x0000000085200000| PB 0x0000000085200000| Untracked 
|  33|0x0000000085300000, 0x0000000085300000, 0x0000000085400000|  0%| F|  |TAMS 0x0000000085300000| PB 0x0000000085300000| Untracked 
|  34|0x0000000085400000, 0x0000000085400000, 0x0000000085500000|  0%| F|  |TAMS 0x0000000085400000| PB 0x0000000085400000| Untracked 
|  35|0x0000000085500000, 0x0000000085500000, 0x0000000085600000|  0%| F|  |TAMS 0x0000000085500000| PB 0x0000000085500000| Untracked 
|  36|0x0000000085600000, 0x0000000085600000, 0x0000000085700000|  0%| F|  |TAMS 0x0000000085600000| PB 0x0000000085600000| Untracked 
|  37|0x0000000085700000, 0x0000000085700000, 0x0000000085800000|  0%| F|  |TAMS 0x0000000085700000| PB 0x0000000085700000| Untracked 
|  38|0x0000000085800000, 0x0000000085800000, 0x0000000085900000|  0%| F|  |TAMS 0x0000000085800000| PB 0x0000000085800000| Untracked 
|  39|0x0000000085900000, 0x0000000085900000, 0x0000000085a00000|  0%| F|  |TAMS 0x0000000085900000| PB 0x0000000085900000| Untracked 
|  40|0x0000000085a00000, 0x0000000085a00000, 0x0000000085b00000|  0%| F|  |TAMS 0x0000000085a00000| PB 0x0000000085a00000| Untracked 
|  41|0x0000000085b00000, 0x0000000085b00000, 0x0000000085c00000|  0%| F|  |TAMS 0x0000000085b00000| PB 0x0000000085b00000| Untracked 
|  42|0x0000000085c00000, 0x0000000085c00000, 0x0000000085d00000|  0%| F|  |TAMS 0x0000000085c00000| PB 0x0000000085c00000| Untracked 
|  84|0x0000000088600000, 0x0000000088600000, 0x0000000088700000|  0%| F|  |TAMS 0x0000000088600000| PB 0x0000000088600000| Untracked 
|  85|0x0000000088700000, 0x0000000088700000, 0x0000000088800000|  0%| F|  |TAMS 0x0000000088700000| PB 0x0000000088700000| Untracked 
|  86|0x0000000088800000, 0x0000000088800000, 0x0000000088900000|  0%| F|  |TAMS 0x0000000088800000| PB 0x0000000088800000| Untracked 
|  87|0x0000000088900000, 0x0000000088900000, 0x0000000088a00000|  0%| F|  |TAMS 0x0000000088900000| PB 0x0000000088900000| Untracked 
|  88|0x0000000088a00000, 0x0000000088a00000, 0x0000000088b00000|  0%| F|  |TAMS 0x0000000088a00000| PB 0x0000000088a00000| Untracked 
|  89|0x0000000088b00000, 0x0000000088b00000, 0x0000000088c00000|  0%| F|  |TAMS 0x0000000088b00000| PB 0x0000000088b00000| Untracked 
| 125|0x000000008af00000, 0x000000008af00000, 0x000000008b000000|  0%| F|  |TAMS 0x000000008af00000| PB 0x000000008af00000| Untracked 

Card table byte_map: [0x000001cb20ae0000,0x000001cb20ed0000] _byte_map_base: 0x000001cb206c7000

Marking Bits: (CMBitMap*) 0x000001cb151fc750
 Bits: [0x000001cb20ed0000, 0x000001cb22e08000)

Polling page: 0x000001cb14960000

Metaspace:

Usage:
  Non-class:     25.37 MB used.
      Class:      4.00 MB used.
       Both:     29.37 MB used.

Virtual space:
  Non-class space:       64.00 MB reserved,      25.69 MB ( 40%) committed,  1 nodes.
      Class space:        1.00 GB reserved,       4.25 MB ( <1%) committed,  1 nodes.
             Both:        1.06 GB reserved,      29.94 MB (  3%) committed. 

Chunk freelists:
   Non-Class:  5.78 MB
       Class:  11.78 MB
        Both:  17.56 MB

MaxMetaspaceSize: unlimited
CompressedClassSpaceSize: 1.00 GB
Initial GC threshold: 21.00 MB
Current GC threshold: 33.69 MB
CDS: on
 - commit_granule_bytes: 65536.
 - commit_granule_words: 8192.
 - virtual_space_node_default_size: 8388608.
 - enlarge_chunks_in_place: 1.
 - use_allocation_guard: 0.


Internal statistics:

num_allocs_failed_limit: 0.
num_arena_births: 754.
num_arena_deaths: 0.
num_vsnodes_births: 2.
num_vsnodes_deaths: 0.
num_space_committed: 479.
num_space_uncommitted: 0.
num_chunks_returned_to_freelist: 0.
num_chunks_taken_from_freelist: 1813.
num_chunk_merges: 0.
num_chunk_splits: 1226.
num_chunks_enlarged: 851.
num_inconsistent_stats: 0.

CodeCache: size=49152Kb used=9454Kb max_used=9454Kb free=39697Kb
 bounds [0x000001cb1d5e0000, 0x000001cb1df20000, 0x000001cb205e0000]
 total_blobs=4594 nmethods=4047 adapters=467
 compilation: enabled
              stopped_count=0, restarted_count=0
 full_count=0

Compilation events (20 events):
Event: 2.580 Thread 0x000001cb25b3c260 4039       1       org.springframework.beans.factory.InjectionPoint::getMethodParameter (5 bytes)
Event: 2.580 Thread 0x000001cb25b3c260 nmethod 4039 0x000001cb1df18d10 code [0x000001cb1df18ea0, 0x000001cb1df18f68]
Event: 2.594 Thread 0x000001cb25b3c260 4040       1       java.lang.invoke.LambdaForm$Name::<init> (9 bytes)
Event: 2.594 Thread 0x000001cb25b3c260 nmethod 4040 0x000001cb1df19010 code [0x000001cb1df191c0, 0x000001cb1df192b0]
Event: 2.597 Thread 0x000001cb25b3c930 4041       1       org.springframework.util.AntPathMatcher::isPotentialMatch (116 bytes)
Event: 2.597 Thread 0x000001cb25b3c930 nmethod 4041 0x000001cb1df19310 code [0x000001cb1df19500, 0x000001cb1df19938]
Event: 2.598 Thread 0x000001cb25b3dda0 4042       1       sun.nio.fs.WindowsPath::equals (28 bytes)
Event: 2.598 Thread 0x000001cb25b3c260 4043       1       java.nio.file.FileTreeWalker$DirectoryNode::directory (5 bytes)
Event: 2.598 Thread 0x000001cb25b3c260 nmethod 4043 0x000001cb1df19d10 code [0x000001cb1df19ea0, 0x000001cb1df19f68]
Event: 2.598 Thread 0x000001cb25b3dda0 nmethod 4042 0x000001cb1df1a010 code [0x000001cb1df1a1c0, 0x000001cb1df1a378]
Event: 2.599 Thread 0x000001cb25b3dda0 4044       1       org.springframework.core.type.AnnotationMetadata::hasAnnotation (13 bytes)
Event: 2.599 Thread 0x000001cb254d0250 4045       1       org.springframework.core.type.filter.AnnotationTypeFilter::matchSelf (52 bytes)
Event: 2.599 Thread 0x000001cb25b3dda0 nmethod 4044 0x000001cb1df1a410 code [0x000001cb1df1a5c0, 0x000001cb1df1a6e8]
Event: 2.599 Thread 0x000001cb254d0250 nmethod 4045 0x000001cb1df1a790 code [0x000001cb1df1a960, 0x000001cb1df1ab88]
Event: 2.599 Thread 0x000001cb254d0250 4046   !   1       jdk.proxy2.$Proxy36::annotationType (29 bytes)
Event: 2.599 Thread 0x000001cb254d0250 nmethod 4046 0x000001cb1df1ad10 code [0x000001cb1df1aee0, 0x000001cb1df1b110]
Event: 2.606 Thread 0x000001cb254d0250 4047       1       org.springframework.boot.web.servlet.context.ServletWebServerApplicationContext::getServletConfig (5 bytes)
Event: 2.606 Thread 0x000001cb25b3c930 4048       1       org.springframework.web.context.support.ServletContextAwareProcessor::getServletConfig (5 bytes)
Event: 2.606 Thread 0x000001cb25b3c930 nmethod 4048 0x000001cb1df1b290 code [0x000001cb1df1b420, 0x000001cb1df1b4e8]
Event: 2.606 Thread 0x000001cb254d0250 nmethod 4047 0x000001cb1df1b590 code [0x000001cb1df1b720, 0x000001cb1df1b7f0]

GC Heap History (11 events):
Event: 0.664 GC heap before
{Heap before GC invocations=0 (full 0):
 garbage-first heap   total 129024K, used 23552K [0x0000000083200000, 0x0000000100000000)
  region size 1024K, 23 young (23552K), 0 survivors (0K)
 Metaspace       used 7287K, committed 7552K, reserved 1114112K
  class space    used 895K, committed 1024K, reserved 1048576K
}
Event: 0.670 GC heap after
{Heap after GC invocations=1 (full 0):
 garbage-first heap   total 129024K, used 7253K [0x0000000083200000, 0x0000000100000000)
  region size 1024K, 3 young (3072K), 3 survivors (3072K)
 Metaspace       used 7287K, committed 7552K, reserved 1114112K
  class space    used 895K, committed 1024K, reserved 1048576K
}
Event: 1.170 GC heap before
{Heap before GC invocations=1 (full 0):
 garbage-first heap   total 129024K, used 35925K [0x0000000083200000, 0x0000000100000000)
  region size 1024K, 31 young (31744K), 3 survivors (3072K)
 Metaspace       used 14500K, committed 14912K, reserved 1114112K
  class space    used 1873K, committed 2048K, reserved 1048576K
}
Event: 1.176 GC heap after
{Heap after GC invocations=2 (full 0):
 garbage-first heap   total 129024K, used 10085K [0x0000000083200000, 0x0000000100000000)
  region size 1024K, 3 young (3072K), 3 survivors (3072K)
 Metaspace       used 14500K, committed 14912K, reserved 1114112K
  class space    used 1873K, committed 2048K, reserved 1048576K
}
Event: 1.518 GC heap before
{Heap before GC invocations=2 (full 0):
 garbage-first heap   total 129024K, used 41829K [0x0000000083200000, 0x0000000100000000)
  region size 1024K, 36 young (36864K), 3 survivors (3072K)
 Metaspace       used 20353K, committed 20672K, reserved 1114112K
  class space    used 2673K, committed 2816K, reserved 1048576K
}
Event: 1.526 GC heap after
{Heap after GC invocations=3 (full 0):
 garbage-first heap   total 129024K, used 13418K [0x0000000083200000, 0x0000000100000000)
  region size 1024K, 6 young (6144K), 6 survivors (6144K)
 Metaspace       used 20353K, committed 20672K, reserved 1114112K
  class space    used 2673K, committed 2816K, reserved 1048576K
}
Event: 1.969 GC heap before
{Heap before GC invocations=4 (full 0):
 garbage-first heap   total 51200K, used 37994K [0x0000000083200000, 0x0000000100000000)
  region size 1024K, 30 young (30720K), 6 survivors (6144K)
 Metaspace       used 22995K, committed 23296K, reserved 1114112K
  class space    used 3066K, committed 3200K, reserved 1048576K
}
Event: 1.977 GC heap after
{Heap after GC invocations=5 (full 0):
 garbage-first heap   total 51200K, used 14614K [0x0000000083200000, 0x0000000100000000)
  region size 1024K, 2 young (2048K), 2 survivors (2048K)
 Metaspace       used 22995K, committed 23296K, reserved 1114112K
  class space    used 3066K, committed 3200K, reserved 1048576K
}
Event: 2.320 GC heap before
{Heap before GC invocations=5 (full 0):
 garbage-first heap   total 51200K, used 38166K [0x0000000083200000, 0x0000000100000000)
  region size 1024K, 25 young (25600K), 2 survivors (2048K)
 Metaspace       used 26564K, committed 27136K, reserved 1114112K
  class space    used 3639K, committed 3904K, reserved 1048576K
}
Event: 2.327 GC heap after
{Heap after GC invocations=6 (full 0):
 garbage-first heap   total 51200K, used 17135K [0x0000000083200000, 0x0000000100000000)
  region size 1024K, 4 young (4096K), 4 survivors (4096K)
 Metaspace       used 26564K, committed 27136K, reserved 1114112K
  class space    used 3639K, committed 3904K, reserved 1048576K
}
Event: 2.618 GC heap before
{Heap before GC invocations=6 (full 0):
 garbage-first heap   total 51200K, used 40687K [0x0000000083200000, 0x0000000100000000)
  region size 1024K, 27 young (27648K), 4 survivors (4096K)
 Metaspace       used 30071K, committed 30656K, reserved 1114112K
  class space    used 4096K, committed 4352K, reserved 1048576K
}

Dll operation events (12 events):
Event: 0.008 Loaded shared library C:\Users\User\.jdks\openjdk-21.0.1\bin\java.dll
Event: 0.114 Loaded shared library C:\Users\User\.jdks\openjdk-21.0.1\bin\zip.dll
Event: 0.116 Loaded shared library C:\Users\User\.jdks\openjdk-21.0.1\bin\instrument.dll
Event: 0.121 Loaded shared library C:\Users\User\.jdks\openjdk-21.0.1\bin\net.dll
Event: 0.123 Loaded shared library C:\Users\User\.jdks\openjdk-21.0.1\bin\nio.dll
Event: 0.125 Loaded shared library C:\Users\User\.jdks\openjdk-21.0.1\bin\zip.dll
Event: 0.182 Loaded shared library C:\Program Files\JetBrains\IntelliJ IDEA 2024.2.4\bin\breakgen64.dll
Event: 0.187 Loaded shared library C:\Users\User\.jdks\openjdk-21.0.1\bin\jimage.dll
Event: 0.191 Loaded shared library C:\Users\User\.jdks\openjdk-21.0.1\bin\extnet.dll
Event: 0.203 Loaded shared library C:\Users\User\.jdks\openjdk-21.0.1\bin\management.dll
Event: 0.214 Loaded shared library C:\Users\User\.jdks\openjdk-21.0.1\bin\management_ext.dll
Event: 1.381 Loaded shared library C:\Users\User\.jdks\openjdk-21.0.1\bin\sunmscapi.dll

Deoptimization events (8 events):
Event: 0.326 Thread 0x000001cb1303d610 DEOPT PACKING pc=0x000001cb1d952a5d sp=0x00000025190fd320
Event: 0.326 Thread 0x000001cb1303d610 DEOPT UNPACKING pc=0x000001cb1d6388e2 sp=0x00000025190fc7d0 mode 3
Event: 0.337 Thread 0x000001cb1303d610 DEOPT PACKING pc=0x000001cb1d9f83e0 sp=0x00000025190fd220
Event: 0.337 Thread 0x000001cb1303d610 DEOPT UNPACKING pc=0x000001cb1d6388e2 sp=0x00000025190fc6d8 mode 3
Event: 1.206 Thread 0x000001cb1303d610 DEOPT PACKING pc=0x000001cb1dc46679 sp=0x00000025190fd5b0
Event: 1.206 Thread 0x000001cb1303d610 DEOPT UNPACKING pc=0x000001cb1d6388e2 sp=0x00000025190fca90 mode 3
Event: 2.199 Thread 0x000001cb1303d610 DEOPT PACKING pc=0x000001cb1ddc9594 sp=0x00000025190fd330
Event: 2.199 Thread 0x000001cb1303d610 DEOPT UNPACKING pc=0x000001cb1d6388e2 sp=0x00000025190fc7e8 mode 0

Classes loaded (20 events):
Event: 2.511 Loading class java/nio/charset/UnsupportedCharsetException
Event: 2.511 Loading class java/nio/charset/UnsupportedCharsetException done
Event: 2.518 Loading class java/lang/ExceptionInInitializerError
Event: 2.518 Loading class java/lang/ExceptionInInitializerError done
Event: 2.519 Loading class sun/util/resources/LocaleData$CommonResourceBundleProvider
Event: 2.519 Loading class sun/util/resources/LocaleData$LocaleDataResourceBundleProvider
Event: 2.519 Loading class java/util/spi/ResourceBundleProvider
Event: 2.519 Loading class java/util/spi/ResourceBundleProvider done
Event: 2.519 Loading class sun/util/resources/LocaleData$LocaleDataResourceBundleProvider done
Event: 2.519 Loading class sun/util/resources/LocaleData$CommonResourceBundleProvider done
Event: 2.519 Loading class sun/util/resources/Bundles$2
Event: 2.519 Loading class sun/util/resources/Bundles$2 done
Event: 2.541 Loading class java/lang/SafeVarargs
Event: 2.541 Loading class java/lang/SafeVarargs done
Event: 2.541 Loading class sun/reflect/generics/reflectiveObjects/GenericArrayTypeImpl
Event: 2.542 Loading class sun/reflect/generics/reflectiveObjects/GenericArrayTypeImpl done
Event: 2.590 Loading class javax/naming/Referenceable
Event: 2.590 Loading class javax/naming/Referenceable done
Event: 2.606 Loading class java/lang/instrument/ClassFileTransformer
Event: 2.606 Loading class java/lang/instrument/ClassFileTransformer done

Classes unloaded (0 events):
No events

Classes redefined (0 events):
No events

Internal exceptions (20 events):
Event: 2.180 Thread 0x000001cb1303d610 Exception <a 'java/lang/NoSuchMethodError'{0x0000000085699f10}: 'java.lang.Object java.lang.invoke.DirectMethodHandle$Holder.invokeStatic(java.lang.Object, java.lang.Object, java.lang.Object, java.lang.Object, int)'> (0x0000000085699f10) 
thrown [s\open\src\hotspot\share\interpreter\linkResolver.cpp, line 773]
Event: 2.180 Thread 0x000001cb1303d610 Exception <a 'java/lang/NoSuchMethodError'{0x00000000856a12c0}: 'void java.lang.invoke.DelegatingMethodHandle$Holder.reinvoke_L(java.lang.Object, java.lang.Object, int)'> (0x00000000856a12c0) 
thrown [s\open\src\hotspot\share\interpreter\linkResolver.cpp, line 773]
Event: 2.241 Thread 0x000001cb1303d610 Exception <a 'java/lang/NoSuchMethodError'{0x0000000085289c18}: 'java.lang.Object java.lang.invoke.DirectMethodHandle$Holder.invokeVirtual(java.lang.Object, java.lang.Object, java.lang.Object, java.lang.Object, java.lang.Object)'> (0x0000000085289c18) 
thrown [s\open\src\hotspot\share\interpreter\linkResolver.cpp, line 773]
Event: 2.280 Thread 0x000001cb1303d610 Exception <a 'java/lang/NoSuchMethodError'{0x0000000084f3d798}: 'java.lang.reflect.Field[] java.lang.Class.getDeclaredFields(java.lang.Class)'> (0x0000000084f3d798) 
thrown [s\open\src\hotspot\share\interpreter\linkResolver.cpp, line 773]
Event: 2.293 Thread 0x000001cb1303d610 Exception <a 'java/lang/NoSuchMethodError'{0x0000000084e55440}: 'java.lang.Object java.lang.invoke.DirectMethodHandle$Holder.invokeVirtual(java.lang.Object, java.lang.Object, java.lang.Object, java.lang.Object, java.lang.Object, java.lang.Object)'> (0x0000000084e55440) 
thrown [s\open\src\hotspot\share\interpreter\linkResolver.cpp, line 773]
Event: 2.316 Thread 0x000001cb1303d610 Exception <a 'java/lang/NoSuchMethodError'{0x0000000084d82b60}: 'void java.lang.invoke.DirectMethodHandle$Holder.invokeInterface(java.lang.Object, java.lang.Object, int)'> (0x0000000084d82b60) 
thrown [s\open\src\hotspot\share\interpreter\linkResolver.cpp, line 773]
Event: 2.318 Thread 0x000001cb1303d610 Exception <a 'java/lang/IncompatibleClassChangeError'{0x0000000084dc4d00}: Found class java.lang.Object, but interface was expected> (0x0000000084dc4d00) 
thrown [s\open\src\hotspot\share\interpreter\linkResolver.cpp, line 840]
Event: 2.319 Thread 0x000001cb1303d610 Exception <a 'java/lang/NoSuchMethodError'{0x0000000084de2548}: 'void java.lang.invoke.DirectMethodHandle$Holder.invokeStatic(java.lang.Object, int, java.lang.Object)'> (0x0000000084de2548) 
thrown [s\open\src\hotspot\share\interpreter\linkResolver.cpp, line 773]
Event: 2.329 Thread 0x000001cb1303d610 Exception <a 'java/lang/NoSuchMethodError'{0x000000008af18b78}: 'void java.lang.invoke.DirectMethodHandle$Holder.invokeStatic(java.lang.Object, java.lang.Object, java.lang.Object, int, java.lang.Object)'> (0x000000008af18b78) 
thrown [s\open\src\hotspot\share\interpreter\linkResolver.cpp, line 773]
Event: 2.329 Thread 0x000001cb1303d610 Exception <a 'java/lang/NoSuchMethodError'{0x000000008af1f3b8}: 'java.lang.Object java.lang.invoke.DirectMethodHandle$Holder.newInvokeSpecial(java.lang.Object, java.lang.Object, java.lang.Object, int)'> (0x000000008af1f3b8) 
thrown [s\open\src\hotspot\share\interpreter\linkResolver.cpp, line 773]
Event: 2.329 Thread 0x000001cb1303d610 Exception <a 'java/lang/NoSuchMethodError'{0x000000008af23238}: 'java.lang.Object java.lang.invoke.DirectMethodHandle$Holder.invokeSpecial(java.lang.Object, java.lang.Object, java.lang.Object, java.lang.Object, int)'> (0x000000008af23238) 
thrown [s\open\src\hotspot\share\interpreter\linkResolver.cpp, line 773]
Event: 2.329 Thread 0x000001cb1303d610 Exception <a 'java/lang/NoSuchMethodError'{0x000000008af266c0}: 'java.lang.Object java.lang.invoke.Invokers$Holder.linkToTargetMethod(java.lang.Object, java.lang.Object, int, java.lang.Object)'> (0x000000008af266c0) 
thrown [s\open\src\hotspot\share\interpreter\linkResolver.cpp, line 773]
Event: 2.435 Thread 0x000001cb1303d610 Exception <a 'java/lang/NoSuchMethodError'{0x0000000085b22348}: 'int java.lang.invoke.DirectMethodHandle$Holder.invokeVirtual(java.lang.Object, java.lang.Object, java.lang.Object, java.lang.Object)'> (0x0000000085b22348) 
thrown [s\open\src\hotspot\share\interpreter\linkResolver.cpp, line 773]
Event: 2.435 Thread 0x000001cb1303d610 Exception <a 'java/lang/NoSuchMethodError'{0x0000000085b25db0}: 'int java.lang.invoke.DelegatingMethodHandle$Holder.reinvoke_L(java.lang.Object, java.lang.Object, java.lang.Object, java.lang.Object)'> (0x0000000085b25db0) 
thrown [s\open\src\hotspot\share\interpreter\linkResolver.cpp, line 773]
Event: 2.481 Thread 0x000001cb1303d610 Exception <a 'java/io/FileNotFoundException'{0x0000000085968660}> (0x0000000085968660) 
thrown [s\open\src\hotspot\share\prims\jni.cpp, line 520]
Event: 2.504 Thread 0x000001cb1303d610 Exception <a 'java/lang/NoSuchMethodError'{0x0000000085710dc8}: 'int java.lang.invoke.DirectMethodHandle$Holder.invokeInterface(java.lang.Object, java.lang.Object, java.lang.Object, java.lang.Object)'> (0x0000000085710dc8) 
thrown [s\open\src\hotspot\share\interpreter\linkResolver.cpp, line 773]
Event: 2.559 Thread 0x000001cb1303d610 Exception <a 'java/lang/NoSuchMethodError'{0x000000008523a4a8}: 'void java.lang.invoke.DirectMethodHandle$Holder.invokeVirtual(java.lang.Object, java.lang.Object, long)'> (0x000000008523a4a8) 
thrown [s\open\src\hotspot\share\interpreter\linkResolver.cpp, line 773]
Event: 2.559 Thread 0x000001cb1303d610 Exception <a 'java/lang/NoSuchMethodError'{0x000000008523e6a0}: 'long java.lang.invoke.DirectMethodHandle$Holder.invokeStatic(java.lang.Object, java.lang.Object, int)'> (0x000000008523e6a0) 
thrown [s\open\src\hotspot\share\interpreter\linkResolver.cpp, line 773]
Event: 2.559 Thread 0x000001cb1303d610 Exception <a 'java/lang/NoSuchMethodError'{0x0000000085248f70}: 'void java.lang.invoke.DelegatingMethodHandle$Holder.reinvoke_L(java.lang.Object, java.lang.Object, long)'> (0x0000000085248f70) 
thrown [s\open\src\hotspot\share\interpreter\linkResolver.cpp, line 773]
Event: 2.574 Thread 0x000001cb1303d610 Exception <a 'java/lang/NoSuchMethodError'{0x000000008506c4e8}: 'java.lang.Object java.lang.invoke.DirectMethodHandle$Holder.newInvokeSpecial(java.lang.Object, java.lang.Object, java.lang.Object, java.lang.Object, java.lang.Object, java.lang.Object, java.lang.Object, java.lang.Object, java.lang.Object, java.lang.Object, java.lang.Object)'> (0x000000008506c4e8) 
thrown [s\open\src\hotspot\share\interpreter\linkResolver.cpp, line 773]

ZGC Phase Switch (0 events):
No events

VM Operations (20 events):
Event: 2.094 Executing VM operation: HandshakeAllThreads (Deoptimize) done
Event: 2.185 Executing VM operation: HandshakeAllThreads (Deoptimize)
Event: 2.185 Executing VM operation: HandshakeAllThreads (Deoptimize) done
Event: 2.197 Executing VM operation: HandshakeAllThreads (Deoptimize)
Event: 2.197 Executing VM operation: HandshakeAllThreads (Deoptimize) done
Event: 2.198 Executing VM operation: HandshakeAllThreads (Deoptimize)
Event: 2.198 Executing VM operation: HandshakeAllThreads (Deoptimize) done
Event: 2.320 Executing VM operation: G1CollectForAllocation (G1 Evacuation Pause)
Event: 2.327 Executing VM operation: G1CollectForAllocation (G1 Evacuation Pause) done
Event: 2.428 Executing VM operation: HandshakeAllThreads (Deoptimize)
Event: 2.428 Executing VM operation: HandshakeAllThreads (Deoptimize) done
Event: 2.429 Executing VM operation: HandshakeAllThreads (Deoptimize)
Event: 2.429 Executing VM operation: HandshakeAllThreads (Deoptimize) done
Event: 2.464 Executing VM operation: HandshakeAllThreads (Deoptimize)
Event: 2.464 Executing VM operation: HandshakeAllThreads (Deoptimize) done
Event: 2.475 Executing VM operation: HandshakeAllThreads (Deoptimize)
Event: 2.475 Executing VM operation: HandshakeAllThreads (Deoptimize) done
Event: 2.572 Executing VM operation: HandshakeAllThreads (Deoptimize)
Event: 2.572 Executing VM operation: HandshakeAllThreads (Deoptimize) done
Event: 2.618 Executing VM operation: G1CollectForAllocation (G1 Evacuation Pause)

Events (20 events):
Event: 0.041 Thread 0x000001cb254d0250 Thread added: 0x000001cb254d0250
Event: 0.099 Thread 0x000001cb25adbf60 Thread added: 0x000001cb25adbf60
Event: 0.106 Thread 0x000001cb25b3c260 Thread added: 0x000001cb25b3c260
Event: 0.106 Thread 0x000001cb25b3c930 Thread added: 0x000001cb25b3c930
Event: 0.183 Thread 0x000001cb6b13e6a0 Thread added: 0x000001cb6b13e6a0
Event: 0.183 Thread 0x000001cb6b142e60 Thread added: 0x000001cb6b142e60
Event: 0.329 Thread 0x000001cb25b3dda0 Thread added: 0x000001cb25b3dda0
Event: 0.447 Thread 0x000001cb6b3e6ef0 Thread added: 0x000001cb6b3e6ef0
Event: 1.071 Thread 0x000001cb6bc7b4b0 Thread added: 0x000001cb6bc7b4b0
Event: 1.120 Thread 0x000001cb6bd8b750 Thread added: 0x000001cb6bd8b750
Event: 1.146 Thread 0x000001cb6be88d40 Thread added: 0x000001cb6be88d40
Event: 1.152 Thread 0x000001cb6bebc940 Thread added: 0x000001cb6bebc940
Event: 1.183 Thread 0x000001cb6bebc940 Thread exited: 0x000001cb6bebc940
Event: 1.386 Thread 0x000001cb6c0dd210 Thread added: 0x000001cb6c0dd210
Event: 1.388 Thread 0x000001cb6bc7b4b0 Thread exited: 0x000001cb6bc7b4b0
Event: 1.405 Thread 0x000001cb6c0dd210 Thread exited: 0x000001cb6c0dd210
Event: 1.686 Thread 0x000001cb6c3353f0 Thread added: 0x000001cb6c3353f0
Event: 1.690 Thread 0x000001cb6c3353f0 Thread exited: 0x000001cb6c3353f0
Event: 2.193 Thread 0x000001cb6c6c90a0 Thread added: 0x000001cb6c6c90a0
Event: 2.197 Thread 0x000001cb6c6c90a0 Thread exited: 0x000001cb6c6c90a0


Dynamic libraries:
0x00007ff69dab0000 - 0x00007ff69dabe000 	C:\Users\User\.jdks\openjdk-21.0.1\bin\java.exe
0x00007ffafb150000 - 0x00007ffafb367000 	C:\WINDOWS\SYSTEM32\ntdll.dll
0x00007ffafaab0000 - 0x00007ffafab74000 	C:\WINDOWS\System32\KERNEL32.DLL
0x00007ffaf8880000 - 0x00007ffaf8c3a000 	C:\WINDOWS\System32\KERNELBASE.dll
0x00007ffaf8d30000 - 0x00007ffaf8e41000 	C:\WINDOWS\System32\ucrtbase.dll
0x00007ffaee160000 - 0x00007ffaee178000 	C:\Users\User\.jdks\openjdk-21.0.1\bin\jli.dll
0x00007ffaee140000 - 0x00007ffaee15b000 	C:\Users\User\.jdks\openjdk-21.0.1\bin\VCRUNTIME140.dll
0x00007ffafaee0000 - 0x00007ffafb08e000 	C:\WINDOWS\System32\USER32.dll
0x00007ffaf8c40000 - 0x00007ffaf8c66000 	C:\WINDOWS\System32\win32u.dll
0x00007ffafa300000 - 0x00007ffafa329000 	C:\WINDOWS\System32\GDI32.dll
0x00007ffae29f0000 - 0x00007ffae2c82000 	C:\WINDOWS\WinSxS\amd64_microsoft.windows.common-controls_6595b64144ccf1df_6.0.22621.4541_none_2710d1c57384c085\COMCTL32.dll
0x00007ffaf8730000 - 0x00007ffaf884b000 	C:\WINDOWS\System32\gdi32full.dll
0x00007ffaf8420000 - 0x00007ffaf84ba000 	C:\WINDOWS\System32\msvcp_win.dll
0x00007ffaf8f70000 - 0x00007ffaf9017000 	C:\WINDOWS\System32\msvcrt.dll
0x00007ffafab80000 - 0x00007ffafabb1000 	C:\WINDOWS\System32\IMM32.DLL
0x00007ffaf4a80000 - 0x00007ffaf4a8c000 	C:\Users\User\.jdks\openjdk-21.0.1\bin\vcruntime140_1.dll
0x00007ffade150000 - 0x00007ffade1de000 	C:\Users\User\.jdks\openjdk-21.0.1\bin\msvcp140.dll
0x00007ffab3640000 - 0x00007ffab4355000 	C:\Users\User\.jdks\openjdk-21.0.1\bin\server\jvm.dll
0x00007ffaf99c0000 - 0x00007ffaf9a72000 	C:\WINDOWS\System32\ADVAPI32.dll
0x00007ffaf93b0000 - 0x00007ffaf9457000 	C:\WINDOWS\System32\sechost.dll
0x00007ffaf8850000 - 0x00007ffaf8878000 	C:\WINDOWS\System32\bcrypt.dll
0x00007ffaf8e50000 - 0x00007ffaf8f64000 	C:\WINDOWS\System32\RPCRT4.dll
0x00007ffaf9940000 - 0x00007ffaf99b1000 	C:\WINDOWS\System32\WS2_32.dll
0x00007ffaf8140000 - 0x00007ffaf818d000 	C:\WINDOWS\SYSTEM32\POWRPROF.dll
0x00007ffaf3980000 - 0x00007ffaf39b4000 	C:\WINDOWS\SYSTEM32\WINMM.dll
0x00007ffaf39c0000 - 0x00007ffaf39ca000 	C:\WINDOWS\SYSTEM32\VERSION.dll
0x00007ffaf8120000 - 0x00007ffaf8133000 	C:\WINDOWS\SYSTEM32\UMPDC.dll
0x00007ffaf7420000 - 0x00007ffaf7438000 	C:\WINDOWS\SYSTEM32\kernel.appcore.dll
0x00007ffaee130000 - 0x00007ffaee13a000 	C:\Users\User\.jdks\openjdk-21.0.1\bin\jimage.dll
0x00007ffaf5dd0000 - 0x00007ffaf6002000 	C:\WINDOWS\SYSTEM32\DBGHELP.DLL
0x00007ffaf9020000 - 0x00007ffaf93af000 	C:\WINDOWS\System32\combase.dll
0x00007ffaf9630000 - 0x00007ffaf9707000 	C:\WINDOWS\System32\OLEAUT32.dll
0x00007ffac8bc0000 - 0x00007ffac8bf2000 	C:\WINDOWS\SYSTEM32\dbgcore.DLL
0x00007ffaf84c0000 - 0x00007ffaf853b000 	C:\WINDOWS\System32\bcryptPrimitives.dll
0x00007ffaee080000 - 0x00007ffaee08f000 	C:\Users\User\.jdks\openjdk-21.0.1\bin\instrument.dll
0x00007ffaedf50000 - 0x00007ffaedf6f000 	C:\Users\User\.jdks\openjdk-21.0.1\bin\java.dll
0x00007ffaf9a80000 - 0x00007ffafa2f8000 	C:\WINDOWS\System32\SHELL32.dll
0x00007ffaf6310000 - 0x00007ffaf6c18000 	C:\WINDOWS\SYSTEM32\windows.storage.dll
0x00007ffaf61d0000 - 0x00007ffaf630f000 	C:\WINDOWS\SYSTEM32\wintypes.dll
0x00007ffaf94c0000 - 0x00007ffaf95ba000 	C:\WINDOWS\System32\SHCORE.dll
0x00007ffaf9460000 - 0x00007ffaf94be000 	C:\WINDOWS\System32\shlwapi.dll
0x00007ffaf8350000 - 0x00007ffaf837b000 	C:\WINDOWS\SYSTEM32\profapi.dll
0x00007ffae1080000 - 0x00007ffae1098000 	C:\Users\User\.jdks\openjdk-21.0.1\bin\zip.dll
0x00007ffae2ed0000 - 0x00007ffae2ee0000 	C:\Users\User\.jdks\openjdk-21.0.1\bin\net.dll
0x00007ffaf4c30000 - 0x00007ffaf4d66000 	C:\WINDOWS\SYSTEM32\WINHTTP.dll
0x00007ffaf7890000 - 0x00007ffaf78f9000 	C:\WINDOWS\system32\mswsock.dll
0x00007ffae2e20000 - 0x00007ffae2e36000 	C:\Users\User\.jdks\openjdk-21.0.1\bin\nio.dll
0x00007ffae0ec0000 - 0x00007ffae0eda000 	C:\Program Files\JetBrains\IntelliJ IDEA 2024.2.4\bin\breakgen64.dll
0x00007ffae2ec0000 - 0x00007ffae2ec7000 	C:\Users\User\.jdks\openjdk-21.0.1\bin\extnet.dll
0x00007ffaf6ea0000 - 0x00007ffaf6fa2000 	C:\WINDOWS\SYSTEM32\DNSAPI.dll
0x00007ffaf6e70000 - 0x00007ffaf6e9d000 	C:\WINDOWS\SYSTEM32\IPHLPAPI.DLL
0x00007ffafa330000 - 0x00007ffafa339000 	C:\WINDOWS\System32\NSI.dll
0x00007ffaf2e10000 - 0x00007ffaf2e1a000 	C:\Windows\System32\rasadhlp.dll
0x00007ffaf1200000 - 0x00007ffaf1283000 	C:\WINDOWS\System32\fwpuclnt.dll
0x00007ffae03c0000 - 0x00007ffae03ca000 	C:\Users\User\.jdks\openjdk-21.0.1\bin\management.dll
0x00007ffae02e0000 - 0x00007ffae02eb000 	C:\Users\User\.jdks\openjdk-21.0.1\bin\management_ext.dll
0x00007ffafa840000 - 0x00007ffafa848000 	C:\WINDOWS\System32\PSAPI.DLL
0x00007ffaf7be0000 - 0x00007ffaf7bfb000 	C:\WINDOWS\SYSTEM32\CRYPTSP.dll
0x00007ffaf7380000 - 0x00007ffaf73b5000 	C:\WINDOWS\system32\rsaenh.dll
0x00007ffaf7930000 - 0x00007ffaf7958000 	C:\WINDOWS\SYSTEM32\USERENV.dll
0x00007ffaf7bc0000 - 0x00007ffaf7bcc000 	C:\WINDOWS\SYSTEM32\CRYPTBASE.dll
0x00007ffa80460000 - 0x00007ffa80477000 	C:\WINDOWS\system32\napinsp.dll
0x00007ffa80440000 - 0x00007ffa8045b000 	C:\WINDOWS\system32\pnrpnsp.dll
0x00007ffa80420000 - 0x00007ffa80431000 	C:\WINDOWS\System32\winrnr.dll
0x00007ffac6b60000 - 0x00007ffac6b75000 	C:\WINDOWS\system32\wshbth.dll
0x00007ffa85d60000 - 0x00007ffa85d87000 	C:\WINDOWS\system32\nlansp_c.dll
0x00007ffae01b0000 - 0x00007ffae01be000 	C:\Users\User\.jdks\openjdk-21.0.1\bin\sunmscapi.dll
0x00007ffaf85c0000 - 0x00007ffaf8726000 	C:\WINDOWS\System32\CRYPT32.dll
0x00007ffaf7cf0000 - 0x00007ffaf7d1d000 	C:\WINDOWS\SYSTEM32\ncrypt.dll
0x00007ffaf7cb0000 - 0x00007ffaf7ce7000 	C:\WINDOWS\SYSTEM32\NTASN1.dll

dbghelp: loaded successfully - version: 4.0.5 - missing functions: none
symbol engine: initialized successfully - sym options: 0x614 - pdb path: .;C:\Users\User\.jdks\openjdk-21.0.1\bin;C:\WINDOWS\SYSTEM32;C:\WINDOWS\WinSxS\amd64_microsoft.windows.common-controls_6595b64144ccf1df_6.0.22621.4541_none_2710d1c57384c085;C:\Users\User\.jdks\openjdk-21.0.1\bin\server;C:\Program Files\JetBrains\IntelliJ IDEA 2024.2.4\bin

VM Arguments:
jvm_args: -XX:TieredStopAtLevel=1 -Dspring.output.ansi.enabled=always -Dcom.sun.management.jmxremote -Dspring.jmx.enabled=true -Dspring.liveBeansView.mbeanDomain -Dspring.application.admin.enabled=true -Dmanagement.endpoints.jmx.exposure.include=* -javaagent:C:\Program Files\JetBrains\IntelliJ IDEA 2024.2.4\lib\idea_rt.jar=55149:C:\Program Files\JetBrains\IntelliJ IDEA 2024.2.4\bin -Dfile.encoding=UTF-8 -Dsun.stdout.encoding=UTF-8 -Dsun.stderr.encoding=UTF-8 
java_command: mk.ukim.finki.wp.lab.Lab1bApplication
java_class_path (initial): C:\Users\User\IdeaProjects\laboratoriska3\laboratoriska2-master\laboratoriska2\lab2\target\classes;C:\Users\User\.m2\repository\org\springframework\boot\spring-boot-starter-thymeleaf\3.3.5\spring-boot-starter-thymeleaf-3.3.5.jar;C:\Users\User\.m2\repository\org\springframework\boot\spring-boot-starter\3.3.5\spring-boot-starter-3.3.5.jar;C:\Users\User\.m2\repository\org\springframework\boot\spring-boot\3.3.5\spring-boot-3.3.5.jar;C:\Users\User\.m2\repository\org\springframework\boot\spring-boot-autoconfigure\3.3.5\spring-boot-autoconfigure-3.3.5.jar;C:\Users\User\.m2\repository\org\springframework\boot\spring-boot-starter-logging\3.3.5\spring-boot-starter-logging-3.3.5.jar;C:\Users\User\.m2\repository\ch\qos\logback\logback-classic\1.5.11\logback-classic-1.5.11.jar;C:\Users\User\.m2\repository\ch\qos\logback\logback-core\1.5.11\logback-core-1.5.11.jar;C:\Users\User\.m2\repository\org\apache\logging\log4j\log4j-to-slf4j\2.23.1\log4j-to-slf4j-2.23.1.jar;C:\Users\User\.m2\repository\org\apache\logging\log4j\log4j-api\2.23.1\log4j-api-2.23.1.jar;C:\Users\User\.m2\repository\org\slf4j\jul-to-slf4j\2.0.16\jul-to-slf4j-2.0.16.jar;C:\Users\User\.m2\repository\jakarta\annotation\jakarta.annotation-api\2.1.1\jakarta.annotation-api-2.1.1.jar;C:\Users\User\.m2\repository\org\yaml\snakeyaml\2.2\snakeyaml-2.2.jar;C:\Users\User\.m2\repository\org\thymeleaf\thymeleaf-spring6\3.1.2.RELEASE\thymeleaf-spring6-3.1.2.RELEASE.jar;C:\Users\User\.m2\repository\org\thymeleaf\thymeleaf\3.1.2.RELEASE\thymeleaf-3.1.2.RELEASE.jar;C:\Users\User\.m2\repository\org\attoparser\attoparser\2.0.7.RELEASE\attoparser-2.0.7.RELEASE.jar;C:\Users\User\.m2\repository\org\unbescape\unbescape\1.1.6.RELEASE\unbescape-1.1.6.RELEASE.jar;C:\Users\User\.m2\repository\org\slf4j\slf4j-api\2.0.16\slf4j-api-2.0.16.jar;C:\Users\User\.m2\repository\org\springframework\boot\spring-boot-starter-web\3.3.5\spring-boot-starter-web-3.3.5.jar;C:\Users\User\.m2\repository\org\springframework\boot\spring-boot-starter-json\3.3.5\spring-boot-starter-json-3.3.5.jar;C:\Users\User\.m2\repository\com\fasterxml\jackson\core\jackson-databind\2.17.2\jackson-databind-2.17.2.jar;C:\Users\User\.m2\repository\com\fasterxml\jackson\core\jackson-annotations\2.17.2\jackson-annotations-2.17.2.jar;C:\Users\User\.m2\repository\com\fasterxml\jackson\core\jackson-core\2.17.2\jackson-core-2.17.2.jar;C:\Users\User\.m2\repository\com\fasterxml\jackson\datatype\jackson-datatype-jdk8\2.17.2\jackson-datatype-jdk8-2.17.2.jar;C:\Users\User\.m2\repository\com\fasterxml\jackson\datatype\jackson-datatype-jsr310\2.17.2\jackson-datatype-jsr310-2.17.2.jar;C:\Users\User\.m2\repository\com\fasterxml\jackson\module\jackson-module-parameter-names\2.17.2\jackson-module-parameter-names-2.17.2.jar;C:\Users\User\.m2\repository\org\springframework\boot\spring-boot-starter-tomcat\3.3.5\spring-boot-starter-tomcat-3.3.5.jar;C:\Users\User\.m2\repository\org\apache\tomcat\embed\tomcat-embed-core\10.1.31\tomcat-embed-core-10.1.31.jar;C:\Users\User\.m2\repository\org\apache\tomcat\embed\tomcat-embed-el\10.1.31\tomcat-embed-el-10.1.31.jar;C:\Users\User\.m2\repository\org\apache\tomcat\embed\tomcat-embed-websocket\10.1.31\tomcat-embed-websocket-10.1.31.jar;C:\Users\User\.m2\repository\org\springframework\spring-web\6.1.14\spring-web-6.1.14.jar;C:\Users\User\.m2\repository\org\springframework\spring-beans\6.1.14\spring-beans-6.1.14.jar;C:\Users\User\.m2\repository\io\micrometer\micrometer-observation\1.13.6\micrometer-observation-1.13.6.jar;C:\Users\User\.m2\repository\io\micrometer\micrometer-commons\1.13.6\micrometer-commons-1.13.6.jar;C:\Users\User\.m2\repository\org\springframework\spring-webmvc\6.1.14\spring-webmvc-6.1.14.jar;C:\Users\User\.m2\repository\org\springframework\spring-aop\6.1.14\spring-aop-6.1.14.jar;C:\Users\User\.m2\repository\org\springframework\spring-context\6.1.14\spring-context-6.1.14.jar;C:\Users\User\.m2\repository\org\springframework\spring-expression\6.1.14\spring-expression-6.1.14.jar;C:\Users\User\.m2\repository\org\projectlombok\lombok\1.18.34\lombok-1.18.34.jar;C:\Users\User\.m2\repository\jakarta\xml\bind\jakarta.xml.bind-api\4.0.2\jakarta.xml.bind-api-4.0.2.jar;C:\Users\User\.m2\repository\jakarta\activation\jakarta.activation-api\2.1.3\jakarta.activation-api-2.1.3.jar;C:\Users\User\.m2\repository\net\bytebuddy\byte-buddy\1.14.19\byte-buddy-1.14.19.jar;C:\Users\User\.m2\repository\org\springframework\spring-core\6.1.14\spring-core-6.1.14.jar;C:\Users\User\.m2\repository\org\springframework\spring-jcl\6.1.14\spring-jcl-6.1.14.jar;C:\Users\User\.m2\repository\org\springframework\boot\spring-boot-starter-data-jpa\3.3.5\spring-boot-starter-data-jpa-3.3.5.jar;C:\Users\User\.m2\repository\org\springframework\boot\spring-boot-starter-aop\3.3.5\spring-boot-starter-aop-3.3.5.jar;C:\Users\User\.m2\repository\org\aspectj\aspectjweaver\1.9.22.1\aspectjweaver-1.9.22.1.jar;C:\Users\User\.m2\repository\org\springframework\boot\spring-boot-starter-jdbc\3.3.5\spring-boot-starter-jdbc-3.3.5.jar;C:\Users\User\.m2\repository\com\zaxxer\HikariCP\5.1.0\HikariCP-5.1.0.jar;C:\Users\User\.m2\repository\org\springframework\spring-jdbc\6.1.14\spring-jdbc-6.1.14.jar;C:\Users\User\.m2\repository\org\hibernate\orm\hibernate-core\6.5.3.Final\hibernate-core-6.5.3.Final.jar;C:\Users\User\.m2\repository\jakarta\persistence\jakarta.persistence-api\3.1.0\jakarta.persistence-api-3.1.0.jar;C:\Users\User\.m2\repository\jakarta\transaction\jakarta.transaction-api\2.0.1\jakarta.transaction-api-2.0.1.jar;C:\Users\User\.m2\repository\org\jboss\logging\jboss-logging\3.5.3.Final\jboss-logging-3.5.3.Final.jar;C:\Users\User\.m2\repository\org\hibernate\common\hibernate-commons-annotations\6.0.6.Final\hibernate-commons-annotations-6.0.6.Final.jar;C:\Users\User\.m2\repository\io\smallrye\jandex\3.1.2\jandex-3.1.2.jar;C:\Users\User\.m2\repository\com\fasterxml\classmate\1.7.0\classmate-1.7.0.jar;C:\Users\User\.m2\repository\org\glassfish\jaxb\jaxb-runtime\4.0.5\jaxb-runtime-4.0.5.jar;C:\Users\User\.m2\repository\org\glassfish\jaxb\jaxb-core\4.0.5\jaxb-core-4.0.5.jar;C:\Users\User\.m2\repository\org\eclipse\angus\angus-activation\2.0.2\angus-activation-2.0.2.jar;C:\Users\User\.m2\repository\org\glassfish\jaxb\txw2\4.0.5\txw2-4.0.5.jar;C:\Users\User\.m2\repository\com\sun\istack\istack-commons-runtime\4.1.2\istack-commons-runtime-4.1.2.jar;C:\Users\User\.m2\repository\jakarta\inject\jakarta.inject-api\2.0.1\jakarta.inject-api-2.0.1.jar;C:\Users\User\.m2\repository\org\antlr\antlr4-runtime\4.13.0\antlr4-runtime-4.13.0.jar;C:\Users\User\.m2\repository\org\springframework\data\spring-data-jpa\3.3.5\spring-data-jpa-3.3.5.jar;C:\Users\User\.m2\repository\org\springframework\data\spring-data-commons\3.3.5\spring-data-commons-3.3.5.jar;C:\Users\User\.m2\repository\org\springframework\spring-orm\6.1.14\spring-orm-6.1.14.jar;C:\Users\User\.m2\repository\org\springframework\spring-tx\6.1.14\spring-tx-6.1.14.jar;C:\Users\User\.m2\repository\org\springframework\spring-aspects\6.1.14\spring-aspects-6.1.14.jar;C:\Users\User\.m2\repository\com\h2database\h2\2.2.224\h2-2.2.224.jar;C:\Users\User\.m2\repository\org\postgresql\postgresql\42.7.4\postgresql-42.7.4.jar;C:\Users\User\.m2\repository\org\checkerframework\checker-qual\3.42.0\checker-qual-3.42.0.jar
Launcher Type: SUN_STANDARD

[Global flags]
     intx CICompilerCount                          = 4                                         {product} {ergonomic}
     uint ConcGCThreads                            = 2                                         {product} {ergonomic}
     uint G1ConcRefinementThreads                  = 8                                         {product} {ergonomic}
   size_t G1HeapRegionSize                         = 1048576                                   {product} {ergonomic}
    uintx GCDrainStackTargetSize                   = 64                                        {product} {ergonomic}
   size_t InitialHeapSize                          = 132120576                                 {product} {ergonomic}
     bool ManagementServer                         = true                                      {product} {command line}
   size_t MarkStackSize                            = 4194304                                   {product} {ergonomic}
   size_t MaxHeapSize                              = 2095054848                                {product} {ergonomic}
   size_t MaxNewSize                               = 1256194048                                {product} {ergonomic}
   size_t MinHeapDeltaBytes                        = 1048576                                   {product} {ergonomic}
   size_t MinHeapSize                              = 8388608                                   {product} {ergonomic}
    uintx NonNMethodCodeHeapSize                   = 4096                                   {pd product} {ergonomic}
    uintx NonProfiledCodeHeapSize                  = 0                                      {pd product} {ergonomic}
     bool ProfileInterpreter                       = false                                  {pd product} {command line}
    uintx ProfiledCodeHeapSize                     = 0                                      {pd product} {ergonomic}
   size_t SoftMaxHeapSize                          = 2095054848                             {manageable} {ergonomic}
     intx TieredStopAtLevel                        = 1                                         {product} {command line}
     bool UseCompressedOops                        = true                           {product lp64_product} {ergonomic}
     bool UseG1GC                                  = true                                      {product} {ergonomic}
     bool UseLargePagesIndividualAllocation        = false                                  {pd product} {ergonomic}

Logging:
Log output configuration:
 #0: stdout all=warning uptime,level,tags foldmultilines=false
 #1: stderr all=off uptime,level,tags foldmultilines=false

Environment Variables:
JAVA_HOME=C:\Program Files\Java\jdk-17
PATH=C:\Program Files\Python313\Scripts\;C:\Program Files\Python313\;C:\WINDOWS\system32;C:\WINDOWS;C:\WINDOWS\System32\Wbem;C:\WINDOWS\System32\WindowsPowerShell\v1.0\;C:\WINDOWS\System32\OpenSSH\;C:\Program Files\Java\jdk-22\bin;C:\Program Files\Java\jdk-17\bin;C:\Users\User\anaconda3;C:\Users\User\anaconda3\Scripts;C:\Users\User\anaconda3\Library\bin;C:\Program Files (x86)\Microsoft SQL Server\160\Tools\Binn\;C:\Program Files\Microsoft SQL Server\160\Tools\Binn\;C:\Program Files\Microsoft SQL Server\Client SDK\ODBC\170\Tools\Binn\;C:\Program Files\Microsoft SQL Server\160\DTS\Binn\;C:\Program Files (x86)\Microsoft SQL Server\160\DTS\Binn\;C:\Users\User\AppData\Local\Microsoft\WindowsApps;C:\Program Files\JetBrains\CLion 2022.3.1\bin;;C:\Program Files\JetBrains\WebStorm 2022.3.2\bin;;C:\Tools\Gradle\gradle-8.7-bin\gradle-8.7\bin;;C:\Users\User\AppData\Local\Programs\Azure Data Studio\bin
USERNAME=User
OS=Windows_NT
PROCESSOR_IDENTIFIER=Intel64 Family 6 Model 140 Stepping 1, GenuineIntel
TMP=C:\Users\User\AppData\Local\Temp
TEMP=C:\Users\User\AppData\Local\Temp




Periodic native trim disabled

---------------  S Y S T E M  ---------------

OS:
 Windows 11 , 64 bit Build 22621 (10.0.22621.4391)
OS uptime: 0 days 1:16 hours
Hyper-V role detected

CPU: total 8 (initial active 8) (4 cores per cpu, 2 threads per core) family 6 model 140 stepping 1 microcode 0x8a, cx8, cmov, fxsr, ht, mmx, 3dnowpref, sse, sse2, sse3, ssse3, sse4.1, sse4.2, popcnt, lzcnt, tsc, tscinvbit, avx, avx2, aes, erms, clmul, bmi1, bmi2, adx, avx512f, avx512dq, avx512cd, avx512bw, avx512vl, sha, fma, vzeroupper, avx512_vpopcntdq, avx512_vpclmulqdq, avx512_vaes, avx512_vnni, clflush, clflushopt, clwb, avx512_vbmi2, avx512_vbmi, hv, rdtscp, rdpid, fsrm, gfni, avx512_bitalg, f16c, cet_ibt, cet_ss, avx512_ifma
Processor Information for all 8 processors :
  Max Mhz: 2419, Current Mhz: 2419, Mhz Limit: 2419

Memory: 4k page, system-wide physical 7991M (636M free)
TotalPageFile size 10039M (AvailPageFile size 11M)
current process WorkingSet (physical memory assigned to process): 144M, peak: 144M
current process commit charge ("private bytes"): 185M, peak: 245M

vm_info: OpenJDK 64-Bit Server VM (21.0.1+12-29) for windows-amd64 JRE (21.0.1+12-29), built on 2023-10-05T13:27:09Z by "mach5one" with MS VC++ 17.1 (VS2022)

END.
