#
# There is insufficient memory for the Java Runtime Environment to continue.
# Native memory allocation (mmap) failed to map 12582912 bytes for G1 virtual space
# Possible reasons:
#   The system is out of physical RAM or swap space
#   The process is running with CompressedOops enabled, and the Java Heap may be blocking the growth of the native heap
# Possible solutions:
#   Reduce memory load on the system
#   Increase physical memory or swap space
#   Check if swap backing store is full
#   Decrease Java heap size (-Xmx/-Xms)
#   Decrease number of Java threads
#   Decrease Java thread stack sizes (-Xss)
#   Set larger code cache with -XX:ReservedCodeCacheSize=
#   JVM is running with Unscaled Compressed Oops mode in which the Java heap is
#     placed in the first 4GB address space. The Java Heap base address is the
#     maximum limit for the native heap growth. Please use -XX:HeapBaseMinAddress
#     to set the Java Heap base and to place the Java Heap above 4GB virtual address.
# This output file may be truncated or incomplete.
#
#  Out of Memory Error (os_windows.cpp:3600), pid=14896, tid=12732
#
# JRE version: OpenJDK Runtime Environment (21.0.1+12) (build 21.0.1+12-29)
# Java VM: OpenJDK 64-Bit Server VM (21.0.1+12-29, mixed mode, emulated-client, sharing, tiered, compressed oops, compressed class ptrs, g1 gc, windows-amd64)
# No core dump will be written. Minidumps are not enabled by default on client versions of Windows
#

---------------  S U M M A R Y ------------

Command Line: -XX:TieredStopAtLevel=1 -Dspring.output.ansi.enabled=always -Dcom.sun.management.jmxremote -Dspring.jmx.enabled=true -Dspring.liveBeansView.mbeanDomain -Dspring.application.admin.enabled=true -Dmanagement.endpoints.jmx.exposure.include=* -javaagent:C:\Program Files\JetBrains\IntelliJ IDEA 2024.2.4\lib\idea_rt.jar=55242:C:\Program Files\JetBrains\IntelliJ IDEA 2024.2.4\bin -Dfile.encoding=UTF-8 -Dsun.stdout.encoding=UTF-8 -Dsun.stderr.encoding=UTF-8 mk.ukim.finki.wp.lab.Lab1bApplication

Host: 11th Gen Intel(R) Core(TM) i5-1135G7 @ 2.40GHz, 8 cores, 7G,  Windows 11 , 64 bit Build 22621 (10.0.22621.4391)
Time: Sat Dec 21 21:58:26 2024 Central European Standard Time elapsed time: 3.772896 seconds (0d 0h 0m 3s)

---------------  T H R E A D  ---------------

Current thread (0x00000239322d7470):  VMThread "VM Thread"          [id=12732, stack(0x0000003f11800000,0x0000003f11900000) (1024K)]

Stack: [0x0000003f11800000,0x0000003f11900000]
Native frames: (J=compiled Java code, j=interpreted, Vv=VM code, C=native code)
V  [jvm.dll+0x6c9029]
V  [jvm.dll+0x854b81]
V  [jvm.dll+0x856e5e]
V  [jvm.dll+0x857543]
V  [jvm.dll+0x280c06]
V  [jvm.dll+0x6c5715]
V  [jvm.dll+0x6ba10a]
V  [jvm.dll+0x3557ea]
V  [jvm.dll+0x35d436]
V  [jvm.dll+0x3ae1be]
V  [jvm.dll+0x3ae468]
V  [jvm.dll+0x3291fc]
V  [jvm.dll+0x329287]
V  [jvm.dll+0x36db3c]
V  [jvm.dll+0x36c33d]
V  [jvm.dll+0x328971]
V  [jvm.dll+0x36ba4a]
V  [jvm.dll+0x85d048]
V  [jvm.dll+0x85e144]
V  [jvm.dll+0x85e680]
V  [jvm.dll+0x85e923]
V  [jvm.dll+0x7fd728]
V  [jvm.dll+0x6c777d]
C  [ucrtbase.dll+0x29333]
C  [KERNEL32.DLL+0x1259d]
C  [ntdll.dll+0x5af38]

VM_Operation (0x0000003f111fa540): G1CollectForAllocation, mode: safepoint, requested by thread 0x000002393453aad0


---------------  P R O C E S S  ---------------

Threads class SMR info:
_java_thread_list=0x000002398c3515b0, length=20, elements={
0x000002393453aad0, 0x0000023944c8a680, 0x0000023944c8b690, 0x0000023944c947f0,
0x0000023944c96350, 0x0000023944c98fe0, 0x0000023944c9c2e0, 0x0000023944ca2660,
0x0000023944c9bc50, 0x000002398a0d7f20, 0x000002398a0d85d0, 0x0000023944c99b80,
0x0000023944c9c970, 0x000002398a619dc0, 0x0000023944c9a8a0, 0x0000023944c9af30,
0x0000023944c9d000, 0x0000023944c9b5c0, 0x0000023944c9a210, 0x000002398c302ce0
}

Java Threads: ( => current thread )
  0x000002393453aad0 JavaThread "main"                              [_thread_blocked, id=8908, stack(0x0000003f11100000,0x0000003f11200000) (1024K)]
  0x0000023944c8a680 JavaThread "Reference Handler"          daemon [_thread_blocked, id=10120, stack(0x0000003f11900000,0x0000003f11a00000) (1024K)]
  0x0000023944c8b690 JavaThread "Finalizer"                  daemon [_thread_blocked, id=3812, stack(0x0000003f11a00000,0x0000003f11b00000) (1024K)]
  0x0000023944c947f0 JavaThread "Signal Dispatcher"          daemon [_thread_blocked, id=10232, stack(0x0000003f11b00000,0x0000003f11c00000) (1024K)]
  0x0000023944c96350 JavaThread "Attach Listener"            daemon [_thread_blocked, id=7804, stack(0x0000003f11c00000,0x0000003f11d00000) (1024K)]
  0x0000023944c98fe0 JavaThread "Service Thread"             daemon [_thread_blocked, id=4504, stack(0x0000003f11d00000,0x0000003f11e00000) (1024K)]
  0x0000023944c9c2e0 JavaThread "Monitor Deflation Thread"   daemon [_thread_blocked, id=10196, stack(0x0000003f11e00000,0x0000003f11f00000) (1024K)]
  0x0000023944ca2660 JavaThread "C1 CompilerThread0"         daemon [_thread_blocked, id=2272, stack(0x0000003f11f00000,0x0000003f12000000) (1024K)]
  0x0000023944c9bc50 JavaThread "Common-Cleaner"             daemon [_thread_blocked, id=2352, stack(0x0000003f12000000,0x0000003f12100000) (1024K)]
  0x000002398a0d7f20 JavaThread "C1 CompilerThread1"         daemon [_thread_blocked, id=5916, stack(0x0000003f12100000,0x0000003f12200000) (1024K)]
  0x000002398a0d85d0 JavaThread "C1 CompilerThread2"         daemon [_thread_blocked, id=2692, stack(0x0000003f12200000,0x0000003f12300000) (1024K)]
  0x0000023944c99b80 JavaThread "Monitor Ctrl-Break"         daemon [_thread_in_native, id=3388, stack(0x0000003f12300000,0x0000003f12400000) (1024K)]
  0x0000023944c9c970 JavaThread "Notification Thread"        daemon [_thread_blocked, id=3200, stack(0x0000003f12400000,0x0000003f12500000) (1024K)]
  0x000002398a619dc0 JavaThread "C1 CompilerThread3"         daemon [_thread_blocked, id=8876, stack(0x0000003f12500000,0x0000003f12600000) (1024K)]
  0x0000023944c9a8a0 JavaThread "RMI TCP Accept-0"           daemon [_thread_in_native, id=1348, stack(0x0000003f12600000,0x0000003f12700000) (1024K)]
  0x0000023944c9af30 JavaThread "RMI TCP Connection(1)-192.168.100.9" daemon [_thread_in_native, id=13524, stack(0x0000003f12d00000,0x0000003f12e00000) (1024K)]
  0x0000023944c9d000 JavaThread "RMI Scheduler(0)"           daemon [_thread_blocked, id=9112, stack(0x0000003f12f00000,0x0000003f13000000) (1024K)]
  0x0000023944c9b5c0 JavaThread "PostgreSQL-JDBC-Cleaner"    daemon [_thread_blocked, id=12648, stack(0x0000003f13200000,0x0000003f13300000) (1024K)]
  0x0000023944c9a210 JavaThread "HikariPool-1 housekeeper"   daemon [_thread_blocked, id=16276, stack(0x0000003f13300000,0x0000003f13400000) (1024K)]
  0x000002398c302ce0 JavaThread "HikariPool-1 connection adder" daemon [_thread_blocked, id=16084, stack(0x0000003f13400000,0x0000003f13500000) (1024K)]
Total: 20

Other Threads:
=>0x00000239322d7470 VMThread "VM Thread"                           [id=12732, stack(0x0000003f11800000,0x0000003f11900000) (1024K)]
  0x0000023944c57c40 WatcherThread "VM Periodic Task Thread"        [id=2552, stack(0x0000003f11700000,0x0000003f11800000) (1024K)]
  0x00000239322d6990 WorkerThread "GC Thread#0"                     [id=7436, stack(0x0000003f11200000,0x0000003f11300000) (1024K)]
  0x00000239322d6250 WorkerThread "GC Thread#1"                     [id=9700, stack(0x0000003f12700000,0x0000003f12800000) (1024K)]
  0x00000239322d6d30 WorkerThread "GC Thread#2"                     [id=12136, stack(0x0000003f12800000,0x0000003f12900000) (1024K)]
  0x00000239322d70d0 WorkerThread "GC Thread#3"                     [id=15540, stack(0x0000003f12900000,0x0000003f12a00000) (1024K)]
  0x000002398aafc410 WorkerThread "GC Thread#4"                     [id=11568, stack(0x0000003f12a00000,0x0000003f12b00000) (1024K)]
  0x000002398aafb930 WorkerThread "GC Thread#5"                     [id=10884, stack(0x0000003f12b00000,0x0000003f12c00000) (1024K)]
  0x000002398aafaab0 WorkerThread "GC Thread#6"                     [id=12860, stack(0x0000003f12c00000,0x0000003f12d00000) (1024K)]
  0x000002398aafb590 WorkerThread "GC Thread#7"                     [id=16032, stack(0x0000003f12e00000,0x0000003f12f00000) (1024K)]
  0x00000239323bdfa0 ConcurrentGCThread "G1 Main Marker"            [id=4016, stack(0x0000003f11300000,0x0000003f11400000) (1024K)]
  0x00000239322d5b10 WorkerThread "G1 Conc#0"                       [id=14436, stack(0x0000003f11400000,0x0000003f11500000) (1024K)]
  0x000002398aafae50 WorkerThread "G1 Conc#1"                       [id=11424, stack(0x0000003f13000000,0x0000003f13100000) (1024K)]
  0x0000023944b290c0 ConcurrentGCThread "G1 Refine#0"               [id=10536, stack(0x0000003f11500000,0x0000003f11600000) (1024K)]
  0x0000023944b29c30 ConcurrentGCThread "G1 Service"                [id=6816, stack(0x0000003f11600000,0x0000003f11700000) (1024K)]
Total: 15

Threads with active compile tasks:
C1 CompilerThread1     3782 4851       1       sun.reflect.generics.reflectiveObjects.WildcardTypeImpl::getLowerBounds (34 bytes)
C1 CompilerThread2     3782 4850       1       sun.reflect.generics.reflectiveObjects.WildcardTypeImpl::getUpperBounds (34 bytes)
Total: 2

VM state: at safepoint (normal execution)

VM Mutex/Monitor currently owned by a thread:  ([mutex/lock_event])
[0x00007ffab4279178] MethodCompileQueue_lock - owner thread: 0x000002398a0d7f20
[0x00007ffab427a5f8] Threads_lock - owner thread: 0x00000239322d7470
[0x00007ffab427a6f8] Heap_lock - owner thread: 0x000002393453aad0

Heap address: 0x0000000083200000, size: 1998 MB, Compressed Oops mode: 32-bit

CDS archive(s) mapped at: [0x0000023945000000-0x0000023945c90000-0x0000023945c90000), size 13172736, SharedBaseAddress: 0x0000023945000000, ArchiveRelocationMode: 1.
Compressed class space mapped at: 0x0000023946000000-0x0000023986000000, reserved size: 1073741824
Narrow klass base: 0x0000023945000000, Narrow klass shift: 0, Narrow klass range: 0x100000000

GC Precious Log:
 CardTable entry size: 512
 Card Set container configuration: InlinePtr #cards 5 size 8 Array Of Cards #cards 12 size 40 Howl #buckets 4 coarsen threshold 1843 Howl Bitmap #cards 512 size 80 coarsen threshold 460 Card regions per heap region 1 cards per card region 2048
 CPUs: 8 total, 8 available
 Memory: 7991M
 Large Page Support: Disabled
 NUMA Support: Disabled
 Compressed Oops: Enabled (32-bit)
 Heap Region Size: 1M
 Heap Min Capacity: 8M
 Heap Initial Capacity: 126M
 Heap Max Capacity: 1998M
 Pre-touch: Disabled
 Parallel Workers: 8
 Concurrent Workers: 2
 Concurrent Refinement Workers: 8
 Periodic GC: Disabled

Heap:
 garbage-first heap   total 61440K, used 23775K [0x0000000083200000, 0x0000000100000000)
  region size 1024K, 3 young (3072K), 3 survivors (3072K)
 Metaspace       used 55208K, committed 55872K, reserved 1114112K
  class space    used 7840K, committed 8128K, reserved 1048576K

Heap Regions: E=young(eden), S=young(survivor), O=old, HS=humongous(starts), HC=humongous(continues), CS=collection set, F=free, TAMS=top-at-mark-start, PB=parsable bottom
|   0|0x0000000083200000, 0x0000000083300000, 0x0000000083300000|100%|HS|  |TAMS 0x0000000083200000| PB 0x0000000083200000| Complete 
|   1|0x0000000083300000, 0x0000000083400000, 0x0000000083400000|100%| O|  |TAMS 0x0000000083300000| PB 0x0000000083300000| Untracked 
|   2|0x0000000083400000, 0x0000000083500000, 0x0000000083500000|100%| O|  |TAMS 0x0000000083400000| PB 0x0000000083400000| Untracked 
|   3|0x0000000083500000, 0x0000000083600000, 0x0000000083600000|100%| O|  |TAMS 0x0000000083500000| PB 0x0000000083500000| Untracked 
|   4|0x0000000083600000, 0x0000000083700000, 0x0000000083700000|100%| O|  |TAMS 0x0000000083600000| PB 0x0000000083600000| Untracked 
|   5|0x0000000083700000, 0x0000000083800000, 0x0000000083800000|100%| O|  |TAMS 0x0000000083700000| PB 0x0000000083700000| Untracked 
|   6|0x0000000083800000, 0x0000000083900000, 0x0000000083900000|100%| O|  |TAMS 0x0000000083800000| PB 0x0000000083800000| Untracked 
|   7|0x0000000083900000, 0x0000000083a00000, 0x0000000083a00000|100%| O|  |TAMS 0x0000000083900000| PB 0x0000000083900000| Untracked 
|   8|0x0000000083a00000, 0x0000000083b00000, 0x0000000083b00000|100%| O|  |TAMS 0x0000000083a00000| PB 0x0000000083a00000| Untracked 
|   9|0x0000000083b00000, 0x0000000083c00000, 0x0000000083c00000|100%| O|  |TAMS 0x0000000083b00000| PB 0x0000000083b00000| Untracked 
|  10|0x0000000083c00000, 0x0000000083d00000, 0x0000000083d00000|100%| O|  |TAMS 0x0000000083c00000| PB 0x0000000083c00000| Untracked 
|  11|0x0000000083d00000, 0x0000000083e00000, 0x0000000083e00000|100%| O|  |TAMS 0x0000000083d00000| PB 0x0000000083d00000| Untracked 
|  12|0x0000000083e00000, 0x0000000083f00000, 0x0000000083f00000|100%| O|  |TAMS 0x0000000083e00000| PB 0x0000000083e00000| Untracked 
|  13|0x0000000083f00000, 0x0000000084000000, 0x0000000084000000|100%| O|  |TAMS 0x0000000083f00000| PB 0x0000000083f00000| Untracked 
|  14|0x0000000084000000, 0x0000000084100000, 0x0000000084100000|100%| O|  |TAMS 0x0000000084000000| PB 0x0000000084000000| Untracked 
|  15|0x0000000084100000, 0x0000000084200000, 0x0000000084200000|100%| O|  |TAMS 0x0000000084100000| PB 0x0000000084100000| Untracked 
|  16|0x0000000084200000, 0x0000000084300000, 0x0000000084300000|100%| O|  |TAMS 0x0000000084200000| PB 0x0000000084200000| Untracked 
|  17|0x0000000084300000, 0x0000000084400000, 0x0000000084400000|100%| O|  |TAMS 0x0000000084300000| PB 0x0000000084300000| Untracked 
|  18|0x0000000084400000, 0x0000000084500000, 0x0000000084500000|100%| O|  |TAMS 0x0000000084400000| PB 0x0000000084400000| Untracked 
|  19|0x0000000084500000, 0x0000000084600000, 0x0000000084600000|100%| O|  |TAMS 0x0000000084500000| PB 0x0000000084500000| Untracked 
|  20|0x0000000084600000, 0x0000000084637ed8, 0x0000000084700000| 21%| O|  |TAMS 0x0000000084600000| PB 0x0000000084600000| Untracked 
|  21|0x0000000084700000, 0x0000000084700000, 0x0000000084800000|  0%| F|  |TAMS 0x0000000084700000| PB 0x0000000084700000| Untracked 
|  22|0x0000000084800000, 0x0000000084800000, 0x0000000084900000|  0%| F|  |TAMS 0x0000000084800000| PB 0x0000000084800000| Untracked 
|  23|0x0000000084900000, 0x0000000084a00000, 0x0000000084a00000|100%| S|CS|TAMS 0x0000000084900000| PB 0x0000000084900000| Complete 
|  24|0x0000000084a00000, 0x0000000084b00000, 0x0000000084b00000|100%| S|CS|TAMS 0x0000000084a00000| PB 0x0000000084a00000| Complete 
|  25|0x0000000084b00000, 0x0000000084c00000, 0x0000000084c00000|100%| S|CS|TAMS 0x0000000084b00000| PB 0x0000000084b00000| Complete 
|  26|0x0000000084c00000, 0x0000000084c00000, 0x0000000084d00000|  0%| F|  |TAMS 0x0000000084c00000| PB 0x0000000084c00000| Untracked 
|  27|0x0000000084d00000, 0x0000000084d00000, 0x0000000084e00000|  0%| F|  |TAMS 0x0000000084d00000| PB 0x0000000084d00000| Untracked 
|  28|0x0000000084e00000, 0x0000000084e00000, 0x0000000084f00000|  0%| F|  |TAMS 0x0000000084e00000| PB 0x0000000084e00000| Untracked 
|  29|0x0000000084f00000, 0x0000000084f00000, 0x0000000085000000|  0%| F|  |TAMS 0x0000000084f00000| PB 0x0000000084f00000| Untracked 
|  30|0x0000000085000000, 0x0000000085000000, 0x0000000085100000|  0%| F|  |TAMS 0x0000000085000000| PB 0x0000000085000000| Untracked 
|  31|0x0000000085100000, 0x0000000085100000, 0x0000000085200000|  0%| F|  |TAMS 0x0000000085100000| PB 0x0000000085100000| Untracked 
|  32|0x0000000085200000, 0x0000000085200000, 0x0000000085300000|  0%| F|  |TAMS 0x0000000085200000| PB 0x0000000085200000| Untracked 
|  33|0x0000000085300000, 0x0000000085300000, 0x0000000085400000|  0%| F|  |TAMS 0x0000000085300000| PB 0x0000000085300000| Untracked 
|  34|0x0000000085400000, 0x0000000085400000, 0x0000000085500000|  0%| F|  |TAMS 0x0000000085400000| PB 0x0000000085400000| Untracked 
|  35|0x0000000085500000, 0x0000000085500000, 0x0000000085600000|  0%| F|  |TAMS 0x0000000085500000| PB 0x0000000085500000| Untracked 
|  36|0x0000000085600000, 0x0000000085600000, 0x0000000085700000|  0%| F|  |TAMS 0x0000000085600000| PB 0x0000000085600000| Untracked 
|  37|0x0000000085700000, 0x0000000085700000, 0x0000000085800000|  0%| F|  |TAMS 0x0000000085700000| PB 0x0000000085700000| Untracked 
|  38|0x0000000085800000, 0x0000000085800000, 0x0000000085900000|  0%| F|  |TAMS 0x0000000085800000| PB 0x0000000085800000| Untracked 
|  39|0x0000000085900000, 0x0000000085900000, 0x0000000085a00000|  0%| F|  |TAMS 0x0000000085900000| PB 0x0000000085900000| Untracked 
|  40|0x0000000085a00000, 0x0000000085a00000, 0x0000000085b00000|  0%| F|  |TAMS 0x0000000085a00000| PB 0x0000000085a00000| Untracked 
|  41|0x0000000085b00000, 0x0000000085b00000, 0x0000000085c00000|  0%| F|  |TAMS 0x0000000085b00000| PB 0x0000000085b00000| Untracked 
|  42|0x0000000085c00000, 0x0000000085c00000, 0x0000000085d00000|  0%| F|  |TAMS 0x0000000085c00000| PB 0x0000000085c00000| Untracked 
|  43|0x0000000085d00000, 0x0000000085d00000, 0x0000000085e00000|  0%| F|  |TAMS 0x0000000085d00000| PB 0x0000000085d00000| Untracked 
|  44|0x0000000085e00000, 0x0000000085e00000, 0x0000000085f00000|  0%| F|  |TAMS 0x0000000085e00000| PB 0x0000000085e00000| Untracked 
|  45|0x0000000085f00000, 0x0000000085f00000, 0x0000000086000000|  0%| F|  |TAMS 0x0000000085f00000| PB 0x0000000085f00000| Untracked 
|  46|0x0000000086000000, 0x0000000086000000, 0x0000000086100000|  0%| F|  |TAMS 0x0000000086000000| PB 0x0000000086000000| Untracked 
|  47|0x0000000086100000, 0x0000000086100000, 0x0000000086200000|  0%| F|  |TAMS 0x0000000086100000| PB 0x0000000086100000| Untracked 
|  48|0x0000000086200000, 0x0000000086200000, 0x0000000086300000|  0%| F|  |TAMS 0x0000000086200000| PB 0x0000000086200000| Untracked 
|  49|0x0000000086300000, 0x0000000086300000, 0x0000000086400000|  0%| F|  |TAMS 0x0000000086300000| PB 0x0000000086300000| Untracked 
|  50|0x0000000086400000, 0x0000000086400000, 0x0000000086500000|  0%| F|  |TAMS 0x0000000086400000| PB 0x0000000086400000| Untracked 
|  51|0x0000000086500000, 0x0000000086500000, 0x0000000086600000|  0%| F|  |TAMS 0x0000000086500000| PB 0x0000000086500000| Untracked 
|  52|0x0000000086600000, 0x0000000086600000, 0x0000000086700000|  0%| F|  |TAMS 0x0000000086600000| PB 0x0000000086600000| Untracked 
|  83|0x0000000088500000, 0x0000000088500000, 0x0000000088600000|  0%| F|  |TAMS 0x0000000088500000| PB 0x0000000088500000| Untracked 
|  84|0x0000000088600000, 0x0000000088600000, 0x0000000088700000|  0%| F|  |TAMS 0x0000000088600000| PB 0x0000000088600000| Untracked 
|  85|0x0000000088700000, 0x0000000088700000, 0x0000000088800000|  0%| F|  |TAMS 0x0000000088700000| PB 0x0000000088700000| Untracked 
|  86|0x0000000088800000, 0x0000000088800000, 0x0000000088900000|  0%| F|  |TAMS 0x0000000088800000| PB 0x0000000088800000| Untracked 
|  87|0x0000000088900000, 0x0000000088900000, 0x0000000088a00000|  0%| F|  |TAMS 0x0000000088900000| PB 0x0000000088900000| Untracked 
|  88|0x0000000088a00000, 0x0000000088a00000, 0x0000000088b00000|  0%| F|  |TAMS 0x0000000088a00000| PB 0x0000000088a00000| Untracked 
| 125|0x000000008af00000, 0x000000008af00000, 0x000000008b000000|  0%| F|  |TAMS 0x000000008af00000| PB 0x000000008af00000| Untracked 

Card table byte_map: [0x000002393fe70000,0x0000023940260000] _byte_map_base: 0x000002393fa57000

Marking Bits: (CMBitMap*) 0x0000023934593260
 Bits: [0x0000023940260000, 0x0000023942198000)

Polling page: 0x0000023932510000

Metaspace:

Usage:
  Non-class:     46.26 MB used.
      Class:      7.66 MB used.
       Both:     53.91 MB used.

Virtual space:
  Non-class space:       64.00 MB reserved,      46.62 MB ( 73%) committed,  1 nodes.
      Class space:        1.00 GB reserved,       7.94 MB ( <1%) committed,  1 nodes.
             Both:        1.06 GB reserved,      54.56 MB (  5%) committed. 

Chunk freelists:
   Non-Class:  1.11 MB
       Class:  7.97 MB
        Both:  9.08 MB

MaxMetaspaceSize: unlimited
CompressedClassSpaceSize: 1.00 GB
Initial GC threshold: 21.00 MB
Current GC threshold: 56.50 MB
CDS: on
 - commit_granule_bytes: 65536.
 - commit_granule_words: 8192.
 - virtual_space_node_default_size: 8388608.
 - enlarge_chunks_in_place: 1.
 - use_allocation_guard: 0.


Internal statistics:

num_allocs_failed_limit: 3.
num_arena_births: 908.
num_arena_deaths: 0.
num_vsnodes_births: 2.
num_vsnodes_deaths: 0.
num_space_committed: 873.
num_space_uncommitted: 0.
num_chunks_returned_to_freelist: 3.
num_chunks_taken_from_freelist: 2836.
num_chunk_merges: 3.
num_chunk_splits: 2062.
num_chunks_enlarged: 1594.
num_inconsistent_stats: 0.

CodeCache: size=49152Kb used=10628Kb max_used=10628Kb free=38523Kb
 bounds [0x000002393c970000, 0x000002393d3e0000, 0x000002393f970000]
 total_blobs=5485 nmethods=4805 adapters=601
 compilation: enabled
              stopped_count=0, restarted_count=0
 full_count=0

Compilation events (20 events):
Event: 3.732 Thread 0x000002398a0d85d0 4841       1       java.lang.reflect.ProxyGenerator::generateStaticInitializer (380 bytes)
Event: 3.734 Thread 0x000002398a0d85d0 nmethod 4841 0x000002393d3ca710 code [0x000002393d3cab40, 0x000002393d3cba68]
Event: 3.738 Thread 0x000002398a0d7f20 4842       1       org.springframework.util.ReflectionUtils::findDefaultMethodsOnInterfaces (97 bytes)
Event: 3.739 Thread 0x000002398a0d85d0 4843       1       java.lang.reflect.Method::getGenericInfo (28 bytes)
Event: 3.739 Thread 0x000002398a0d7f20 nmethod 4842 0x000002393d3cc290 code [0x000002393d3cc480, 0x000002393d3cc828]
Event: 3.739 Thread 0x000002398a0d7f20 4844       1       org.springframework.core.annotation.AnnotationUtils::isCandidateClass (41 bytes)
Event: 3.739 Thread 0x000002398a0d85d0 nmethod 4843 0x000002393d3ccb10 code [0x000002393d3ccce0, 0x000002393d3cd1f0]
Event: 3.739 Thread 0x000002398a0d7f20 nmethod 4844 0x000002393d3cd410 code [0x000002393d3cd620, 0x000002393d3cd980]
Event: 3.740 Thread 0x000002398a619dc0 4845       1       org.springframework.aop.support.AopUtils::canApply (210 bytes)
Event: 3.741 Thread 0x000002398a0d7f20 4846       1       java.util.Spliterators$ArraySpliterator::forEachRemaining (68 bytes)
Event: 3.741 Thread 0x000002398a0d7f20 nmethod 4846 0x000002393d3cdc10 code [0x000002393d3cddc0, 0x000002393d3cdfe0]
Event: 3.741 Thread 0x000002398a619dc0 nmethod 4845 0x000002393d3ce110 code [0x000002393d3ce4a0, 0x000002393d3cf168]
Event: 3.743 Thread 0x0000023944ca2660 4847       1       java.lang.NoSuchMethodException::<init> (6 bytes)
Event: 3.744 Thread 0x000002398a0d85d0 4848       1       java.lang.Class::methodToString (78 bytes)
Event: 3.744 Thread 0x0000023944ca2660 nmethod 4847 0x000002393d3cf910 code [0x000002393d3cfac0, 0x000002393d3cfba0]
Event: 3.744 Thread 0x0000023944ca2660 4849       1       org.springframework.beans.factory.support.AbstractBeanFactory::isPrototypeCurrentlyInCreation (48 bytes)
Event: 3.745 Thread 0x0000023944ca2660 nmethod 4849 0x000002393d3cfc90 code [0x000002393d3cfe60, 0x000002393d3d00d0]
Event: 3.745 Thread 0x000002398a0d85d0 nmethod 4848 0x000002393d3d0190 code [0x000002393d3d0440, 0x000002393d3d0d10]
Event: 3.762 Thread 0x000002398a0d7f20 4851       1       sun.reflect.generics.reflectiveObjects.WildcardTypeImpl::getLowerBounds (34 bytes)
Event: 3.762 Thread 0x000002398a0d85d0 4850       1       sun.reflect.generics.reflectiveObjects.WildcardTypeImpl::getUpperBounds (34 bytes)

GC Heap History (19 events):
Event: 0.529 GC heap before
{Heap before GC invocations=0 (full 0):
 garbage-first heap   total 129024K, used 23552K [0x0000000083200000, 0x0000000100000000)
  region size 1024K, 23 young (23552K), 0 survivors (0K)
 Metaspace       used 7374K, committed 7616K, reserved 1114112K
  class space    used 910K, committed 1024K, reserved 1048576K
}
Event: 0.534 GC heap after
{Heap after GC invocations=1 (full 0):
 garbage-first heap   total 129024K, used 7295K [0x0000000083200000, 0x0000000100000000)
  region size 1024K, 3 young (3072K), 3 survivors (3072K)
 Metaspace       used 7374K, committed 7616K, reserved 1114112K
  class space    used 910K, committed 1024K, reserved 1048576K
}
Event: 0.882 GC heap before
{Heap before GC invocations=1 (full 0):
 garbage-first heap   total 129024K, used 33919K [0x0000000083200000, 0x0000000100000000)
  region size 1024K, 30 young (30720K), 3 survivors (3072K)
 Metaspace       used 13897K, committed 14208K, reserved 1114112K
  class space    used 1796K, committed 1920K, reserved 1048576K
}
Event: 0.887 GC heap after
{Heap after GC invocations=2 (full 0):
 garbage-first heap   total 129024K, used 10215K [0x0000000083200000, 0x0000000100000000)
  region size 1024K, 3 young (3072K), 3 survivors (3072K)
 Metaspace       used 13897K, committed 14208K, reserved 1114112K
  class space    used 1796K, committed 1920K, reserved 1048576K
}
Event: 1.157 GC heap before
{Heap before GC invocations=2 (full 0):
 garbage-first heap   total 129024K, used 42983K [0x0000000083200000, 0x0000000100000000)
  region size 1024K, 37 young (37888K), 3 survivors (3072K)
 Metaspace       used 20359K, committed 20672K, reserved 1114112K
  class space    used 2672K, committed 2816K, reserved 1048576K
}
Event: 1.162 GC heap after
{Heap after GC invocations=3 (full 0):
 garbage-first heap   total 129024K, used 13618K [0x0000000083200000, 0x0000000100000000)
  region size 1024K, 6 young (6144K), 6 survivors (6144K)
 Metaspace       used 20359K, committed 20672K, reserved 1114112K
  class space    used 2672K, committed 2816K, reserved 1048576K
}
Event: 1.467 GC heap before
{Heap before GC invocations=4 (full 0):
 garbage-first heap   total 51200K, used 38194K [0x0000000083200000, 0x0000000100000000)
  region size 1024K, 30 young (30720K), 6 survivors (6144K)
 Metaspace       used 22999K, committed 23360K, reserved 1114112K
  class space    used 3067K, committed 3200K, reserved 1048576K
}
Event: 1.475 GC heap after
{Heap after GC invocations=5 (full 0):
 garbage-first heap   total 51200K, used 14739K [0x0000000083200000, 0x0000000100000000)
  region size 1024K, 2 young (2048K), 2 survivors (2048K)
 Metaspace       used 22999K, committed 23360K, reserved 1114112K
  class space    used 3067K, committed 3200K, reserved 1048576K
}
Event: 1.775 GC heap before
{Heap before GC invocations=5 (full 0):
 garbage-first heap   total 51200K, used 38291K [0x0000000083200000, 0x0000000100000000)
  region size 1024K, 25 young (25600K), 2 survivors (2048K)
 Metaspace       used 26551K, committed 27072K, reserved 1114112K
  class space    used 3634K, committed 3904K, reserved 1048576K
}
Event: 1.782 GC heap after
{Heap after GC invocations=6 (full 0):
 garbage-first heap   total 51200K, used 17155K [0x0000000083200000, 0x0000000100000000)
  region size 1024K, 4 young (4096K), 4 survivors (4096K)
 Metaspace       used 26551K, committed 27072K, reserved 1114112K
  class space    used 3634K, committed 3904K, reserved 1048576K
}
Event: 2.119 GC heap before
{Heap before GC invocations=6 (full 0):
 garbage-first heap   total 51200K, used 40707K [0x0000000083200000, 0x0000000100000000)
  region size 1024K, 27 young (27648K), 4 survivors (4096K)
 Metaspace       used 30063K, committed 30656K, reserved 1114112K
  class space    used 4094K, committed 4352K, reserved 1048576K
}
Event: 2.128 GC heap after
{Heap after GC invocations=7 (full 0):
 garbage-first heap   total 61440K, used 19456K [0x0000000083200000, 0x0000000100000000)
  region size 1024K, 3 young (3072K), 3 survivors (3072K)
 Metaspace       used 30063K, committed 30656K, reserved 1114112K
  class space    used 4094K, committed 4352K, reserved 1048576K
}
Event: 2.314 GC heap before
{Heap before GC invocations=7 (full 0):
 garbage-first heap   total 61440K, used 34816K [0x0000000083200000, 0x0000000100000000)
  region size 1024K, 20 young (20480K), 3 survivors (3072K)
 Metaspace       used 33974K, committed 34496K, reserved 1114112K
  class space    used 4682K, committed 4928K, reserved 1048576K
}
Event: 2.319 GC heap after
{Heap after GC invocations=8 (full 0):
 garbage-first heap   total 61440K, used 19811K [0x0000000083200000, 0x0000000100000000)
  region size 1024K, 3 young (3072K), 3 survivors (3072K)
 Metaspace       used 33974K, committed 34496K, reserved 1114112K
  class space    used 4682K, committed 4928K, reserved 1048576K
}
Event: 2.861 GC heap before
{Heap before GC invocations=9 (full 0):
 garbage-first heap   total 61440K, used 51555K [0x0000000083200000, 0x0000000100000000)
  region size 1024K, 34 young (34816K), 3 survivors (3072K)
 Metaspace       used 41283K, committed 41856K, reserved 1114112K
  class space    used 5764K, committed 6016K, reserved 1048576K
}
Event: 2.867 GC heap after
{Heap after GC invocations=10 (full 0):
 garbage-first heap   total 61440K, used 21145K [0x0000000083200000, 0x0000000100000000)
  region size 1024K, 4 young (4096K), 4 survivors (4096K)
 Metaspace       used 41283K, committed 41856K, reserved 1114112K
  class space    used 5764K, committed 6016K, reserved 1048576K
}
Event: 3.278 GC heap before
{Heap before GC invocations=10 (full 0):
 garbage-first heap   total 61440K, used 52889K [0x0000000083200000, 0x0000000100000000)
  region size 1024K, 35 young (35840K), 4 survivors (4096K)
 Metaspace       used 48947K, committed 49600K, reserved 1114112K
  class space    used 6896K, committed 7168K, reserved 1048576K
}
Event: 3.287 GC heap after
{Heap after GC invocations=11 (full 0):
 garbage-first heap   total 61440K, used 22231K [0x0000000083200000, 0x0000000100000000)
  region size 1024K, 4 young (4096K), 4 survivors (4096K)
 Metaspace       used 48947K, committed 49600K, reserved 1114112K
  class space    used 6896K, committed 7168K, reserved 1048576K
}
Event: 3.762 GC heap before
{Heap before GC invocations=11 (full 0):
 garbage-first heap   total 61440K, used 53975K [0x0000000083200000, 0x0000000100000000)
  region size 1024K, 35 young (35840K), 4 survivors (4096K)
 Metaspace       used 55208K, committed 55872K, reserved 1114112K
  class space    used 7840K, committed 8128K, reserved 1048576K
}

Dll operation events (13 events):
Event: 0.006 Loaded shared library C:\Users\User\.jdks\openjdk-21.0.1\bin\java.dll
Event: 0.100 Loaded shared library C:\Users\User\.jdks\openjdk-21.0.1\bin\zip.dll
Event: 0.104 Loaded shared library C:\Users\User\.jdks\openjdk-21.0.1\bin\instrument.dll
Event: 0.108 Loaded shared library C:\Users\User\.jdks\openjdk-21.0.1\bin\net.dll
Event: 0.109 Loaded shared library C:\Users\User\.jdks\openjdk-21.0.1\bin\nio.dll
Event: 0.112 Loaded shared library C:\Users\User\.jdks\openjdk-21.0.1\bin\zip.dll
Event: 0.162 Loaded shared library C:\Program Files\JetBrains\IntelliJ IDEA 2024.2.4\bin\breakgen64.dll
Event: 0.165 Loaded shared library C:\Users\User\.jdks\openjdk-21.0.1\bin\jimage.dll
Event: 0.170 Loaded shared library C:\Users\User\.jdks\openjdk-21.0.1\bin\extnet.dll
Event: 0.180 Loaded shared library C:\Users\User\.jdks\openjdk-21.0.1\bin\management.dll
Event: 0.186 Loaded shared library C:\Users\User\.jdks\openjdk-21.0.1\bin\management_ext.dll
Event: 1.035 Loaded shared library C:\Users\User\.jdks\openjdk-21.0.1\bin\sunmscapi.dll
Event: 2.290 Loaded shared library C:\Users\User\.jdks\openjdk-21.0.1\bin\verify.dll

Deoptimization events (8 events):
Event: 0.267 Thread 0x000002393453aad0 DEOPT PACKING pc=0x000002393cce595d sp=0x0000003f111fd580
Event: 0.267 Thread 0x000002393453aad0 DEOPT UNPACKING pc=0x000002393c9c88e2 sp=0x0000003f111fca30 mode 3
Event: 0.275 Thread 0x000002393453aad0 DEOPT PACKING pc=0x000002393cd88be0 sp=0x0000003f111fd480
Event: 0.275 Thread 0x000002393453aad0 DEOPT UNPACKING pc=0x000002393c9c88e2 sp=0x0000003f111fc938 mode 3
Event: 0.896 Thread 0x000002393453aad0 DEOPT PACKING pc=0x000002393cfc0e79 sp=0x0000003f111fd810
Event: 0.896 Thread 0x000002393453aad0 DEOPT UNPACKING pc=0x000002393c9c88e2 sp=0x0000003f111fccf0 mode 3
Event: 1.667 Thread 0x000002393453aad0 DEOPT PACKING pc=0x000002393d14be14 sp=0x0000003f111fd590
Event: 1.667 Thread 0x000002393453aad0 DEOPT UNPACKING pc=0x000002393c9c88e2 sp=0x0000003f111fca48 mode 0

Classes loaded (20 events):
Event: 3.038 Loading class java/util/concurrent/CancellationException
Event: 3.038 Loading class java/util/concurrent/CancellationException done
Event: 3.248 Loading class java/util/ArrayList$ListItr
Event: 3.248 Loading class java/util/ArrayList$ListItr done
Event: 3.290 Loading class java/lang/reflect/AnnotatedParameterizedType
Event: 3.290 Loading class java/lang/reflect/AnnotatedParameterizedType done
Event: 3.294 Loading class java/util/AbstractList$SubList
Event: 3.294 Loading class java/util/AbstractList$SubList done
Event: 3.356 Loading class java/lang/reflect/AnnotatedArrayType
Event: 3.356 Loading class java/lang/reflect/AnnotatedArrayType done
Event: 3.383 Loading class java/lang/foreign/ValueLayout
Event: 3.383 Loading class java/lang/foreign/MemoryLayout
Event: 3.384 Loading class java/lang/foreign/MemoryLayout done
Event: 3.384 Loading class java/lang/foreign/ValueLayout done
Event: 3.717 Loading class javax/naming/Reference
Event: 3.717 Loading class javax/naming/Reference done
Event: 3.740 Loading class java/util/concurrent/ConcurrentHashMap$TreeNode
Event: 3.740 Loading class java/util/concurrent/ConcurrentHashMap$TreeNode done
Event: 3.740 Loading class java/util/concurrent/ConcurrentHashMap$TreeBin
Event: 3.740 Loading class java/util/concurrent/ConcurrentHashMap$TreeBin done

Classes unloaded (0 events):
No events

Classes redefined (0 events):
No events

Internal exceptions (20 events):
Event: 3.475 Thread 0x000002393453aad0 Exception <a 'java/lang/NoSuchMethodError'{0x000000008618d460}: 'int java.lang.invoke.DirectMethodHandle$Holder.invokeStatic(java.lang.Object, java.lang.Object, java.lang.Object, java.lang.Object, java.lang.Object)'> (0x000000008618d460) 
thrown [s\open\src\hotspot\share\interpreter\linkResolver.cpp, line 773]
Event: 3.484 Thread 0x000002393453aad0 Exception <a 'java/lang/NoSuchMethodError'{0x00000000860416f8}: 'void java.lang.invoke.DirectMethodHandle$Holder.invokeInterface(java.lang.Object, java.lang.Object, int, java.lang.Object)'> (0x00000000860416f8) 
thrown [s\open\src\hotspot\share\interpreter\linkResolver.cpp, line 773]
Event: 3.486 Thread 0x000002393453aad0 Exception <a 'java/lang/NoSuchMethodError'{0x000000008606d6e8}: 'java.lang.Object java.lang.invoke.DirectMethodHandle$Holder.newInvokeSpecial(java.lang.Object, java.lang.Object, int, java.lang.Object)'> (0x000000008606d6e8) 
thrown [s\open\src\hotspot\share\interpreter\linkResolver.cpp, line 773]
Event: 3.486 Thread 0x000002393453aad0 Exception <a 'java/lang/NoSuchMethodError'{0x0000000086071858}: 'java.lang.Object java.lang.invoke.Invokers$Holder.linkToTargetMethod(java.lang.Object, int, java.lang.Object, java.lang.Object)'> (0x0000000086071858) 
thrown [s\open\src\hotspot\share\interpreter\linkResolver.cpp, line 773]
Event: 3.499 Thread 0x000002393453aad0 Exception <a 'java/lang/NoSuchMethodError'{0x0000000085f83a08}: 'void java.lang.invoke.DirectMethodHandle$Holder.invokeSpecial(java.lang.Object, java.lang.Object, java.lang.Object, java.lang.Object, java.lang.Object, java.lang.Object, java.lang.Object, java.lang.Object)'> (0x0000000085f83a08) 
thrown [s\open\src\hotspot\share\interpreter\linkResolver.cpp, line 773]
Event: 3.501 Thread 0x000002393453aad0 Exception <a 'java/lang/NoSuchMethodError'{0x0000000085fbd838}: 'void java.lang.invoke.DirectMethodHandle$Holder.invokeSpecial(java.lang.Object, java.lang.Object, int, java.lang.Object)'> (0x0000000085fbd838) 
thrown [s\open\src\hotspot\share\interpreter\linkResolver.cpp, line 773]
Event: 3.501 Thread 0x000002393453aad0 Exception <a 'java/lang/NoSuchMethodError'{0x0000000085fc4370}: 'java.lang.Object java.lang.invoke.DirectMethodHandle$Holder.newInvokeSpecial(java.lang.Object, java.lang.Object, int)'> (0x0000000085fc4370) 
thrown [s\open\src\hotspot\share\interpreter\linkResolver.cpp, line 773]
Event: 3.519 Thread 0x000002393453aad0 Exception <a 'java/lang/NoSuchMethodError'{0x0000000085d4a728}: 'int java.lang.invoke.DirectMethodHandle$Holder.invokeStatic(java.lang.Object, int, java.lang.Object)'> (0x0000000085d4a728) 
thrown [s\open\src\hotspot\share\interpreter\linkResolver.cpp, line 773]
Event: 3.520 Thread 0x000002393453aad0 Exception <a 'java/lang/NoSuchMethodError'{0x0000000085d6aa38}: 'java.lang.Object java.lang.invoke.DirectMethodHandle$Holder.newInvokeSpecial(java.lang.Object, java.lang.Object, java.lang.Object, java.lang.Object, java.lang.Object, int, java.lang.Object)'> (0x0000000085d6aa38) 
thrown [s\open\src\hotspot\share\interpreter\linkResolver.cpp, line 773]
Event: 3.523 Thread 0x000002393453aad0 Exception <a 'java/lang/NoSuchMethodError'{0x0000000085da9158}: 'java.lang.Object java.lang.invoke.DirectMethodHandle$Holder.newInvokeSpecial(java.lang.Object, java.lang.Object, java.lang.Object, java.lang.Object, java.lang.Object, java.lang.Object, java.lang.Object, java.lang.Object, java.lang.Object, java.lang.Object, java.lang.Object, java.lang.Object)'> (0x0000000085da9158) 
thrown [s\open\src\hotspot\share\interpreter\linkResolver.cpp, line 773]
Event: 3.523 Thread 0x000002393453aad0 Exception <a 'java/lang/NoSuchMethodError'{0x0000000085dae200}: 'java.lang.Object java.lang.invoke.DirectMethodHandle$Holder.invokeSpecial(java.lang.Object, java.lang.Object, java.lang.Object, java.lang.Object, java.lang.Object, java.lang.Object, java.lang.Object, java.lang.Object, java.lang.Object, java.lang.Object, java.lang.Object, java.lang.Object, java.lang.Object)'> (0x0000000085dae200) 
thrown [s\open\src\hotspot\share\interpreter\linkResolver.cpp, line 773]
Event: 3.523 Thread 0x000002393453aad0 Exception <a 'java/lang/NoSuchMethodError'{0x0000000085db2ee8}: 'java.lang.Object java.lang.invoke.Invokers$Holder.linkToTargetMethod(java.lang.Object, java.lang.Object, java.lang.Object, java.lang.Object, java.lang.Object, java.lang.Object, java.lang.Object, java.lang.Object, java.lang.Object, java.lang.Object, java.lang.Object, java.lang.Object)'> (0x0000000085db2ee8) 
thrown [s\open\src\hotspot\share\interpreter\linkResolver.cpp, line 773]
Event: 3.543 Thread 0x000002393453aad0 Exception <a 'java/lang/IncompatibleClassChangeError'{0x0000000085b47c98}: Found class java.lang.Object, but interface was expected> (0x0000000085b47c98) 
thrown [s\open\src\hotspot\share\interpreter\linkResolver.cpp, line 840]
Event: 3.551 Thread 0x000002393453aad0 Exception <a 'java/lang/NoSuchMethodError'{0x0000000085bea498}: 'java.lang.Object java.lang.invoke.DirectMethodHandle$Holder.newInvokeSpecial(java.lang.Object, java.lang.Object, java.lang.Object, java.lang.Object, java.lang.Object, java.lang.Object, java.lang.Object, int)'> (0x0000000085bea498) 
thrown [s\open\src\hotspot\share\interpreter\linkResolver.cpp, line 773]
Event: 3.551 Thread 0x000002393453aad0 Exception <a 'java/lang/NoSuchMethodError'{0x0000000085bef208}: 'java.lang.Object java.lang.invoke.DirectMethodHandle$Holder.invokeSpecial(java.lang.Object, java.lang.Object, java.lang.Object, java.lang.Object, java.lang.Object, java.lang.Object, java.lang.Object, java.lang.Object, int)'> (0x0000000085bef208) 
thrown [s\open\src\hotspot\share\interpreter\linkResolver.cpp, line 773]
Event: 3.551 Thread 0x000002393453aad0 Exception <a 'java/lang/NoSuchMethodError'{0x0000000085bf3a30}: 'java.lang.Object java.lang.invoke.Invokers$Holder.linkToTargetMethod(java.lang.Object, java.lang.Object, java.lang.Object, java.lang.Object, java.lang.Object, java.lang.Object, int, java.lang.Object)'> (0x0000000085bf3a30) 
thrown [s\open\src\hotspot\share\interpreter\linkResolver.cpp, line 773]
Event: 3.566 Thread 0x000002393453aad0 Exception <a 'java/lang/NoSuchMethodError'{0x0000000085929318}: 'java.lang.Object java.lang.invoke.DirectMethodHandle$Holder.newInvokeSpecial(java.lang.Object, java.lang.Object, int, java.lang.Object, int, java.lang.Object, java.lang.Object)'> (0x0000000085929318) 
thrown [s\open\src\hotspot\share\interpreter\linkResolver.cpp, line 773]
Event: 3.681 Thread 0x000002393453aad0 Exception <a 'java/lang/NoSuchMethodError'{0x00000000854f7710}: 'java.lang.Object java.lang.invoke.DirectMethodHandle$Holder.invokeSpecial(java.lang.Object, java.lang.Object, int, java.lang.Object, int)'> (0x00000000854f7710) 
thrown [s\open\src\hotspot\share\interpreter\linkResolver.cpp, line 773]
Event: 3.741 Thread 0x000002393453aad0 Exception <a 'java/lang/IncompatibleClassChangeError'{0x0000000085063bb8}: Found class java.lang.Object, but interface was expected> (0x0000000085063bb8) 
thrown [s\open\src\hotspot\share\interpreter\linkResolver.cpp, line 840]
Event: 3.749 Thread 0x000002393453aad0 Exception <a 'java/lang/IncompatibleClassChangeError'{0x00000000850e6190}: Found class java.lang.Object, but interface was expected> (0x00000000850e6190) 
thrown [s\open\src\hotspot\share\interpreter\linkResolver.cpp, line 840]

ZGC Phase Switch (0 events):
No events

VM Operations (20 events):
Event: 2.340 Executing VM operation: G1PauseCleanup done
Event: 2.655 Executing VM operation: HandshakeAllThreads (Deoptimize)
Event: 2.655 Executing VM operation: HandshakeAllThreads (Deoptimize) done
Event: 2.665 Executing VM operation: HandshakeAllThreads (Deoptimize)
Event: 2.666 Executing VM operation: HandshakeAllThreads (Deoptimize) done
Event: 2.861 Executing VM operation: G1CollectForAllocation (G1 Evacuation Pause)
Event: 2.867 Executing VM operation: G1CollectForAllocation (G1 Evacuation Pause) done
Event: 3.245 Executing VM operation: HandshakeAllThreads (Deoptimize)
Event: 3.245 Executing VM operation: HandshakeAllThreads (Deoptimize) done
Event: 3.248 Executing VM operation: HandshakeAllThreads (Deoptimize)
Event: 3.248 Executing VM operation: HandshakeAllThreads (Deoptimize) done
Event: 3.269 Executing VM operation: HandshakeAllThreads (Deoptimize)
Event: 3.269 Executing VM operation: HandshakeAllThreads (Deoptimize) done
Event: 3.278 Executing VM operation: G1CollectForAllocation (G1 Evacuation Pause)
Event: 3.287 Executing VM operation: G1CollectForAllocation (G1 Evacuation Pause) done
Event: 3.377 Executing VM operation: HandshakeAllThreads (Deoptimize)
Event: 3.377 Executing VM operation: HandshakeAllThreads (Deoptimize) done
Event: 3.594 Executing VM operation: ICBufferFull
Event: 3.594 Executing VM operation: ICBufferFull done
Event: 3.762 Executing VM operation: G1CollectForAllocation (G1 Evacuation Pause)

Events (20 events):
Event: 2.334 Thread 0x00000239322d7470 flushing nmethod 0x000002393cc47290
Event: 2.334 Thread 0x00000239322d7470 flushing nmethod 0x000002393cc46c90
Event: 2.334 Thread 0x00000239322d7470 flushing nmethod 0x000002393cc46290
Event: 2.334 Thread 0x00000239322d7470 flushing nmethod 0x000002393cc2bb10
Event: 2.334 Thread 0x00000239322d7470 flushing nmethod 0x000002393cc2b690
Event: 2.334 Thread 0x00000239322d7470 flushing nmethod 0x000002393cc1a910
Event: 2.334 Thread 0x00000239322d7470 flushing nmethod 0x000002393cc19c90
Event: 2.334 Thread 0x00000239322d7470 flushing nmethod 0x000002393cc0c190
Event: 2.334 Thread 0x00000239322d7470 flushing nmethod 0x000002393cc12c90
Event: 2.334 Thread 0x00000239322d7470 flushing nmethod 0x000002393cbe7010
Event: 2.334 Thread 0x00000239322d7470 flushing nmethod 0x000002393cac7990
Event: 2.651 Thread 0x0000023944c9b5c0 Thread added: 0x0000023944c9b5c0
Event: 2.655 Thread 0x0000023944c9b5c0 Thread exited: 0x0000023944c9b5c0
Event: 2.717 Thread 0x0000023944c9b5c0 Thread added: 0x0000023944c9b5c0
Event: 2.727 Thread 0x0000023944c9a210 Thread added: 0x0000023944c9a210
Event: 2.840 Thread 0x000002398c302ce0 Thread added: 0x000002398c302ce0
Event: 3.157 Thread 0x000002398c305440 Thread added: 0x000002398c305440
Event: 3.162 Thread 0x000002398c305440 Thread exited: 0x000002398c305440
Event: 3.664 Thread 0x000002398c305440 Thread added: 0x000002398c305440
Event: 3.667 Thread 0x000002398c305440 Thread exited: 0x000002398c305440


Dynamic libraries:
0x00007ff69dab0000 - 0x00007ff69dabe000 	C:\Users\User\.jdks\openjdk-21.0.1\bin\java.exe
0x00007ffafb150000 - 0x00007ffafb367000 	C:\WINDOWS\SYSTEM32\ntdll.dll
0x00007ffafaab0000 - 0x00007ffafab74000 	C:\WINDOWS\System32\KERNEL32.DLL
0x00007ffaf8880000 - 0x00007ffaf8c3a000 	C:\WINDOWS\System32\KERNELBASE.dll
0x00007ffaf8d30000 - 0x00007ffaf8e41000 	C:\WINDOWS\System32\ucrtbase.dll
0x00007ffaee140000 - 0x00007ffaee158000 	C:\Users\User\.jdks\openjdk-21.0.1\bin\jli.dll
0x00007ffaee160000 - 0x00007ffaee17b000 	C:\Users\User\.jdks\openjdk-21.0.1\bin\VCRUNTIME140.dll
0x00007ffafaee0000 - 0x00007ffafb08e000 	C:\WINDOWS\System32\USER32.dll
0x00007ffaf8c40000 - 0x00007ffaf8c66000 	C:\WINDOWS\System32\win32u.dll
0x00007ffae29f0000 - 0x00007ffae2c82000 	C:\WINDOWS\WinSxS\amd64_microsoft.windows.common-controls_6595b64144ccf1df_6.0.22621.4541_none_2710d1c57384c085\COMCTL32.dll
0x00007ffafa300000 - 0x00007ffafa329000 	C:\WINDOWS\System32\GDI32.dll
0x00007ffaf8f70000 - 0x00007ffaf9017000 	C:\WINDOWS\System32\msvcrt.dll
0x00007ffaf8730000 - 0x00007ffaf884b000 	C:\WINDOWS\System32\gdi32full.dll
0x00007ffaf8420000 - 0x00007ffaf84ba000 	C:\WINDOWS\System32\msvcp_win.dll
0x00007ffafab80000 - 0x00007ffafabb1000 	C:\WINDOWS\System32\IMM32.DLL
0x00007ffaf4a80000 - 0x00007ffaf4a8c000 	C:\Users\User\.jdks\openjdk-21.0.1\bin\vcruntime140_1.dll
0x00007ffade150000 - 0x00007ffade1de000 	C:\Users\User\.jdks\openjdk-21.0.1\bin\msvcp140.dll
0x00007ffab3640000 - 0x00007ffab4355000 	C:\Users\User\.jdks\openjdk-21.0.1\bin\server\jvm.dll
0x00007ffaf99c0000 - 0x00007ffaf9a72000 	C:\WINDOWS\System32\ADVAPI32.dll
0x00007ffaf93b0000 - 0x00007ffaf9457000 	C:\WINDOWS\System32\sechost.dll
0x00007ffaf8850000 - 0x00007ffaf8878000 	C:\WINDOWS\System32\bcrypt.dll
0x00007ffaf8e50000 - 0x00007ffaf8f64000 	C:\WINDOWS\System32\RPCRT4.dll
0x00007ffaf9940000 - 0x00007ffaf99b1000 	C:\WINDOWS\System32\WS2_32.dll
0x00007ffaf3980000 - 0x00007ffaf39b4000 	C:\WINDOWS\SYSTEM32\WINMM.dll
0x00007ffaf39c0000 - 0x00007ffaf39ca000 	C:\WINDOWS\SYSTEM32\VERSION.dll
0x00007ffaf8140000 - 0x00007ffaf818d000 	C:\WINDOWS\SYSTEM32\POWRPROF.dll
0x00007ffaf8120000 - 0x00007ffaf8133000 	C:\WINDOWS\SYSTEM32\UMPDC.dll
0x00007ffaf7420000 - 0x00007ffaf7438000 	C:\WINDOWS\SYSTEM32\kernel.appcore.dll
0x00007ffaee130000 - 0x00007ffaee13a000 	C:\Users\User\.jdks\openjdk-21.0.1\bin\jimage.dll
0x00007ffaf5dd0000 - 0x00007ffaf6002000 	C:\WINDOWS\SYSTEM32\DBGHELP.DLL
0x00007ffaf9020000 - 0x00007ffaf93af000 	C:\WINDOWS\System32\combase.dll
0x00007ffaf9630000 - 0x00007ffaf9707000 	C:\WINDOWS\System32\OLEAUT32.dll
0x00007ffac8bc0000 - 0x00007ffac8bf2000 	C:\WINDOWS\SYSTEM32\dbgcore.DLL
0x00007ffaf84c0000 - 0x00007ffaf853b000 	C:\WINDOWS\System32\bcryptPrimitives.dll
0x00007ffaede80000 - 0x00007ffaede8f000 	C:\Users\User\.jdks\openjdk-21.0.1\bin\instrument.dll
0x00007ffaedf50000 - 0x00007ffaedf6f000 	C:\Users\User\.jdks\openjdk-21.0.1\bin\java.dll
0x00007ffaf9a80000 - 0x00007ffafa2f8000 	C:\WINDOWS\System32\SHELL32.dll
0x00007ffaf6310000 - 0x00007ffaf6c18000 	C:\WINDOWS\SYSTEM32\windows.storage.dll
0x00007ffaf61d0000 - 0x00007ffaf630f000 	C:\WINDOWS\SYSTEM32\wintypes.dll
0x00007ffaf94c0000 - 0x00007ffaf95ba000 	C:\WINDOWS\System32\SHCORE.dll
0x00007ffaf9460000 - 0x00007ffaf94be000 	C:\WINDOWS\System32\shlwapi.dll
0x00007ffaf8350000 - 0x00007ffaf837b000 	C:\WINDOWS\SYSTEM32\profapi.dll
0x00007ffae1080000 - 0x00007ffae1098000 	C:\Users\User\.jdks\openjdk-21.0.1\bin\zip.dll
0x00007ffae2ed0000 - 0x00007ffae2ee0000 	C:\Users\User\.jdks\openjdk-21.0.1\bin\net.dll
0x00007ffaf4c30000 - 0x00007ffaf4d66000 	C:\WINDOWS\SYSTEM32\WINHTTP.dll
0x00007ffaf7890000 - 0x00007ffaf78f9000 	C:\WINDOWS\system32\mswsock.dll
0x00007ffae2e20000 - 0x00007ffae2e36000 	C:\Users\User\.jdks\openjdk-21.0.1\bin\nio.dll
0x00007ffae0ec0000 - 0x00007ffae0eda000 	C:\Program Files\JetBrains\IntelliJ IDEA 2024.2.4\bin\breakgen64.dll
0x00007ffae2ec0000 - 0x00007ffae2ec7000 	C:\Users\User\.jdks\openjdk-21.0.1\bin\extnet.dll
0x00007ffaf6ea0000 - 0x00007ffaf6fa2000 	C:\WINDOWS\SYSTEM32\DNSAPI.dll
0x00007ffaf6e70000 - 0x00007ffaf6e9d000 	C:\WINDOWS\SYSTEM32\IPHLPAPI.DLL
0x00007ffafa330000 - 0x00007ffafa339000 	C:\WINDOWS\System32\NSI.dll
0x00007ffaf2e10000 - 0x00007ffaf2e1a000 	C:\Windows\System32\rasadhlp.dll
0x00007ffaf1200000 - 0x00007ffaf1283000 	C:\WINDOWS\System32\fwpuclnt.dll
0x00007ffae04f0000 - 0x00007ffae04fa000 	C:\Users\User\.jdks\openjdk-21.0.1\bin\management.dll
0x00007ffae03c0000 - 0x00007ffae03cb000 	C:\Users\User\.jdks\openjdk-21.0.1\bin\management_ext.dll
0x00007ffafa840000 - 0x00007ffafa848000 	C:\WINDOWS\System32\PSAPI.DLL
0x00007ffaf7be0000 - 0x00007ffaf7bfb000 	C:\WINDOWS\SYSTEM32\CRYPTSP.dll
0x00007ffaf7380000 - 0x00007ffaf73b5000 	C:\WINDOWS\system32\rsaenh.dll
0x00007ffaf7930000 - 0x00007ffaf7958000 	C:\WINDOWS\SYSTEM32\USERENV.dll
0x00007ffaf7bc0000 - 0x00007ffaf7bcc000 	C:\WINDOWS\SYSTEM32\CRYPTBASE.dll
0x00007ffa80460000 - 0x00007ffa80477000 	C:\WINDOWS\system32\napinsp.dll
0x00007ffa80440000 - 0x00007ffa8045b000 	C:\WINDOWS\system32\pnrpnsp.dll
0x00007ffa80420000 - 0x00007ffa80431000 	C:\WINDOWS\System32\winrnr.dll
0x00007ffac6b60000 - 0x00007ffac6b75000 	C:\WINDOWS\system32\wshbth.dll
0x00007ffa85d60000 - 0x00007ffa85d87000 	C:\WINDOWS\system32\nlansp_c.dll
0x00007ffae02e0000 - 0x00007ffae02ee000 	C:\Users\User\.jdks\openjdk-21.0.1\bin\sunmscapi.dll
0x00007ffaf85c0000 - 0x00007ffaf8726000 	C:\WINDOWS\System32\CRYPT32.dll
0x00007ffaf7cf0000 - 0x00007ffaf7d1d000 	C:\WINDOWS\SYSTEM32\ncrypt.dll
0x00007ffaf7cb0000 - 0x00007ffaf7ce7000 	C:\WINDOWS\SYSTEM32\NTASN1.dll
0x00007ffae01b0000 - 0x00007ffae01c0000 	C:\Users\User\.jdks\openjdk-21.0.1\bin\verify.dll

dbghelp: loaded successfully - version: 4.0.5 - missing functions: none
symbol engine: initialized successfully - sym options: 0x614 - pdb path: .;C:\Users\User\.jdks\openjdk-21.0.1\bin;C:\WINDOWS\SYSTEM32;C:\WINDOWS\WinSxS\amd64_microsoft.windows.common-controls_6595b64144ccf1df_6.0.22621.4541_none_2710d1c57384c085;C:\Users\User\.jdks\openjdk-21.0.1\bin\server;C:\Program Files\JetBrains\IntelliJ IDEA 2024.2.4\bin

VM Arguments:
jvm_args: -XX:TieredStopAtLevel=1 -Dspring.output.ansi.enabled=always -Dcom.sun.management.jmxremote -Dspring.jmx.enabled=true -Dspring.liveBeansView.mbeanDomain -Dspring.application.admin.enabled=true -Dmanagement.endpoints.jmx.exposure.include=* -javaagent:C:\Program Files\JetBrains\IntelliJ IDEA 2024.2.4\lib\idea_rt.jar=55242:C:\Program Files\JetBrains\IntelliJ IDEA 2024.2.4\bin -Dfile.encoding=UTF-8 -Dsun.stdout.encoding=UTF-8 -Dsun.stderr.encoding=UTF-8 
java_command: mk.ukim.finki.wp.lab.Lab1bApplication
java_class_path (initial): C:\Users\User\IdeaProjects\laboratoriska3\laboratoriska2-master\laboratoriska2\lab2\target\classes;C:\Users\User\.m2\repository\org\springframework\boot\spring-boot-starter-thymeleaf\3.3.5\spring-boot-starter-thymeleaf-3.3.5.jar;C:\Users\User\.m2\repository\org\springframework\boot\spring-boot-starter\3.3.5\spring-boot-starter-3.3.5.jar;C:\Users\User\.m2\repository\org\springframework\boot\spring-boot\3.3.5\spring-boot-3.3.5.jar;C:\Users\User\.m2\repository\org\springframework\boot\spring-boot-autoconfigure\3.3.5\spring-boot-autoconfigure-3.3.5.jar;C:\Users\User\.m2\repository\org\springframework\boot\spring-boot-starter-logging\3.3.5\spring-boot-starter-logging-3.3.5.jar;C:\Users\User\.m2\repository\ch\qos\logback\logback-classic\1.5.11\logback-classic-1.5.11.jar;C:\Users\User\.m2\repository\ch\qos\logback\logback-core\1.5.11\logback-core-1.5.11.jar;C:\Users\User\.m2\repository\org\apache\logging\log4j\log4j-to-slf4j\2.23.1\log4j-to-slf4j-2.23.1.jar;C:\Users\User\.m2\repository\org\apache\logging\log4j\log4j-api\2.23.1\log4j-api-2.23.1.jar;C:\Users\User\.m2\repository\org\slf4j\jul-to-slf4j\2.0.16\jul-to-slf4j-2.0.16.jar;C:\Users\User\.m2\repository\jakarta\annotation\jakarta.annotation-api\2.1.1\jakarta.annotation-api-2.1.1.jar;C:\Users\User\.m2\repository\org\yaml\snakeyaml\2.2\snakeyaml-2.2.jar;C:\Users\User\.m2\repository\org\thymeleaf\thymeleaf-spring6\3.1.2.RELEASE\thymeleaf-spring6-3.1.2.RELEASE.jar;C:\Users\User\.m2\repository\org\thymeleaf\thymeleaf\3.1.2.RELEASE\thymeleaf-3.1.2.RELEASE.jar;C:\Users\User\.m2\repository\org\attoparser\attoparser\2.0.7.RELEASE\attoparser-2.0.7.RELEASE.jar;C:\Users\User\.m2\repository\org\unbescape\unbescape\1.1.6.RELEASE\unbescape-1.1.6.RELEASE.jar;C:\Users\User\.m2\repository\org\slf4j\slf4j-api\2.0.16\slf4j-api-2.0.16.jar;C:\Users\User\.m2\repository\org\springframework\boot\spring-boot-starter-web\3.3.5\spring-boot-starter-web-3.3.5.jar;C:\Users\User\.m2\repository\org\springframework\boot\spring-boot-starter-json\3.3.5\spring-boot-starter-json-3.3.5.jar;C:\Users\User\.m2\repository\com\fasterxml\jackson\core\jackson-databind\2.17.2\jackson-databind-2.17.2.jar;C:\Users\User\.m2\repository\com\fasterxml\jackson\core\jackson-annotations\2.17.2\jackson-annotations-2.17.2.jar;C:\Users\User\.m2\repository\com\fasterxml\jackson\core\jackson-core\2.17.2\jackson-core-2.17.2.jar;C:\Users\User\.m2\repository\com\fasterxml\jackson\datatype\jackson-datatype-jdk8\2.17.2\jackson-datatype-jdk8-2.17.2.jar;C:\Users\User\.m2\repository\com\fasterxml\jackson\datatype\jackson-datatype-jsr310\2.17.2\jackson-datatype-jsr310-2.17.2.jar;C:\Users\User\.m2\repository\com\fasterxml\jackson\module\jackson-module-parameter-names\2.17.2\jackson-module-parameter-names-2.17.2.jar;C:\Users\User\.m2\repository\org\springframework\boot\spring-boot-starter-tomcat\3.3.5\spring-boot-starter-tomcat-3.3.5.jar;C:\Users\User\.m2\repository\org\apache\tomcat\embed\tomcat-embed-core\10.1.31\tomcat-embed-core-10.1.31.jar;C:\Users\User\.m2\repository\org\apache\tomcat\embed\tomcat-embed-el\10.1.31\tomcat-embed-el-10.1.31.jar;C:\Users\User\.m2\repository\org\apache\tomcat\embed\tomcat-embed-websocket\10.1.31\tomcat-embed-websocket-10.1.31.jar;C:\Users\User\.m2\repository\org\springframework\spring-web\6.1.14\spring-web-6.1.14.jar;C:\Users\User\.m2\repository\org\springframework\spring-beans\6.1.14\spring-beans-6.1.14.jar;C:\Users\User\.m2\repository\io\micrometer\micrometer-observation\1.13.6\micrometer-observation-1.13.6.jar;C:\Users\User\.m2\repository\io\micrometer\micrometer-commons\1.13.6\micrometer-commons-1.13.6.jar;C:\Users\User\.m2\repository\org\springframework\spring-webmvc\6.1.14\spring-webmvc-6.1.14.jar;C:\Users\User\.m2\repository\org\springframework\spring-aop\6.1.14\spring-aop-6.1.14.jar;C:\Users\User\.m2\repository\org\springframework\spring-context\6.1.14\spring-context-6.1.14.jar;C:\Users\User\.m2\repository\org\springframework\spring-expression\6.1.14\spring-expression-6.1.14.jar;C:\Users\User\.m2\repository\org\projectlombok\lombok\1.18.34\lombok-1.18.34.jar;C:\Users\User\.m2\repository\jakarta\xml\bind\jakarta.xml.bind-api\4.0.2\jakarta.xml.bind-api-4.0.2.jar;C:\Users\User\.m2\repository\jakarta\activation\jakarta.activation-api\2.1.3\jakarta.activation-api-2.1.3.jar;C:\Users\User\.m2\repository\net\bytebuddy\byte-buddy\1.14.19\byte-buddy-1.14.19.jar;C:\Users\User\.m2\repository\org\springframework\spring-core\6.1.14\spring-core-6.1.14.jar;C:\Users\User\.m2\repository\org\springframework\spring-jcl\6.1.14\spring-jcl-6.1.14.jar;C:\Users\User\.m2\repository\org\springframework\boot\spring-boot-starter-data-jpa\3.3.5\spring-boot-starter-data-jpa-3.3.5.jar;C:\Users\User\.m2\repository\org\springframework\boot\spring-boot-starter-aop\3.3.5\spring-boot-starter-aop-3.3.5.jar;C:\Users\User\.m2\repository\org\aspectj\aspectjweaver\1.9.22.1\aspectjweaver-1.9.22.1.jar;C:\Users\User\.m2\repository\org\springframework\boot\spring-boot-starter-jdbc\3.3.5\spring-boot-starter-jdbc-3.3.5.jar;C:\Users\User\.m2\repository\com\zaxxer\HikariCP\5.1.0\HikariCP-5.1.0.jar;C:\Users\User\.m2\repository\org\springframework\spring-jdbc\6.1.14\spring-jdbc-6.1.14.jar;C:\Users\User\.m2\repository\org\hibernate\orm\hibernate-core\6.5.3.Final\hibernate-core-6.5.3.Final.jar;C:\Users\User\.m2\repository\jakarta\persistence\jakarta.persistence-api\3.1.0\jakarta.persistence-api-3.1.0.jar;C:\Users\User\.m2\repository\jakarta\transaction\jakarta.transaction-api\2.0.1\jakarta.transaction-api-2.0.1.jar;C:\Users\User\.m2\repository\org\jboss\logging\jboss-logging\3.5.3.Final\jboss-logging-3.5.3.Final.jar;C:\Users\User\.m2\repository\org\hibernate\common\hibernate-commons-annotations\6.0.6.Final\hibernate-commons-annotations-6.0.6.Final.jar;C:\Users\User\.m2\repository\io\smallrye\jandex\3.1.2\jandex-3.1.2.jar;C:\Users\User\.m2\repository\com\fasterxml\classmate\1.7.0\classmate-1.7.0.jar;C:\Users\User\.m2\repository\org\glassfish\jaxb\jaxb-runtime\4.0.5\jaxb-runtime-4.0.5.jar;C:\Users\User\.m2\repository\org\glassfish\jaxb\jaxb-core\4.0.5\jaxb-core-4.0.5.jar;C:\Users\User\.m2\repository\org\eclipse\angus\angus-activation\2.0.2\angus-activation-2.0.2.jar;C:\Users\User\.m2\repository\org\glassfish\jaxb\txw2\4.0.5\txw2-4.0.5.jar;C:\Users\User\.m2\repository\com\sun\istack\istack-commons-runtime\4.1.2\istack-commons-runtime-4.1.2.jar;C:\Users\User\.m2\repository\jakarta\inject\jakarta.inject-api\2.0.1\jakarta.inject-api-2.0.1.jar;C:\Users\User\.m2\repository\org\antlr\antlr4-runtime\4.13.0\antlr4-runtime-4.13.0.jar;C:\Users\User\.m2\repository\org\springframework\data\spring-data-jpa\3.3.5\spring-data-jpa-3.3.5.jar;C:\Users\User\.m2\repository\org\springframework\data\spring-data-commons\3.3.5\spring-data-commons-3.3.5.jar;C:\Users\User\.m2\repository\org\springframework\spring-orm\6.1.14\spring-orm-6.1.14.jar;C:\Users\User\.m2\repository\org\springframework\spring-tx\6.1.14\spring-tx-6.1.14.jar;C:\Users\User\.m2\repository\org\springframework\spring-aspects\6.1.14\spring-aspects-6.1.14.jar;C:\Users\User\.m2\repository\com\h2database\h2\2.2.224\h2-2.2.224.jar;C:\Users\User\.m2\repository\org\postgresql\postgresql\42.7.4\postgresql-42.7.4.jar;C:\Users\User\.m2\repository\org\checkerframework\checker-qual\3.42.0\checker-qual-3.42.0.jar
Launcher Type: SUN_STANDARD

[Global flags]
     intx CICompilerCount                          = 4                                         {product} {ergonomic}
     uint ConcGCThreads                            = 2                                         {product} {ergonomic}
     uint G1ConcRefinementThreads                  = 8                                         {product} {ergonomic}
   size_t G1HeapRegionSize                         = 1048576                                   {product} {ergonomic}
    uintx GCDrainStackTargetSize                   = 64                                        {product} {ergonomic}
   size_t InitialHeapSize                          = 132120576                                 {product} {ergonomic}
     bool ManagementServer                         = true                                      {product} {command line}
   size_t MarkStackSize                            = 4194304                                   {product} {ergonomic}
   size_t MaxHeapSize                              = 2095054848                                {product} {ergonomic}
   size_t MaxNewSize                               = 1256194048                                {product} {ergonomic}
   size_t MinHeapDeltaBytes                        = 1048576                                   {product} {ergonomic}
   size_t MinHeapSize                              = 8388608                                   {product} {ergonomic}
    uintx NonNMethodCodeHeapSize                   = 4096                                   {pd product} {ergonomic}
    uintx NonProfiledCodeHeapSize                  = 0                                      {pd product} {ergonomic}
     bool ProfileInterpreter                       = false                                  {pd product} {command line}
    uintx ProfiledCodeHeapSize                     = 0                                      {pd product} {ergonomic}
   size_t SoftMaxHeapSize                          = 2095054848                             {manageable} {ergonomic}
     intx TieredStopAtLevel                        = 1                                         {product} {command line}
     bool UseCompressedOops                        = true                           {product lp64_product} {ergonomic}
     bool UseG1GC                                  = true                                      {product} {ergonomic}
     bool UseLargePagesIndividualAllocation        = false                                  {pd product} {ergonomic}

Logging:
Log output configuration:
 #0: stdout all=warning uptime,level,tags foldmultilines=false
 #1: stderr all=off uptime,level,tags foldmultilines=false

Environment Variables:
JAVA_HOME=C:\Program Files\Java\jdk-17
PATH=C:\Program Files\Python313\Scripts\;C:\Program Files\Python313\;C:\WINDOWS\system32;C:\WINDOWS;C:\WINDOWS\System32\Wbem;C:\WINDOWS\System32\WindowsPowerShell\v1.0\;C:\WINDOWS\System32\OpenSSH\;C:\Program Files\Java\jdk-22\bin;C:\Program Files\Java\jdk-17\bin;C:\Users\User\anaconda3;C:\Users\User\anaconda3\Scripts;C:\Users\User\anaconda3\Library\bin;C:\Program Files (x86)\Microsoft SQL Server\160\Tools\Binn\;C:\Program Files\Microsoft SQL Server\160\Tools\Binn\;C:\Program Files\Microsoft SQL Server\Client SDK\ODBC\170\Tools\Binn\;C:\Program Files\Microsoft SQL Server\160\DTS\Binn\;C:\Program Files (x86)\Microsoft SQL Server\160\DTS\Binn\;C:\Users\User\AppData\Local\Microsoft\WindowsApps;C:\Program Files\JetBrains\CLion 2022.3.1\bin;;C:\Program Files\JetBrains\WebStorm 2022.3.2\bin;;C:\Tools\Gradle\gradle-8.7-bin\gradle-8.7\bin;;C:\Users\User\AppData\Local\Programs\Azure Data Studio\bin
USERNAME=User
OS=Windows_NT
PROCESSOR_IDENTIFIER=Intel64 Family 6 Model 140 Stepping 1, GenuineIntel
TMP=C:\Users\User\AppData\Local\Temp
TEMP=C:\Users\User\AppData\Local\Temp




Periodic native trim disabled

---------------  S Y S T E M  ---------------

OS:
 Windows 11 , 64 bit Build 22621 (10.0.22621.4391)
OS uptime: 0 days 1:20 hours
Hyper-V role detected

CPU: total 8 (initial active 8) (4 cores per cpu, 2 threads per core) family 6 model 140 stepping 1 microcode 0x8a, cx8, cmov, fxsr, ht, mmx, 3dnowpref, sse, sse2, sse3, ssse3, sse4.1, sse4.2, popcnt, lzcnt, tsc, tscinvbit, avx, avx2, aes, erms, clmul, bmi1, bmi2, adx, avx512f, avx512dq, avx512cd, avx512bw, avx512vl, sha, fma, vzeroupper, avx512_vpopcntdq, avx512_vpclmulqdq, avx512_vaes, avx512_vnni, clflush, clflushopt, clwb, avx512_vbmi2, avx512_vbmi, hv, rdtscp, rdpid, fsrm, gfni, avx512_bitalg, f16c, cet_ibt, cet_ss, avx512_ifma
Processor Information for all 8 processors :
  Max Mhz: 2419, Current Mhz: 2419, Mhz Limit: 2419

Memory: 4k page, system-wide physical 7991M (822M free)
TotalPageFile size 10039M (AvailPageFile size 11M)
current process WorkingSet (physical memory assigned to process): 197M, peak: 197M
current process commit charge ("private bytes"): 236M, peak: 248M

vm_info: OpenJDK 64-Bit Server VM (21.0.1+12-29) for windows-amd64 JRE (21.0.1+12-29), built on 2023-10-05T13:27:09Z by "mach5one" with MS VC++ 17.1 (VS2022)

END.
