#
# There is insufficient memory for the Java Runtime Environment to continue.
# Native memory allocation (mmap) failed to map 65536 bytes for Failed to commit metaspace.
# Possible reasons:
#   The system is out of physical RAM or swap space
#   The process is running with CompressedOops enabled, and the Java Heap may be blocking the growth of the native heap
# Possible solutions:
#   Reduce memory load on the system
#   Increase physical memory or swap space
#   Check if swap backing store is full
#   Decrease Java heap size (-Xmx/-Xms)
#   Decrease number of Java threads
#   Decrease Java thread stack sizes (-Xss)
#   Set larger code cache with -XX:ReservedCodeCacheSize=
#   JVM is running with Unscaled Compressed Oops mode in which the Java heap is
#     placed in the first 4GB address space. The Java Heap base address is the
#     maximum limit for the native heap growth. Please use -XX:HeapBaseMinAddress
#     to set the Java Heap base and to place the Java Heap above 4GB virtual address.
# This output file may be truncated or incomplete.
#
#  Out of Memory Error (virtualSpaceNode.cpp:112), pid=11040, tid=6128
#
# JRE version: OpenJDK Runtime Environment (21.0.1+12) (build 21.0.1+12-29)
# Java VM: OpenJDK 64-Bit Server VM (21.0.1+12-29, mixed mode, emulated-client, sharing, tiered, compressed oops, compressed class ptrs, g1 gc, windows-amd64)
# No core dump will be written. Minidumps are not enabled by default on client versions of Windows
#

---------------  S U M M A R Y ------------

Command Line: -XX:TieredStopAtLevel=1 -Dspring.output.ansi.enabled=always -Dcom.sun.management.jmxremote -Dspring.jmx.enabled=true -Dspring.liveBeansView.mbeanDomain -Dspring.application.admin.enabled=true -Dmanagement.endpoints.jmx.exposure.include=* -javaagent:C:\Program Files\JetBrains\IntelliJ IDEA 2024.2.4\lib\idea_rt.jar=50824:C:\Program Files\JetBrains\IntelliJ IDEA 2024.2.4\bin -Dfile.encoding=UTF-8 -Dsun.stdout.encoding=UTF-8 -Dsun.stderr.encoding=UTF-8 mk.ukim.finki.wp.lab.Lab1bApplication

Host: 11th Gen Intel(R) Core(TM) i5-1135G7 @ 2.40GHz, 8 cores, 7G,  Windows 11 , 64 bit Build 22621 (10.0.22621.4391)
Time: Sat Dec 21 23:36:28 2024 Central European Standard Time elapsed time: 1.872874 seconds (0d 0h 0m 1s)

---------------  T H R E A D  ---------------

Current thread (0x000002e29ab45e30):  JavaThread "main"             [_thread_in_vm, id=6128, stack(0x000000ee75b00000,0x000000ee75c00000) (1024K)]

Stack: [0x000000ee75b00000,0x000000ee75c00000]
Native frames: (J=compiled Java code, j=interpreted, Vv=VM code, C=native code)
V  [jvm.dll+0x6c9029]
V  [jvm.dll+0x854b81]
V  [jvm.dll+0x856e5e]
V  [jvm.dll+0x857543]
V  [jvm.dll+0x280c06]
V  [jvm.dll+0x8508ae]
V  [jvm.dll+0x66ca45]
V  [jvm.dll+0x1e677c]
V  [jvm.dll+0x1e654e]
V  [jvm.dll+0x66f35c]
V  [jvm.dll+0x66f172]
V  [jvm.dll+0x66d41e]
V  [jvm.dll+0x677657]
V  [jvm.dll+0x288fc4]
V  [jvm.dll+0x28a352]
V  [jvm.dll+0x21035a]
V  [jvm.dll+0x20faed]
V  [jvm.dll+0x5ac706]
V  [jvm.dll+0x7cd7a6]
V  [jvm.dll+0x46fd60]
V  [jvm.dll+0x4759e8]
C  [java.dll+0x17ec]

Java frames: (J=compiled Java code, j=interpreted, Vv=VM code)
j  java.lang.ClassLoader.defineClass1(Ljava/lang/ClassLoader;Ljava/lang/String;[BIILjava/security/ProtectionDomain;Ljava/lang/String;)Ljava/lang/Class;+0 java.base@21.0.1
j  java.lang.ClassLoader.defineClass(Ljava/lang/String;[BIILjava/security/ProtectionDomain;)Ljava/lang/Class;+27 java.base@21.0.1
j  java.security.SecureClassLoader.defineClass(Ljava/lang/String;[BIILjava/security/CodeSource;)Ljava/lang/Class;+12 java.base@21.0.1
j  jdk.internal.loader.BuiltinClassLoader.defineClass(Ljava/lang/String;Ljdk/internal/loader/Resource;)Ljava/lang/Class;+117 java.base@21.0.1
j  jdk.internal.loader.BuiltinClassLoader.findClassOnClassPathOrNull(Ljava/lang/String;)Ljava/lang/Class;+37 java.base@21.0.1
J 1226 c1 jdk.internal.loader.BuiltinClassLoader.loadClassOrNull(Ljava/lang/String;Z)Ljava/lang/Class; java.base@21.0.1 (143 bytes) @ 0x000002e2a4c4cb0c [0x000002e2a4c4c700+0x000000000000040c]
J 1340 c1 jdk.internal.loader.ClassLoaders$AppClassLoader.loadClass(Ljava/lang/String;Z)Ljava/lang/Class; java.base@21.0.1 (40 bytes) @ 0x000002e2a4c8098c [0x000002e2a4c80940+0x000000000000004c]
J 1326 c1 java.lang.ClassLoader.loadClass(Ljava/lang/String;)Ljava/lang/Class; java.base@21.0.1 (7 bytes) @ 0x000002e2a4c7aa14 [0x000002e2a4c7a9c0+0x0000000000000054]
v  ~StubRoutines::call_stub 0x000002e2a47a10e7
j  org.springframework.util.StringUtils.toStringArray(Ljava/util/Collection;)[Ljava/lang/String;+1
j  org.springframework.util.StringUtils.delimitedListToStringArray(Ljava/lang/String;Ljava/lang/String;Ljava/lang/String;)[Ljava/lang/String;+160
j  org.springframework.util.StringUtils.delimitedListToStringArray(Ljava/lang/String;Ljava/lang/String;)[Ljava/lang/String;+3
j  org.springframework.util.StringUtils.cleanPath(Ljava/lang/String;)Ljava/lang/String;+134
j  org.springframework.core.io.UrlResource.getFilename()Ljava/lang/String;+37
j  org.springframework.core.io.support.PropertiesLoaderUtils.fillProperties(Ljava/util/Properties;Lorg/springframework/core/io/Resource;)V+8
j  org.springframework.core.io.support.PropertiesLoaderUtils.loadProperties(Lorg/springframework/core/io/Resource;)Ljava/util/Properties;+10
j  org.springframework.core.io.support.SpringFactoriesLoader.loadFactoriesResource(Ljava/lang/ClassLoader;Ljava/lang/String;)Ljava/util/Map;+43
j  org.springframework.core.io.support.SpringFactoriesLoader.lambda$forResourceLocation$2(Ljava/lang/ClassLoader;Ljava/lang/ClassLoader;Ljava/lang/String;Ljava/lang/String;)Lorg/springframework/core/io/support/SpringFactoriesLoader;+7
j  org.springframework.core.io.support.SpringFactoriesLoader$$Lambda+0x000002e2af0ec6d8.apply(Ljava/lang/Object;)Ljava/lang/Object;+16
j  java.util.concurrent.ConcurrentMap.computeIfAbsent(Ljava/lang/Object;Ljava/util/function/Function;)Ljava/lang/Object;+19 java.base@21.0.1
j  org.springframework.core.io.support.SpringFactoriesLoader.forResourceLocation(Ljava/lang/String;Ljava/lang/ClassLoader;)Lorg/springframework/core/io/support/SpringFactoriesLoader;+48
j  org.springframework.core.io.support.SpringFactoriesLoader.forDefaultResourceLocation(Ljava/lang/ClassLoader;)Lorg/springframework/core/io/support/SpringFactoriesLoader;+3
j  org.springframework.boot.SpringApplication.getSpringFactoriesInstances(Ljava/lang/Class;Lorg/springframework/core/io/support/SpringFactoriesLoader$ArgumentResolver;)Ljava/util/List;+4
j  org.springframework.boot.SpringApplication.getSpringFactoriesInstances(Ljava/lang/Class;)Ljava/util/List;+3
j  org.springframework.boot.SpringApplication.<init>(Lorg/springframework/core/io/ResourceLoader;[Ljava/lang/Class;)V+119
j  org.springframework.boot.SpringApplication.<init>([Ljava/lang/Class;)V+3
j  org.springframework.boot.SpringApplication.run([Ljava/lang/Class;[Ljava/lang/String;)Lorg/springframework/context/ConfigurableApplicationContext;+5
j  org.springframework.boot.SpringApplication.run(Ljava/lang/Class;[Ljava/lang/String;)Lorg/springframework/context/ConfigurableApplicationContext;+9
j  mk.ukim.finki.wp.lab.Lab1bApplication.main([Ljava/lang/String;)V+3
v  ~StubRoutines::call_stub 0x000002e2a47a10e7

Compiled method (c1)    1912 1226   !   1       jdk.internal.loader.BuiltinClassLoader::loadClassOrNull (143 bytes)
 total in heap  [0x000002e2a4c4c490,0x000002e2a4c4d418] = 3976
 relocation     [0x000002e2a4c4c5f0,0x000002e2a4c4c6e8] = 248
 main code      [0x000002e2a4c4c700,0x000002e2a4c4cd30] = 1584
 stub code      [0x000002e2a4c4cd30,0x000002e2a4c4ce10] = 224
 metadata       [0x000002e2a4c4ce10,0x000002e2a4c4ce88] = 120
 scopes data    [0x000002e2a4c4ce88,0x000002e2a4c4d080] = 504
 scopes pcs     [0x000002e2a4c4d080,0x000002e2a4c4d210] = 400
 dependencies   [0x000002e2a4c4d210,0x000002e2a4c4d228] = 24
 handler table  [0x000002e2a4c4d228,0x000002e2a4c4d3d8] = 432
 nul chk table  [0x000002e2a4c4d3d8,0x000002e2a4c4d418] = 64

[Constant Pool (empty)]

[MachCode]
[Entry Point]
  # {method} {0x000002e2ae069478} 'loadClassOrNull' '(Ljava/lang/String;Z)Ljava/lang/Class;' in 'jdk/internal/loader/BuiltinClassLoader'
  # this:     rdx:rdx   = 'jdk/internal/loader/BuiltinClassLoader'
  # parm0:    r8:r8     = 'java/lang/String'
  # parm1:    r9        = boolean
  #           [sp+0x100]  (sp of caller)
  0x000002e2a4c4c700: 448b 5208 | 49bb 0000 | 00ae e202 | 0000 4d03 | d34c 3bd0 

  0x000002e2a4c4c714: ;   {runtime_call ic_miss_stub}
  0x000002e2a4c4c714: 0f85 6622 | baff 660f | 1f44 0000 
[Verified Entry Point]
  0x000002e2a4c4c720: 8984 2400 | 80ff ff55 | 4881 ecf0 | 0000 0090 | 4181 7f20 | 0100 0000 

  0x000002e2a4c4c738: ;   {runtime_call StubRoutines (final stubs)}
  0x000002e2a4c4c738: 7405 e8c1 | 9ab8 ff48 | 8994 24a0 | 0000 004c | 8984 2498 | 0000 008b | 5a28 4883 | fb00 0f85 
  0x000002e2a4c4c758: 1000 0000 | 488b f244 | 898c 24a8 | 0000 00e9 | 9d00 0000 | 4489 8c24 | a800 0000 

  0x000002e2a4c4c774: ;   {metadata('java/lang/Object')}
  0x000002e2a4c4c774: 48ba 800e | 00ae e202 | 0000 498b | 87b8 0100 | 0048 8d78 | 1049 3bbf | c801 0000 | 0f87 ce04 
  0x000002e2a4c4c794: 0000 4989 | bfb8 0100 | 0048 c700 | 0100 0000 | 488b ca49 | ba00 0000 | aee2 0200 | 0049 2bca 
  0x000002e2a4c4c7b4: 8948 0848 | 33c9 8948 | 0c48 33c9 

  0x000002e2a4c4c7c0: ; implicit exception: dispatches to 0x000002e2a4c4cc71
  0x000002e2a4c4c7c0: 483b 0349 | 8bf0 4c8b | c64c 8bc8 | bf01 0000 | 0048 8bd3 | 4889 8424 | 9000 0000 

  0x000002e2a4c4c7dc: ;   {optimized virtual_call}
  0x000002e2a4c4c7dc: 6666 90e8 

  0x000002e2a4c4c7e0: ; ImmutableOopMap {[144]=Oop [152]=Oop [160]=Oop }
                      ;*invokevirtual putVal {reexecute=0 rethrow=0 return_oop=0}
                      ; - java.util.concurrent.ConcurrentHashMap::putIfAbsent@4 (line 1541)
                      ; - java.lang.ClassLoader::getClassLoadingLock@23 (line 681)
                      ; - jdk.internal.loader.BuiltinClassLoader::loadClassOrNull@2 (line 651)
  0x000002e2a4c4c7e0: fc27 d1ff 

  0x000002e2a4c4c7e4: ;   {other}
  0x000002e2a4c4c7e4: 0f1f 8400 | 5403 0000 | 4883 f800 | 0f84 0800 | 0000 488b | f0e9 0b00 | 0000 488b | 8424 9000 
  0x000002e2a4c4c804: 0000 488b | f048 8d94 | 24d0 0000 | 0048 8972 | 0848 8b06 | 4883 c801 | 4889 02f0 | 480f b116 
  0x000002e2a4c4c824: 0f84 1200 | 0000 482b | c448 2507 | f0ff ff48 | 8902 0f85 | 3f04 0000 | 49ff 8750 | 0500 0048 
  0x000002e2a4c4c844: 8b94 2498 | 0000 0048 | 89b4 24b0 | 0000 000f 

  0x000002e2a4c4c854: ;   {static_call}
  0x000002e2a4c4c854: 1f40 00e8 

  0x000002e2a4c4c858: ; ImmutableOopMap {[152]=Oop [160]=Oop [176]=Oop [216]=Oop }
                      ;*invokestatic checkName {reexecute=0 rethrow=0 return_oop=0}
                      ; - java.lang.ClassLoader::findLoadedClass@1 (line 1298)
                      ; - jdk.internal.loader.BuiltinClassLoader::loadClassOrNull@10 (line 653)
  0x000002e2a4c4c858: 0470 feff 

  0x000002e2a4c4c85c: ;   {other}
  0x000002e2a4c4c85c: 0f1f 8400 | cc03 0001 | 83f8 000f | 850f 0000 

  0x000002e2a4c4c86c: ;   {oop(nullptr)}
  0x000002e2a4c4c86c: 0048 be00 | 0000 0000 | 0000 00e9 | 2300 0000 | 4c8b 8424 | 9800 0000 | 488b 9424 | a000 0000 
  0x000002e2a4c4c88c: ;   {optimized virtual_call}
  0x000002e2a4c4c88c: 6666 90e8 

  0x000002e2a4c4c890: ; ImmutableOopMap {[152]=Oop [160]=Oop [176]=Oop [216]=Oop }
                      ;*invokevirtual findLoadedClass0 {reexecute=0 rethrow=0 return_oop=0}
                      ; - java.lang.ClassLoader::findLoadedClass@11 (line 1300)
                      ; - jdk.internal.loader.BuiltinClassLoader::loadClassOrNull@10 (line 653)
  0x000002e2a4c4c890: ccbd ffff 

  0x000002e2a4c4c894: ;   {other}
  0x000002e2a4c4c894: 0f1f 8400 | 0404 0002 | 488b f048 | 83fe 000f | 856e 0200 | 0048 89b4 | 24b8 0000 | 004c 8b84 
  0x000002e2a4c4c8b4: 2498 0000 | 0041 8b48 | 1444 8b49 | 0c41 0fbe | 4810 c1e1 | 18c1 f918 | 41d3 f941 | ffc9 498b 
  0x000002e2a4c4c8d4: f841 b82e | 0000 0048 

  0x000002e2a4c4c8dc: ;   {optimized virtual_call}
  0x000002e2a4c4c8dc: 8bd7 90e8 

  0x000002e2a4c4c8e0: ; ImmutableOopMap {[152]=Oop [160]=Oop [176]=Oop [184]=Oop [216]=Oop }
                      ;*invokevirtual lastIndexOf {reexecute=0 rethrow=0 return_oop=0}
                      ; - java.lang.String::lastIndexOf@8 (line 2531)
                      ; - jdk.internal.loader.BuiltinClassLoader::findLoadedModule@3 (line 709)
                      ; - jdk.internal.loader.BuiltinClassLoader::loadClassOrNull@22 (line 658)
  0x000002e2a4c4c8e0: fc95 d9ff 

  0x000002e2a4c4c8e4: ;   {other}
  0x000002e2a4c4c8e4: 0f1f 8400 | 5404 0003 | 83f8 000f | 8d0f 0000 

  0x000002e2a4c4c8f4: ;   {oop(nullptr)}
  0x000002e2a4c4c8f4: 0048 be00 | 0000 0000 | 0000 00e9 | 7900 0000 | 41b8 0000 | 0000 4c8b | c848 8b94 | 2498 0000 
  0x000002e2a4c4c914: ;   {optimized virtual_call}
  0x000002e2a4c4c914: 0066 90e8 

  0x000002e2a4c4c918: ; ImmutableOopMap {[152]=Oop [160]=Oop [176]=Oop [184]=Oop [216]=Oop }
                      ;*invokevirtual substring {reexecute=0 rethrow=0 return_oop=0}
                      ; - jdk.internal.loader.BuiltinClassLoader::findLoadedModule@16 (line 713)
                      ; - jdk.internal.loader.BuiltinClassLoader::loadClassOrNull@22 (line 658)
  0x000002e2a4c4c918: 6488 d4ff 

  0x000002e2a4c4c91c: ;   {other}
  0x000002e2a4c4c91c: 0f1f 8400 | 8c04 0004 

  0x000002e2a4c4c924: ;   {oop(a 'java/util/concurrent/ConcurrentHashMap'{0x000000008af66f48})}
  0x000002e2a4c4c924: 4c8b c048 | ba48 6ff6 | 8a00 0000 | 0066 0f1f 

  0x000002e2a4c4c934: ;   {optimized virtual_call}
  0x000002e2a4c4c934: 4400 00e8 

  0x000002e2a4c4c938: ; ImmutableOopMap {[152]=Oop [160]=Oop [176]=Oop [184]=Oop [216]=Oop }
                      ;*invokeinterface get {reexecute=0 rethrow=0 return_oop=0}
                      ; - jdk.internal.loader.BuiltinClassLoader::findLoadedModule@24 (line 714)
                      ; - jdk.internal.loader.BuiltinClassLoader::loadClassOrNull@22 (line 658)
  0x000002e2a4c4c938: 8458 d3ff 

  0x000002e2a4c4c93c: ;   {other}
  0x000002e2a4c4c93c: 0f1f 8400 | ac04 0005 | 4883 f800 | 0f84 2900 

  0x000002e2a4c4c94c: ;   {metadata('jdk/internal/loader/BuiltinClassLoader$LoadedModule')}
  0x000002e2a4c4c94c: 0000 48be | 0855 17ae | e202 0000 | 448b 4808 | 49ba 0000 | 00ae e202 | 0000 4d03 | ca49 3bf1 
  0x000002e2a4c4c96c: 0f85 2603 | 0000 e900 | 0000 004c | 8bc0 498b | f048 83fe | 0048 8b94 | 24a0 0000 | 000f 84ad 
  0x000002e2a4c4c98c: 0000 008b | 7e0c 483b | fa0f 8569 

  0x000002e2a4c4c998: ;   {oop(a 'java/lang/Class'{0x000000008af09af8} = 'jdk/internal/misc/VM')}
  0x000002e2a4c4c998: 0000 0049 | b8f8 9af0 | 8a00 0000 | 0045 8b80 | 9400 0000 | 4183 f802 | 41b8 0000 | 0000 0f8c 
  0x000002e2a4c4c9b8: 0600 0000 | 41b8 0100 | 0000 4183 | e001 4183 | f800 0f85 | 0d00 0000 | 488b b424 | b800 0000 
  0x000002e2a4c4c9d8: e93a 0100 | 004c 8b84 | 2498 0000 | 004c 8bce | 488b f248 

  0x000002e2a4c4c9ec: ;   {optimized virtual_call}
  0x000002e2a4c4c9ec: 8bd6 90e8 

  0x000002e2a4c4c9f0: ; ImmutableOopMap {[160]=Oop [176]=Oop [216]=Oop }
                      ;*invokevirtual defineClass {reexecute=0 rethrow=0 return_oop=0}
                      ; - jdk.internal.loader.BuiltinClassLoader::findClassInModuleOrNull@9 (line 741)
                      ; - jdk.internal.loader.BuiltinClassLoader::loadClassOrNull@55 (line 665)
  0x000002e2a4c4c9f0: 8c24 baff 

  0x000002e2a4c4c9f4: ;   {other}
  0x000002e2a4c4c9f4: 0f1f 8400 | 6405 0006 | 488b f0e9 | 1301 0000 

  0x000002e2a4c4ca04: ; implicit exception: dispatches to 0x000002e2a4c4cca6
  0x000002e2a4c4ca04: 483b 074c | 8b84 2498 | 0000 0041 | b900 0000 | 0048 8bd7 | 0f1f 4400 | 0048 b8ff | ffff ffff 
  0x000002e2a4c4ca24: ;   {virtual_call}
  0x000002e2a4c4ca24: ffff ffe8 

  0x000002e2a4c4ca28: ; ImmutableOopMap {[160]=Oop [176]=Oop [216]=Oop }
                      ;*invokevirtual loadClassOrNull {reexecute=0 rethrow=0 return_oop=0}
                      ; - jdk.internal.loader.BuiltinClassLoader::loadClassOrNull@3 (line 700)
                      ; - jdk.internal.loader.BuiltinClassLoader::loadClassOrNull@66 (line 669)
  0x000002e2a4c4ca28: b408 baff 

  0x000002e2a4c4ca2c: ;   {other}
  0x000002e2a4c4ca2c: 0f1f 8400 | 9c05 0007 | 488b f0e9 | db00 0000 | 8b72 5448 | 83fe 000f | 850d 0000 | 0048 8bb4 
  0x000002e2a4c4ca4c: 24b8 0000 | 00e9 3100 | 0000 483b | 064c 8b84 | 2498 0000 | 0041 b900 | 0000 0048 | 8bd6 6666 
  0x000002e2a4c4ca6c: 9048 b8b8 | a606 aee2 

  0x000002e2a4c4ca74: ;   {virtual_call}
  0x000002e2a4c4ca74: 0200 00e8 

  0x000002e2a4c4ca78: ; ImmutableOopMap {[152]=Oop [160]=Oop [176]=Oop [216]=Oop }
                      ;*invokevirtual loadClassOrNull {reexecute=0 rethrow=0 return_oop=0}
                      ; - jdk.internal.loader.BuiltinClassLoader::loadClassOrNull@3 (line 700)
                      ; - jdk.internal.loader.BuiltinClassLoader::loadClassOrNull@86 (line 676)
  0x000002e2a4c4ca78: e402 baff 

  0x000002e2a4c4ca7c: ;   {other}
  0x000002e2a4c4ca7c: 0f1f 8400 | ec05 0008 | 488b f048 | 83fe 000f | 8586 0000 | 0048 8b94 | 24a0 0000 | 0044 8b42 
  0x000002e2a4c4ca9c: 5849 83f8 | 0041 b800 | 0000 000f | 8406 0000 | 0041 b801 | 0000 0041 | 83e0 0141 | 83f8 000f 
  0x000002e2a4c4cabc: 8456 0000 

  0x000002e2a4c4cac0: ;   {oop(a 'java/lang/Class'{0x000000008af09af8} = 'jdk/internal/misc/VM')}
  0x000002e2a4c4cac0: 0049 b8f8 | 9af0 8a00 | 0000 0045 | 8b80 9400 | 0000 4183 | f802 41b8 | 0000 0000 | 0f8c 0600 
  0x000002e2a4c4cae0: 0000 41b8 | 0100 0000 | 4183 e001 | 4183 f800 | 0f84 2100 | 0000 4c8b | 8424 9800 | 0000 488b 
  0x000002e2a4c4cb00: f248 8bd6 

  0x000002e2a4c4cb04: ;   {optimized virtual_call}
  0x000002e2a4c4cb04: 6666 90e8 

  0x000002e2a4c4cb08: ; ImmutableOopMap {[160]=Oop [176]=Oop [216]=Oop }
                      ;*invokevirtual findClassOnClassPathOrNull {reexecute=0 rethrow=0 return_oop=0}
                      ; - jdk.internal.loader.BuiltinClassLoader::loadClassOrNull@111 (line 681)
  0x000002e2a4c4cb08: b202 0000 

  0x000002e2a4c4cb0c: ;   {other}
  0x000002e2a4c4cb0c: 0f1f 8400 | 7c06 0009 | 488b f044 | 8b8c 24a8 | 0000 0041 | 83f9 000f | 8414 0000 | 0048 83fe 
  0x000002e2a4c4cb2c: 000f 840a | 0000 0048 | 83fe 000f | 8443 0000 | 0048 8d84 | 24d0 0000 | 0048 8b10 | 4885 d20f 
  0x000002e2a4c4cb4c: 840f 0000 | 0048 8b78 | 08f0 480f | b117 0f85 | 5001 0000 | 49ff 8f50 | 0500 0048 | 8bc6 4881 
  0x000002e2a4c4cb6c: c4f0 0000 

  0x000002e2a4c4cb70: ;   {poll_return}
  0x000002e2a4c4cb70: 005d 493b | a750 0400 | 000f 8747 | 0100 00c3 | 4889 b424 | c800 0000 

  0x000002e2a4c4cb88: ;   {metadata('java/lang/NullPointerException')}
  0x000002e2a4c4cb88: 48ba d8d7 | 06ae e202 | 0000 498b | 87b8 0100 | 0048 8d78 | 3049 3bbf | c801 0000 | 0f87 3201 
  0x000002e2a4c4cba8: 0000 4989 | bfb8 0100 | 0048 c700 | 0100 0000 | 488b ca49 | ba00 0000 | aee2 0200 | 0049 2bca 
  0x000002e2a4c4cbc8: 8948 0848 | 33c9 8948 | 0c48 33c9 | 4889 4810 | 4889 4818 | 4889 4820 | 4889 4828 | 488b d048 
  0x000002e2a4c4cbe8: 8984 24c0 

  0x000002e2a4c4cbec: ;   {optimized virtual_call}
  0x000002e2a4c4cbec: 0000 00e8 

  0x000002e2a4c4cbf0: ; ImmutableOopMap {[176]=Oop [192]=Oop [200]=Oop [216]=Oop }
                      ;*invokespecial <init> {reexecute=0 rethrow=0 return_oop=0}
                      ; - java.lang.ClassLoader::resolveClass@8 (line 1238)
                      ; - jdk.internal.loader.BuiltinClassLoader::loadClassOrNull@128 (line 688)
  0x000002e2a4c4cbf0: 8c22 baff 

  0x000002e2a4c4cbf4: ;   {other}
  0x000002e2a4c4cbf4: 0f1f 8400 | 6407 000a | 488b 8424 

  0x000002e2a4c4cc00: ; ImmutableOopMap {rax=Oop [176]=Oop [200]=Oop [216]=Oop }
                      ;*athrow {reexecute=1 rethrow=0 return_oop=0}
                      ; - (reexecute) java.lang.ClassLoader::resolveClass@11 (line 1238)
                      ; - jdk.internal.loader.BuiltinClassLoader::loadClassOrNull@128 (line 688)
  0x000002e2a4c4cc00: c000 0000 

  0x000002e2a4c4cc04: ;   {section_word}
  0x000002e2a4c4cc04: 48ba 04cc | c4a4 e202 

  0x000002e2a4c4cc0c: ;   {runtime_call handle_exception_nofpu Runtime1 stub}
  0x000002e2a4c4cc0c: 0000 e8ed | e3c6 ff90 | 498b 8700 | 0500 004d | 33d2 4d89 | 9700 0500 | 004d 33d2 | 4d89 9708 
  0x000002e2a4c4cc2c: 0500 0048 | 8bf0 488d | 8424 d000 | 0000 488b | 3848 85ff | 0f84 0f00 | 0000 488b | 5808 f048 
  0x000002e2a4c4cc4c: 0fb1 3b0f | 8594 0000 | 0049 ff8f | 5005 0000 | 488b c6e9 | b800 0000 

  0x000002e2a4c4cc64: ;   {runtime_call fast_new_instance Runtime1 stub}
  0x000002e2a4c4cc64: 488b d2e8 

  0x000002e2a4c4cc68: ; ImmutableOopMap {r8=Oop rbx=Oop [152]=Oop [160]=Oop }
                      ;*new {reexecute=0 rethrow=0 return_oop=0}
                      ; - java.lang.ClassLoader::getClassLoadingLock@9 (line 680)
                      ; - jdk.internal.loader.BuiltinClassLoader::loadClassOrNull@2 (line 651)
  0x000002e2a4c4cc68: 94c9 c6ff | e94f fbff 

  0x000002e2a4c4cc70: ;   {runtime_call throw_null_pointer_exception Runtime1 stub}
  0x000002e2a4c4cc70: ffe8 aabe 

  0x000002e2a4c4cc74: ; ImmutableOopMap {r8=Oop rbx=Oop rax=Oop [152]=Oop [160]=Oop }
                      ;*invokevirtual putIfAbsent {reexecute=0 rethrow=0 return_oop=0}
                      ; - java.lang.ClassLoader::getClassLoadingLock@23 (line 681)
                      ; - jdk.internal.loader.BuiltinClassLoader::loadClassOrNull@2 (line 651)
                      ;   {runtime_call throw_null_pointer_exception Runtime1 stub}
  0x000002e2a4c4cc74: c6ff e8a5 

  0x000002e2a4c4cc78: ; ImmutableOopMap {rsi=Oop [152]=Oop [160]=Oop }
                      ;*monitorenter {reexecute=0 rethrow=0 return_oop=0}
                      ; - jdk.internal.loader.BuiltinClassLoader::loadClassOrNull@7 (line 651)
  0x000002e2a4c4cc78: bec6 ff48 | 8974 2408 | 4889 1424 

  0x000002e2a4c4cc84: ;   {runtime_call monitorenter_nofpu Runtime1 stub}
  0x000002e2a4c4cc84: e8f7 fcc6 

  0x000002e2a4c4cc88: ; ImmutableOopMap {rsi=Oop [152]=Oop [160]=Oop [216]=Oop }
                      ;*monitorenter {reexecute=0 rethrow=0 return_oop=0}
                      ; - jdk.internal.loader.BuiltinClassLoader::loadClassOrNull@7 (line 651)
  0x000002e2a4c4cc88: ffe9 b5fb 

  0x000002e2a4c4cc8c: ;   {runtime_call throw_null_pointer_exception Runtime1 stub}
  0x000002e2a4c4cc8c: ffff e88d 

  0x000002e2a4c4cc90: ; ImmutableOopMap {r8=Oop [152]=Oop [160]=Oop [176]=Oop [184]=Oop [216]=Oop }
                      ;*invokevirtual lastIndexOf {reexecute=0 rethrow=0 return_oop=0}
                      ; - jdk.internal.loader.BuiltinClassLoader::findLoadedModule@3 (line 709)
                      ; - jdk.internal.loader.BuiltinClassLoader::loadClassOrNull@22 (line 658)
                      ;   {runtime_call throw_null_pointer_exception Runtime1 stub}
  0x000002e2a4c4cc90: bec6 ffe8 

  0x000002e2a4c4cc94: ; ImmutableOopMap {r8=Oop [152]=Oop [160]=Oop [176]=Oop [184]=Oop [216]=Oop }
                      ;*arraylength {reexecute=0 rethrow=0 return_oop=0}
                      ; - java.lang.String::length@4 (line 1519)
                      ; - java.lang.String::lastIndexOf@3 (line 2531)
                      ; - jdk.internal.loader.BuiltinClassLoader::findLoadedModule@3 (line 709)
                      ; - jdk.internal.loader.BuiltinClassLoader::loadClassOrNull@22 (line 658)
  0x000002e2a4c4cc94: 88be c6ff | 4889 0424 

  0x000002e2a4c4cc9c: ;   {runtime_call throw_class_cast_exception Runtime1 stub}
  0x000002e2a4c4cc9c: e87f f0c6 

  0x000002e2a4c4cca0: ; ImmutableOopMap {[152]=Oop [160]=Oop [176]=Oop [184]=Oop [216]=Oop }
                      ;*checkcast {reexecute=0 rethrow=0 return_oop=0}
                      ; - jdk.internal.loader.BuiltinClassLoader::findLoadedModule@29 (line 714)
                      ; - jdk.internal.loader.BuiltinClassLoader::loadClassOrNull@22 (line 658)
                      ;   {runtime_call throw_null_pointer_exception Runtime1 stub}
  0x000002e2a4c4cca0: ffe8 7abe 

  0x000002e2a4c4cca4: ; ImmutableOopMap {rsi=Oop rdx=Oop [152]=Oop [160]=Oop [176]=Oop [184]=Oop [216]=Oop }
                      ;*invokevirtual loader {reexecute=0 rethrow=0 return_oop=0}
                      ; - jdk.internal.loader.BuiltinClassLoader::loadClassOrNull@34 (line 662)
                      ;   {runtime_call throw_null_pointer_exception Runtime1 stub}
  0x000002e2a4c4cca4: c6ff e875 

  0x000002e2a4c4cca8: ; ImmutableOopMap {rdi=Oop [152]=Oop [160]=Oop [176]=Oop [216]=Oop }
                      ;*invokevirtual loadClassOrNull {reexecute=0 rethrow=0 return_oop=0}
                      ; - jdk.internal.loader.BuiltinClassLoader::loadClassOrNull@66 (line 669)
                      ;   {runtime_call throw_null_pointer_exception Runtime1 stub}
  0x000002e2a4c4cca8: bec6 ffe8 

  0x000002e2a4c4ccac: ; ImmutableOopMap {rsi=Oop [152]=Oop [160]=Oop [176]=Oop [216]=Oop }
                      ;*invokevirtual loadClassOrNull {reexecute=0 rethrow=0 return_oop=0}
                      ; - jdk.internal.loader.BuiltinClassLoader::loadClassOrNull@86 (line 676)
  0x000002e2a4c4ccac: 70be c6ff | 488d 8424 | d000 0000 | 4889 0424 

  0x000002e2a4c4ccbc: ;   {runtime_call monitorexit_nofpu Runtime1 stub}
  0x000002e2a4c4ccbc: e83f 03c7 | ffe9 a1fe 

  0x000002e2a4c4ccc4: ;   {internal_word}
  0x000002e2a4c4ccc4: ffff 49ba | 72cb c4a4 | e202 0000 | 4d89 9768 

  0x000002e2a4c4ccd4: ;   {runtime_call SafepointBlob}
  0x000002e2a4c4ccd4: 0400 00e9 | a49e baff 

  0x000002e2a4c4ccdc: ;   {runtime_call fast_new_instance Runtime1 stub}
  0x000002e2a4c4ccdc: 488b d2e8 

  0x000002e2a4c4cce0: ; ImmutableOopMap {[176]=Oop [200]=Oop [216]=Oop }
                      ;*new {reexecute=0 rethrow=0 return_oop=0}
                      ; - java.lang.ClassLoader::resolveClass@4 (line 1238)
                      ; - jdk.internal.loader.BuiltinClassLoader::loadClassOrNull@128 (line 688)
  0x000002e2a4c4cce0: 1cc9 c6ff | e9fb feff | ff48 8d84 | 24d0 0000 | 0048 8904 

  0x000002e2a4c4ccf4: ;   {runtime_call monitorexit_nofpu Runtime1 stub}
  0x000002e2a4c4ccf4: 24e8 0603 | c7ff e95d | ffff ff49 | 8b87 0005 | 0000 49c7 | 8700 0500 | 0000 0000 | 0049 c787 
  0x000002e2a4c4cd14: 0805 0000 | 0000 0000 | 4881 c4f0 | 0000 005d 

  0x000002e2a4c4cd24: ;   {runtime_call unwind_exception Runtime1 stub}
  0x000002e2a4c4cd24: e9d7 aec6 | fff4 f4f4 | f4f4 f4f4 
[Stub Code]
  0x000002e2a4c4cd30: ;   {no_reloc}
  0x000002e2a4c4cd30: 0f1f 4400 

  0x000002e2a4c4cd34: ;   {static_stub}
  0x000002e2a4c4cd34: 0048 bb00 | 0000 0000 

  0x000002e2a4c4cd3c: ;   {runtime_call}
  0x000002e2a4c4cd3c: 0000 00e9 | fbff ffff 

  0x000002e2a4c4cd44: ;   {static_stub}
  0x000002e2a4c4cd44: 9048 bb00 | 0000 0000 

  0x000002e2a4c4cd4c: ;   {runtime_call}
  0x000002e2a4c4cd4c: 0000 00e9 | fbff ffff 

  0x000002e2a4c4cd54: ;   {static_stub}
  0x000002e2a4c4cd54: 9048 bb00 | 0000 0000 

  0x000002e2a4c4cd5c: ;   {runtime_call}
  0x000002e2a4c4cd5c: 0000 00e9 | fbff ffff 

  0x000002e2a4c4cd64: ;   {static_stub}
  0x000002e2a4c4cd64: 48bb 0000 | 0000 0000 

  0x000002e2a4c4cd6c: ;   {runtime_call}
  0x000002e2a4c4cd6c: 0000 e9fb 

  0x000002e2a4c4cd70: ;   {static_stub}
  0x000002e2a4c4cd70: ffff ff48 | bb00 0000 | 0000 0000 

  0x000002e2a4c4cd7c: ;   {runtime_call}
  0x000002e2a4c4cd7c: 00e9 fbff 

  0x000002e2a4c4cd80: ;   {static_stub}
  0x000002e2a4c4cd80: ffff 48bb | 0000 0000 | 0000 0000 

  0x000002e2a4c4cd8c: ;   {runtime_call}
  0x000002e2a4c4cd8c: e9fb ffff 

  0x000002e2a4c4cd90: ;   {static_stub}
  0x000002e2a4c4cd90: ff48 bb00 | 0000 0000 

  0x000002e2a4c4cd98: ;   {runtime_call}
  0x000002e2a4c4cd98: 0000 00e9 | fbff ffff 

  0x000002e2a4c4cda0: ;   {static_stub}
  0x000002e2a4c4cda0: 48bb 0000 | 0000 0000 

  0x000002e2a4c4cda8: ;   {runtime_call}
  0x000002e2a4c4cda8: 0000 e9fb 

  0x000002e2a4c4cdac: ;   {static_stub}
  0x000002e2a4c4cdac: ffff ff48 | bb00 0000 | 0000 0000 

  0x000002e2a4c4cdb8: ;   {runtime_call}
  0x000002e2a4c4cdb8: 00e9 fbff 

  0x000002e2a4c4cdbc: ;   {static_stub}
  0x000002e2a4c4cdbc: ffff 48bb | 009c 06ae | e202 0000 

  0x000002e2a4c4cdc8: ;   {runtime_call I2C/C2I adapters}
  0x000002e2a4c4cdc8: e93a 81ba 

  0x000002e2a4c4cdcc: ;   {static_stub}
  0x000002e2a4c4cdcc: ff48 bb00 | 0000 0000 

  0x000002e2a4c4cdd4: ;   {runtime_call}
  0x000002e2a4c4cdd4: 0000 00e9 | fbff ffff 
[Exception Handler]
  0x000002e2a4c4cddc: ;   {runtime_call handle_exception_from_callee Runtime1 stub}
  0x000002e2a4c4cddc: e81f e9c6 

  0x000002e2a4c4cde0: ;   {external_word}
  0x000002e2a4c4cde0: ff48 b9e0 | 27b3 a4f8 | 7f00 0048 

  0x000002e2a4c4cdec: ;   {runtime_call}
  0x000002e2a4c4cdec: 83e4 f048 | b8e0 0f7b | a4f8 7f00 | 00ff d0f4 
[Deopt Handler Code]
  0x000002e2a4c4cdfc: ;   {section_word}
  0x000002e2a4c4cdfc: 49ba fccd | c4a4 e202 | 0000 4152 

  0x000002e2a4c4ce08: ;   {runtime_call DeoptimizationBlob}
  0x000002e2a4c4ce08: e913 b2ba | fff4 f4f4 
[/MachCode]


Compiled method (c1)    1944 1340       1       jdk.internal.loader.ClassLoaders$AppClassLoader::loadClass (40 bytes)
 total in heap  [0x000002e2a4c80790,0x000002e2a4c80b98] = 1032
 relocation     [0x000002e2a4c808f0,0x000002e2a4c80938] = 72
 main code      [0x000002e2a4c80940,0x000002e2a4c80a78] = 312
 stub code      [0x000002e2a4c80a78,0x000002e2a4c80ad0] = 88
 metadata       [0x000002e2a4c80ad0,0x000002e2a4c80af8] = 40
 scopes data    [0x000002e2a4c80af8,0x000002e2a4c80b40] = 72
 scopes pcs     [0x000002e2a4c80b40,0x000002e2a4c80b90] = 80
 dependencies   [0x000002e2a4c80b90,0x000002e2a4c80b98] = 8

[Constant Pool (empty)]

[MachCode]
[Entry Point]
  # {method} {0x000002e2ae06a170} 'loadClass' '(Ljava/lang/String;Z)Ljava/lang/Class;' in 'jdk/internal/loader/ClassLoaders$AppClassLoader'
  # this:     rdx:rdx   = 'jdk/internal/loader/ClassLoaders$AppClassLoader'
  # parm0:    r8:r8     = 'java/lang/String'
  # parm1:    r9        = boolean
  #           [sp+0x80]  (sp of caller)
  0x000002e2a4c80940: 448b 5208 | 49bb 0000 | 00ae e202 | 0000 4d03 | d34c 3bd0 

  0x000002e2a4c80954: ;   {runtime_call ic_miss_stub}
  0x000002e2a4c80954: 0f85 26e0 | b6ff 660f | 1f44 0000 
[Verified Entry Point]
  0x000002e2a4c80960: 8984 2400 | 80ff ff55 | 4883 ec70 | 4181 7f20 | 0100 0000 

  0x000002e2a4c80974: ;   {runtime_call StubRoutines (final stubs)}
  0x000002e2a4c80974: 7405 e885 | 58b5 ff49 | 8bf0 4c8b | c648 8974 

  0x000002e2a4c80984: ;   {optimized virtual_call}
  0x000002e2a4c80984: 2450 90e8 

  0x000002e2a4c80988: ; ImmutableOopMap {[80]=Oop }
                      ;*invokevirtual loadClassOrNull {reexecute=0 rethrow=0 return_oop=0}
                      ; - jdk.internal.loader.BuiltinClassLoader::loadClass@3 (line 639)
                      ; - jdk.internal.loader.ClassLoaders$AppClassLoader::loadClass@36 (line 188)
  0x000002e2a4c80988: 94bd fcff 

  0x000002e2a4c8098c: ;   {other}
  0x000002e2a4c8098c: 0f1f 8400 | fc01 0000 | 4883 f800 | 0f84 1300 | 0000 4883 

  0x000002e2a4c809a0: ;   {poll_return}
  0x000002e2a4c809a0: c470 5d49 | 3ba7 5004 | 0000 0f87 | 7e00 0000 | c34c 8b44 

  0x000002e2a4c809b4: ;   {metadata('java/lang/ClassNotFoundException')}
  0x000002e2a4c809b4: 2450 48ba | 28b7 06ae | e202 0000 | 498b 87b8 | 0100 0048 | 8d78 2849 | 3bbf c801 | 0000 0f87 
  0x000002e2a4c809d4: 6c00 0000 | 4989 bfb8 | 0100 0048 | c700 0100 | 0000 488b | ca49 ba00 | 0000 aee2 | 0200 0049 
  0x000002e2a4c809f4: 2bca 8948 | 0848 33c9 | 8948 0c48 | 33c9 4889 | 4810 4889 | 4818 4889 | 4820 488b | d048 8944 
  0x000002e2a4c80a14: ;   {optimized virtual_call}
  0x000002e2a4c80a14: 2458 90e8 

  0x000002e2a4c80a18: ; ImmutableOopMap {[88]=Oop }
                      ;*invokespecial <init> {reexecute=0 rethrow=0 return_oop=0}
                      ; - jdk.internal.loader.BuiltinClassLoader::loadClass@16 (line 641)
                      ; - jdk.internal.loader.ClassLoaders$AppClassLoader::loadClass@36 (line 188)
  0x000002e2a4c80a18: 7000 0000 

  0x000002e2a4c80a1c: ;   {other}
  0x000002e2a4c80a1c: 0f1f 8400 | 8c02 0001 | 488b 4424 | 58e9 3d00 

  0x000002e2a4c80a2c: ;   {internal_word}
  0x000002e2a4c80a2c: 0000 49ba | a309 c8a4 | e202 0000 | 4d89 9768 

  0x000002e2a4c80a3c: ;   {runtime_call SafepointBlob}
  0x000002e2a4c80a3c: 0400 00e9 | 3c61 b7ff 

  0x000002e2a4c80a44: ;   {runtime_call fast_new_instance Runtime1 stub}
  0x000002e2a4c80a44: 488b d2e8 

  0x000002e2a4c80a48: ; ImmutableOopMap {r8=Oop }
                      ;*new {reexecute=0 rethrow=0 return_oop=0}
                      ; - jdk.internal.loader.BuiltinClassLoader::loadClass@11 (line 641)
                      ; - jdk.internal.loader.ClassLoaders$AppClassLoader::loadClass@36 (line 188)
  0x000002e2a4c80a48: b48b c3ff | ebc0 498b | 8700 0500 | 0049 c787 | 0005 0000 | 0000 0000 | 49c7 8708 | 0500 0000 
  0x000002e2a4c80a68: 0000 0048 | 83c4 705d 

  0x000002e2a4c80a70: ;   {runtime_call unwind_exception Runtime1 stub}
  0x000002e2a4c80a70: e98b 71c3 | fff4 f4f4 
[Stub Code]
  0x000002e2a4c80a78: ;   {no_reloc}
  0x000002e2a4c80a78: 0f1f 4400 

  0x000002e2a4c80a7c: ;   {static_stub}
  0x000002e2a4c80a7c: 0048 bb00 | 0000 0000 

  0x000002e2a4c80a84: ;   {runtime_call}
  0x000002e2a4c80a84: 0000 00e9 | fbff ffff 

  0x000002e2a4c80a8c: ;   {static_stub}
  0x000002e2a4c80a8c: 48bb 88bc | 06ae e202 

  0x000002e2a4c80a94: ;   {runtime_call I2C/C2I adapters}
  0x000002e2a4c80a94: 0000 e96c 

  0x000002e2a4c80a98: ;   {runtime_call handle_exception_from_callee Runtime1 stub}
  0x000002e2a4c80a98: 44b7 ffe8 | 60ac c3ff 

  0x000002e2a4c80aa0: ;   {external_word}
  0x000002e2a4c80aa0: 48b9 e027 | b3a4 f87f | 0000 4883 

  0x000002e2a4c80aac: ;   {runtime_call}
  0x000002e2a4c80aac: e4f0 48b8 | e00f 7ba4 | f87f 0000 

  0x000002e2a4c80ab8: ;   {section_word}
  0x000002e2a4c80ab8: ffd0 f449 | babb 0ac8 | a4e2 0200 

  0x000002e2a4c80ac4: ;   {runtime_call DeoptimizationBlob}
  0x000002e2a4c80ac4: 0041 52e9 | 5475 b7ff | f4f4 f4f4 
[/MachCode]


Compiled method (c1)    1947 1326       1       java.lang.ClassLoader::loadClass (7 bytes)
 total in heap  [0x000002e2a4c7a810,0x000002e2a4c7ab08] = 760
 relocation     [0x000002e2a4c7a970,0x000002e2a4c7a9a8] = 56
 main code      [0x000002e2a4c7a9c0,0x000002e2a4c7aa70] = 176
 stub code      [0x000002e2a4c7aa70,0x000002e2a4c7aab8] = 72
 metadata       [0x000002e2a4c7aab8,0x000002e2a4c7aac0] = 8
 scopes data    [0x000002e2a4c7aac0,0x000002e2a4c7aad0] = 16
 scopes pcs     [0x000002e2a4c7aad0,0x000002e2a4c7ab00] = 48
 dependencies   [0x000002e2a4c7ab00,0x000002e2a4c7ab08] = 8

[Constant Pool (empty)]

[MachCode]
[Entry Point]
  # {method} {0x000002e2ae014358} 'loadClass' '(Ljava/lang/String;)Ljava/lang/Class;' in 'java/lang/ClassLoader'
  # this:     rdx:rdx   = 'java/lang/ClassLoader'
  # parm0:    r8:r8     = 'java/lang/String'
  #           [sp+0x40]  (sp of caller)
  0x000002e2a4c7a9c0: 448b 5208 | 49bb 0000 | 00ae e202 | 0000 4d03 | d34c 3bd0 

  0x000002e2a4c7a9d4: ;   {runtime_call ic_miss_stub}
  0x000002e2a4c7a9d4: 0f85 a63f | b7ff 660f | 1f44 0000 
[Verified Entry Point]
  0x000002e2a4c7a9e0: 8984 2400 | 80ff ff55 | 4883 ec30 | 4181 7f20 | 0100 0000 

  0x000002e2a4c7a9f4: ;   {runtime_call StubRoutines (final stubs)}
  0x000002e2a4c7a9f4: 7405 e805 | b8b5 ff41 | b900 0000 | 000f 1f40 | 0048 b8ff | ffff ffff 

  0x000002e2a4c7aa0c: ;   {virtual_call}
  0x000002e2a4c7aa0c: ffff ffe8 

  0x000002e2a4c7aa10: ; ImmutableOopMap {}
                      ;*invokevirtual loadClass {reexecute=0 rethrow=0 return_oop=0}
                      ; - java.lang.ClassLoader::loadClass@3 (line 526)
  0x000002e2a4c7aa10: 4c28 b7ff 

  0x000002e2a4c7aa14: ;   {other}
  0x000002e2a4c7aa14: 0f1f 8400 | 0402 0000 | 4883 c430 

  0x000002e2a4c7aa20: ;   {poll_return}
  0x000002e2a4c7aa20: 5d49 3ba7 | 5004 0000 | 0f87 0100 

  0x000002e2a4c7aa2c: ;   {internal_word}
  0x000002e2a4c7aa2c: 0000 c349 | ba21 aac7 | a4e2 0200 | 004d 8997 | 6804 0000 

  0x000002e2a4c7aa40: ;   {runtime_call SafepointBlob}
  0x000002e2a4c7aa40: e93b c1b7 | ff49 8b87 | 0005 0000 | 49c7 8700 | 0500 0000 | 0000 0049 | c787 0805 | 0000 0000 
  0x000002e2a4c7aa60: 0000 4883 

  0x000002e2a4c7aa64: ;   {runtime_call unwind_exception Runtime1 stub}
  0x000002e2a4c7aa64: c430 5de9 | 94d1 c3ff | f4f4 f4f4 
[Stub Code]
  0x000002e2a4c7aa70: ;   {no_reloc}
  0x000002e2a4c7aa70: 0f1f 4400 

  0x000002e2a4c7aa74: ;   {static_stub}
  0x000002e2a4c7aa74: 0048 bb00 | 0000 0000 

  0x000002e2a4c7aa7c: ;   {runtime_call}
  0x000002e2a4c7aa7c: 0000 00e9 | fbff ffff 
[Exception Handler]
  0x000002e2a4c7aa84: ;   {runtime_call handle_exception_from_callee Runtime1 stub}
  0x000002e2a4c7aa84: e877 0cc4 

  0x000002e2a4c7aa88: ;   {external_word}
  0x000002e2a4c7aa88: ff48 b9e0 | 27b3 a4f8 | 7f00 0048 

  0x000002e2a4c7aa94: ;   {runtime_call}
  0x000002e2a4c7aa94: 83e4 f048 | b8e0 0f7b | a4f8 7f00 | 00ff d0f4 
[Deopt Handler Code]
  0x000002e2a4c7aaa4: ;   {section_word}
  0x000002e2a4c7aaa4: 49ba a4aa | c7a4 e202 | 0000 4152 

  0x000002e2a4c7aab0: ;   {runtime_call DeoptimizationBlob}
  0x000002e2a4c7aab0: e96b d5b7 | fff4 f4f4 
[/MachCode]


---------------  P R O C E S S  ---------------

Threads class SMR info:
_java_thread_list=0x000002e2ada91c20, length=15, elements={
0x000002e29ab45e30, 0x000002e2ad2656a0, 0x000002e2ad266770, 0x000002e2ad268c40,
0x000002e2ad269a50, 0x000002e2ad26b5b0, 0x000002e2ad26c2b0, 0x000002e2ad26ce00,
0x000002e2ad2b8520, 0x000002e2ad48fd40, 0x000002e2ad8f4690, 0x000002e2ad8f9190,
0x000002e2ad7b90d0, 0x000002e2ad7b9780, 0x000002e2adbc1a40
}

Java Threads: ( => current thread )
=>0x000002e29ab45e30 JavaThread "main"                              [_thread_in_vm, id=6128, stack(0x000000ee75b00000,0x000000ee75c00000) (1024K)]
  0x000002e2ad2656a0 JavaThread "Reference Handler"          daemon [_thread_blocked, id=504, stack(0x000000ee76300000,0x000000ee76400000) (1024K)]
  0x000002e2ad266770 JavaThread "Finalizer"                  daemon [_thread_blocked, id=8616, stack(0x000000ee76400000,0x000000ee76500000) (1024K)]
  0x000002e2ad268c40 JavaThread "Signal Dispatcher"          daemon [_thread_blocked, id=11252, stack(0x000000ee76500000,0x000000ee76600000) (1024K)]
  0x000002e2ad269a50 JavaThread "Attach Listener"            daemon [_thread_blocked, id=2644, stack(0x000000ee76600000,0x000000ee76700000) (1024K)]
  0x000002e2ad26b5b0 JavaThread "Service Thread"             daemon [_thread_blocked, id=12000, stack(0x000000ee76700000,0x000000ee76800000) (1024K)]
  0x000002e2ad26c2b0 JavaThread "Monitor Deflation Thread"   daemon [_thread_blocked, id=9268, stack(0x000000ee76800000,0x000000ee76900000) (1024K)]
  0x000002e2ad26ce00 JavaThread "C1 CompilerThread0"         daemon [_thread_blocked, id=8848, stack(0x000000ee76900000,0x000000ee76a00000) (1024K)]
  0x000002e2ad2b8520 JavaThread "C1 CompilerThread1"         daemon [_thread_blocked, id=3484, stack(0x000000ee76a00000,0x000000ee76b00000) (1024K)]
  0x000002e2ad48fd40 JavaThread "Common-Cleaner"             daemon [_thread_blocked, id=1308, stack(0x000000ee76b00000,0x000000ee76c00000) (1024K)]
  0x000002e2ad8f4690 JavaThread "Monitor Ctrl-Break"         daemon [_thread_in_native, id=14904, stack(0x000000ee76c00000,0x000000ee76d00000) (1024K)]
  0x000002e2ad8f9190 JavaThread "Notification Thread"        daemon [_thread_blocked, id=7816, stack(0x000000ee76d00000,0x000000ee76e00000) (1024K)]
  0x000002e2ad7b90d0 JavaThread "C1 CompilerThread2"         daemon [_thread_blocked, id=2228, stack(0x000000ee76e00000,0x000000ee76f00000) (1024K)]
  0x000002e2ad7b9780 JavaThread "C1 CompilerThread3"         daemon [_thread_blocked, id=14044, stack(0x000000ee76f00000,0x000000ee77000000) (1024K)]
  0x000002e2adbc1a40 JavaThread "RMI TCP Accept-0"           daemon [_thread_in_native, id=15104, stack(0x000000ee77000000,0x000000ee77100000) (1024K)]
Total: 15

Other Threads:
  0x000002e2ad245870 VMThread "VM Thread"                           [id=9336, stack(0x000000ee76200000,0x000000ee76300000) (1024K)]
  0x000002e2ad231f20 WatcherThread "VM Periodic Task Thread"        [id=15052, stack(0x000000ee76100000,0x000000ee76200000) (1024K)]
  0x000002e29ab9bf60 WorkerThread "GC Thread#0"                     [id=8092, stack(0x000000ee75c00000,0x000000ee75d00000) (1024K)]
  0x000002e29abad110 ConcurrentGCThread "G1 Main Marker"            [id=1640, stack(0x000000ee75d00000,0x000000ee75e00000) (1024K)]
  0x000002e29abadc10 WorkerThread "G1 Conc#0"                       [id=14388, stack(0x000000ee75e00000,0x000000ee75f00000) (1024K)]
  0x000002e2ad104500 ConcurrentGCThread "G1 Refine#0"               [id=9100, stack(0x000000ee75f00000,0x000000ee76000000) (1024K)]
  0x000002e29abfd620 ConcurrentGCThread "G1 Service"                [id=14408, stack(0x000000ee76000000,0x000000ee76100000) (1024K)]
Total: 7

Threads with active compile tasks:
Total: 0

VM state: not at safepoint (normal execution)

VM Mutex/Monitor currently owned by a thread:  ([mutex/lock_event])
[0x00007ff8a4dc8578] Metaspace_lock - owner thread: 0x000002e29ab45e30

Heap address: 0x0000000083200000, size: 1998 MB, Compressed Oops mode: 32-bit

CDS archive(s) mapped at: [0x000002e2ae000000-0x000002e2aec90000-0x000002e2aec90000), size 13172736, SharedBaseAddress: 0x000002e2ae000000, ArchiveRelocationMode: 1.
Compressed class space mapped at: 0x000002e2af000000-0x000002e2ef000000, reserved size: 1073741824
Narrow klass base: 0x000002e2ae000000, Narrow klass shift: 0, Narrow klass range: 0x100000000

GC Precious Log:
 CardTable entry size: 512
 Card Set container configuration: InlinePtr #cards 5 size 8 Array Of Cards #cards 12 size 40 Howl #buckets 4 coarsen threshold 1843 Howl Bitmap #cards 512 size 80 coarsen threshold 460 Card regions per heap region 1 cards per card region 2048
 CPUs: 8 total, 8 available
 Memory: 7991M
 Large Page Support: Disabled
 NUMA Support: Disabled
 Compressed Oops: Enabled (32-bit)
 Heap Region Size: 1M
 Heap Min Capacity: 8M
 Heap Initial Capacity: 126M
 Heap Max Capacity: 1998M
 Pre-touch: Disabled
 Parallel Workers: 8
 Concurrent Workers: 2
 Concurrent Refinement Workers: 8
 Periodic GC: Disabled

Heap:
 garbage-first heap   total 129024K, used 21504K [0x0000000083200000, 0x0000000100000000)
  region size 1024K, 22 young (22528K), 0 survivors (0K)
 Metaspace       used 6841K, committed 7040K, reserved 1114112K
  class space    used 806K, committed 896K, reserved 1048576K

Heap Regions: E=young(eden), S=young(survivor), O=old, HS=humongous(starts), HC=humongous(continues), CS=collection set, F=free, TAMS=top-at-mark-start, PB=parsable bottom
|   0|0x0000000083200000, 0x0000000083300000, 0x0000000083300000|100%|HS|  |TAMS 0x0000000083200000| PB 0x0000000083200000| Complete 
|   1|0x0000000083300000, 0x0000000083300000, 0x0000000083400000|  0%| F|  |TAMS 0x0000000083300000| PB 0x0000000083300000| Untracked 
|   2|0x0000000083400000, 0x0000000083400000, 0x0000000083500000|  0%| F|  |TAMS 0x0000000083400000| PB 0x0000000083400000| Untracked 
|   3|0x0000000083500000, 0x0000000083500000, 0x0000000083600000|  0%| F|  |TAMS 0x0000000083500000| PB 0x0000000083500000| Untracked 
|   4|0x0000000083600000, 0x0000000083600000, 0x0000000083700000|  0%| F|  |TAMS 0x0000000083600000| PB 0x0000000083600000| Untracked 
|   5|0x0000000083700000, 0x0000000083700000, 0x0000000083800000|  0%| F|  |TAMS 0x0000000083700000| PB 0x0000000083700000| Untracked 
|   6|0x0000000083800000, 0x0000000083800000, 0x0000000083900000|  0%| F|  |TAMS 0x0000000083800000| PB 0x0000000083800000| Untracked 
|   7|0x0000000083900000, 0x0000000083900000, 0x0000000083a00000|  0%| F|  |TAMS 0x0000000083900000| PB 0x0000000083900000| Untracked 
|   8|0x0000000083a00000, 0x0000000083a00000, 0x0000000083b00000|  0%| F|  |TAMS 0x0000000083a00000| PB 0x0000000083a00000| Untracked 
|   9|0x0000000083b00000, 0x0000000083b00000, 0x0000000083c00000|  0%| F|  |TAMS 0x0000000083b00000| PB 0x0000000083b00000| Untracked 
|  10|0x0000000083c00000, 0x0000000083c00000, 0x0000000083d00000|  0%| F|  |TAMS 0x0000000083c00000| PB 0x0000000083c00000| Untracked 
|  11|0x0000000083d00000, 0x0000000083d00000, 0x0000000083e00000|  0%| F|  |TAMS 0x0000000083d00000| PB 0x0000000083d00000| Untracked 
|  12|0x0000000083e00000, 0x0000000083e00000, 0x0000000083f00000|  0%| F|  |TAMS 0x0000000083e00000| PB 0x0000000083e00000| Untracked 
|  13|0x0000000083f00000, 0x0000000083f00000, 0x0000000084000000|  0%| F|  |TAMS 0x0000000083f00000| PB 0x0000000083f00000| Untracked 
|  14|0x0000000084000000, 0x0000000084000000, 0x0000000084100000|  0%| F|  |TAMS 0x0000000084000000| PB 0x0000000084000000| Untracked 
|  15|0x0000000084100000, 0x0000000084100000, 0x0000000084200000|  0%| F|  |TAMS 0x0000000084100000| PB 0x0000000084100000| Untracked 
|  16|0x0000000084200000, 0x0000000084200000, 0x0000000084300000|  0%| F|  |TAMS 0x0000000084200000| PB 0x0000000084200000| Untracked 
|  17|0x0000000084300000, 0x0000000084300000, 0x0000000084400000|  0%| F|  |TAMS 0x0000000084300000| PB 0x0000000084300000| Untracked 
|  18|0x0000000084400000, 0x0000000084400000, 0x0000000084500000|  0%| F|  |TAMS 0x0000000084400000| PB 0x0000000084400000| Untracked 
|  19|0x0000000084500000, 0x0000000084500000, 0x0000000084600000|  0%| F|  |TAMS 0x0000000084500000| PB 0x0000000084500000| Untracked 
|  20|0x0000000084600000, 0x0000000084600000, 0x0000000084700000|  0%| F|  |TAMS 0x0000000084600000| PB 0x0000000084600000| Untracked 
|  21|0x0000000084700000, 0x0000000084700000, 0x0000000084800000|  0%| F|  |TAMS 0x0000000084700000| PB 0x0000000084700000| Untracked 
|  22|0x0000000084800000, 0x0000000084800000, 0x0000000084900000|  0%| F|  |TAMS 0x0000000084800000| PB 0x0000000084800000| Untracked 
|  23|0x0000000084900000, 0x0000000084900000, 0x0000000084a00000|  0%| F|  |TAMS 0x0000000084900000| PB 0x0000000084900000| Untracked 
|  24|0x0000000084a00000, 0x0000000084a00000, 0x0000000084b00000|  0%| F|  |TAMS 0x0000000084a00000| PB 0x0000000084a00000| Untracked 
|  25|0x0000000084b00000, 0x0000000084b00000, 0x0000000084c00000|  0%| F|  |TAMS 0x0000000084b00000| PB 0x0000000084b00000| Untracked 
|  26|0x0000000084c00000, 0x0000000084c00000, 0x0000000084d00000|  0%| F|  |TAMS 0x0000000084c00000| PB 0x0000000084c00000| Untracked 
|  27|0x0000000084d00000, 0x0000000084d00000, 0x0000000084e00000|  0%| F|  |TAMS 0x0000000084d00000| PB 0x0000000084d00000| Untracked 
|  28|0x0000000084e00000, 0x0000000084e00000, 0x0000000084f00000|  0%| F|  |TAMS 0x0000000084e00000| PB 0x0000000084e00000| Untracked 
|  29|0x0000000084f00000, 0x0000000084f00000, 0x0000000085000000|  0%| F|  |TAMS 0x0000000084f00000| PB 0x0000000084f00000| Untracked 
|  30|0x0000000085000000, 0x0000000085000000, 0x0000000085100000|  0%| F|  |TAMS 0x0000000085000000| PB 0x0000000085000000| Untracked 
|  31|0x0000000085100000, 0x0000000085100000, 0x0000000085200000|  0%| F|  |TAMS 0x0000000085100000| PB 0x0000000085100000| Untracked 
|  32|0x0000000085200000, 0x0000000085200000, 0x0000000085300000|  0%| F|  |TAMS 0x0000000085200000| PB 0x0000000085200000| Untracked 
|  33|0x0000000085300000, 0x0000000085300000, 0x0000000085400000|  0%| F|  |TAMS 0x0000000085300000| PB 0x0000000085300000| Untracked 
|  34|0x0000000085400000, 0x0000000085400000, 0x0000000085500000|  0%| F|  |TAMS 0x0000000085400000| PB 0x0000000085400000| Untracked 
|  35|0x0000000085500000, 0x0000000085500000, 0x0000000085600000|  0%| F|  |TAMS 0x0000000085500000| PB 0x0000000085500000| Untracked 
|  36|0x0000000085600000, 0x0000000085600000, 0x0000000085700000|  0%| F|  |TAMS 0x0000000085600000| PB 0x0000000085600000| Untracked 
|  37|0x0000000085700000, 0x0000000085700000, 0x0000000085800000|  0%| F|  |TAMS 0x0000000085700000| PB 0x0000000085700000| Untracked 
|  38|0x0000000085800000, 0x0000000085800000, 0x0000000085900000|  0%| F|  |TAMS 0x0000000085800000| PB 0x0000000085800000| Untracked 
|  39|0x0000000085900000, 0x0000000085900000, 0x0000000085a00000|  0%| F|  |TAMS 0x0000000085900000| PB 0x0000000085900000| Untracked 
|  40|0x0000000085a00000, 0x0000000085a00000, 0x0000000085b00000|  0%| F|  |TAMS 0x0000000085a00000| PB 0x0000000085a00000| Untracked 
|  41|0x0000000085b00000, 0x0000000085b00000, 0x0000000085c00000|  0%| F|  |TAMS 0x0000000085b00000| PB 0x0000000085b00000| Untracked 
|  42|0x0000000085c00000, 0x0000000085c00000, 0x0000000085d00000|  0%| F|  |TAMS 0x0000000085c00000| PB 0x0000000085c00000| Untracked 
|  43|0x0000000085d00000, 0x0000000085d00000, 0x0000000085e00000|  0%| F|  |TAMS 0x0000000085d00000| PB 0x0000000085d00000| Untracked 
|  44|0x0000000085e00000, 0x0000000085e00000, 0x0000000085f00000|  0%| F|  |TAMS 0x0000000085e00000| PB 0x0000000085e00000| Untracked 
|  45|0x0000000085f00000, 0x0000000085f00000, 0x0000000086000000|  0%| F|  |TAMS 0x0000000085f00000| PB 0x0000000085f00000| Untracked 
|  46|0x0000000086000000, 0x0000000086000000, 0x0000000086100000|  0%| F|  |TAMS 0x0000000086000000| PB 0x0000000086000000| Untracked 
|  47|0x0000000086100000, 0x0000000086100000, 0x0000000086200000|  0%| F|  |TAMS 0x0000000086100000| PB 0x0000000086100000| Untracked 
|  48|0x0000000086200000, 0x0000000086200000, 0x0000000086300000|  0%| F|  |TAMS 0x0000000086200000| PB 0x0000000086200000| Untracked 
|  49|0x0000000086300000, 0x0000000086300000, 0x0000000086400000|  0%| F|  |TAMS 0x0000000086300000| PB 0x0000000086300000| Untracked 
|  50|0x0000000086400000, 0x0000000086400000, 0x0000000086500000|  0%| F|  |TAMS 0x0000000086400000| PB 0x0000000086400000| Untracked 
|  51|0x0000000086500000, 0x0000000086500000, 0x0000000086600000|  0%| F|  |TAMS 0x0000000086500000| PB 0x0000000086500000| Untracked 
|  52|0x0000000086600000, 0x0000000086600000, 0x0000000086700000|  0%| F|  |TAMS 0x0000000086600000| PB 0x0000000086600000| Untracked 
|  53|0x0000000086700000, 0x0000000086700000, 0x0000000086800000|  0%| F|  |TAMS 0x0000000086700000| PB 0x0000000086700000| Untracked 
|  54|0x0000000086800000, 0x0000000086800000, 0x0000000086900000|  0%| F|  |TAMS 0x0000000086800000| PB 0x0000000086800000| Untracked 
|  55|0x0000000086900000, 0x0000000086900000, 0x0000000086a00000|  0%| F|  |TAMS 0x0000000086900000| PB 0x0000000086900000| Untracked 
|  56|0x0000000086a00000, 0x0000000086a00000, 0x0000000086b00000|  0%| F|  |TAMS 0x0000000086a00000| PB 0x0000000086a00000| Untracked 
|  57|0x0000000086b00000, 0x0000000086b00000, 0x0000000086c00000|  0%| F|  |TAMS 0x0000000086b00000| PB 0x0000000086b00000| Untracked 
|  58|0x0000000086c00000, 0x0000000086c00000, 0x0000000086d00000|  0%| F|  |TAMS 0x0000000086c00000| PB 0x0000000086c00000| Untracked 
|  59|0x0000000086d00000, 0x0000000086d00000, 0x0000000086e00000|  0%| F|  |TAMS 0x0000000086d00000| PB 0x0000000086d00000| Untracked 
|  60|0x0000000086e00000, 0x0000000086e00000, 0x0000000086f00000|  0%| F|  |TAMS 0x0000000086e00000| PB 0x0000000086e00000| Untracked 
|  61|0x0000000086f00000, 0x0000000086f00000, 0x0000000087000000|  0%| F|  |TAMS 0x0000000086f00000| PB 0x0000000086f00000| Untracked 
|  62|0x0000000087000000, 0x0000000087000000, 0x0000000087100000|  0%| F|  |TAMS 0x0000000087000000| PB 0x0000000087000000| Untracked 
|  63|0x0000000087100000, 0x0000000087100000, 0x0000000087200000|  0%| F|  |TAMS 0x0000000087100000| PB 0x0000000087100000| Untracked 
|  64|0x0000000087200000, 0x0000000087200000, 0x0000000087300000|  0%| F|  |TAMS 0x0000000087200000| PB 0x0000000087200000| Untracked 
|  65|0x0000000087300000, 0x0000000087300000, 0x0000000087400000|  0%| F|  |TAMS 0x0000000087300000| PB 0x0000000087300000| Untracked 
|  66|0x0000000087400000, 0x0000000087400000, 0x0000000087500000|  0%| F|  |TAMS 0x0000000087400000| PB 0x0000000087400000| Untracked 
|  67|0x0000000087500000, 0x0000000087500000, 0x0000000087600000|  0%| F|  |TAMS 0x0000000087500000| PB 0x0000000087500000| Untracked 
|  68|0x0000000087600000, 0x0000000087600000, 0x0000000087700000|  0%| F|  |TAMS 0x0000000087600000| PB 0x0000000087600000| Untracked 
|  69|0x0000000087700000, 0x0000000087700000, 0x0000000087800000|  0%| F|  |TAMS 0x0000000087700000| PB 0x0000000087700000| Untracked 
|  70|0x0000000087800000, 0x0000000087800000, 0x0000000087900000|  0%| F|  |TAMS 0x0000000087800000| PB 0x0000000087800000| Untracked 
|  71|0x0000000087900000, 0x0000000087900000, 0x0000000087a00000|  0%| F|  |TAMS 0x0000000087900000| PB 0x0000000087900000| Untracked 
|  72|0x0000000087a00000, 0x0000000087a00000, 0x0000000087b00000|  0%| F|  |TAMS 0x0000000087a00000| PB 0x0000000087a00000| Untracked 
|  73|0x0000000087b00000, 0x0000000087b00000, 0x0000000087c00000|  0%| F|  |TAMS 0x0000000087b00000| PB 0x0000000087b00000| Untracked 
|  74|0x0000000087c00000, 0x0000000087c00000, 0x0000000087d00000|  0%| F|  |TAMS 0x0000000087c00000| PB 0x0000000087c00000| Untracked 
|  75|0x0000000087d00000, 0x0000000087d00000, 0x0000000087e00000|  0%| F|  |TAMS 0x0000000087d00000| PB 0x0000000087d00000| Untracked 
|  76|0x0000000087e00000, 0x0000000087e00000, 0x0000000087f00000|  0%| F|  |TAMS 0x0000000087e00000| PB 0x0000000087e00000| Untracked 
|  77|0x0000000087f00000, 0x0000000087f00000, 0x0000000088000000|  0%| F|  |TAMS 0x0000000087f00000| PB 0x0000000087f00000| Untracked 
|  78|0x0000000088000000, 0x0000000088000000, 0x0000000088100000|  0%| F|  |TAMS 0x0000000088000000| PB 0x0000000088000000| Untracked 
|  79|0x0000000088100000, 0x0000000088100000, 0x0000000088200000|  0%| F|  |TAMS 0x0000000088100000| PB 0x0000000088100000| Untracked 
|  80|0x0000000088200000, 0x0000000088200000, 0x0000000088300000|  0%| F|  |TAMS 0x0000000088200000| PB 0x0000000088200000| Untracked 
|  81|0x0000000088300000, 0x0000000088300000, 0x0000000088400000|  0%| F|  |TAMS 0x0000000088300000| PB 0x0000000088300000| Untracked 
|  82|0x0000000088400000, 0x0000000088400000, 0x0000000088500000|  0%| F|  |TAMS 0x0000000088400000| PB 0x0000000088400000| Untracked 
|  83|0x0000000088500000, 0x0000000088500000, 0x0000000088600000|  0%| F|  |TAMS 0x0000000088500000| PB 0x0000000088500000| Untracked 
|  84|0x0000000088600000, 0x0000000088600000, 0x0000000088700000|  0%| F|  |TAMS 0x0000000088600000| PB 0x0000000088600000| Untracked 
|  85|0x0000000088700000, 0x0000000088700000, 0x0000000088800000|  0%| F|  |TAMS 0x0000000088700000| PB 0x0000000088700000| Untracked 
|  86|0x0000000088800000, 0x0000000088800000, 0x0000000088900000|  0%| F|  |TAMS 0x0000000088800000| PB 0x0000000088800000| Untracked 
|  87|0x0000000088900000, 0x0000000088900000, 0x0000000088a00000|  0%| F|  |TAMS 0x0000000088900000| PB 0x0000000088900000| Untracked 
|  88|0x0000000088a00000, 0x0000000088a00000, 0x0000000088b00000|  0%| F|  |TAMS 0x0000000088a00000| PB 0x0000000088a00000| Untracked 
|  89|0x0000000088b00000, 0x0000000088b00000, 0x0000000088c00000|  0%| F|  |TAMS 0x0000000088b00000| PB 0x0000000088b00000| Untracked 
|  90|0x0000000088c00000, 0x0000000088c00000, 0x0000000088d00000|  0%| F|  |TAMS 0x0000000088c00000| PB 0x0000000088c00000| Untracked 
|  91|0x0000000088d00000, 0x0000000088d00000, 0x0000000088e00000|  0%| F|  |TAMS 0x0000000088d00000| PB 0x0000000088d00000| Untracked 
|  92|0x0000000088e00000, 0x0000000088e00000, 0x0000000088f00000|  0%| F|  |TAMS 0x0000000088e00000| PB 0x0000000088e00000| Untracked 
|  93|0x0000000088f00000, 0x0000000088f00000, 0x0000000089000000|  0%| F|  |TAMS 0x0000000088f00000| PB 0x0000000088f00000| Untracked 
|  94|0x0000000089000000, 0x0000000089000000, 0x0000000089100000|  0%| F|  |TAMS 0x0000000089000000| PB 0x0000000089000000| Untracked 
|  95|0x0000000089100000, 0x0000000089100000, 0x0000000089200000|  0%| F|  |TAMS 0x0000000089100000| PB 0x0000000089100000| Untracked 
|  96|0x0000000089200000, 0x0000000089200000, 0x0000000089300000|  0%| F|  |TAMS 0x0000000089200000| PB 0x0000000089200000| Untracked 
|  97|0x0000000089300000, 0x0000000089300000, 0x0000000089400000|  0%| F|  |TAMS 0x0000000089300000| PB 0x0000000089300000| Untracked 
|  98|0x0000000089400000, 0x0000000089400000, 0x0000000089500000|  0%| F|  |TAMS 0x0000000089400000| PB 0x0000000089400000| Untracked 
|  99|0x0000000089500000, 0x0000000089500000, 0x0000000089600000|  0%| F|  |TAMS 0x0000000089500000| PB 0x0000000089500000| Untracked 
| 100|0x0000000089600000, 0x0000000089600000, 0x0000000089700000|  0%| F|  |TAMS 0x0000000089600000| PB 0x0000000089600000| Untracked 
| 101|0x0000000089700000, 0x0000000089700000, 0x0000000089800000|  0%| F|  |TAMS 0x0000000089700000| PB 0x0000000089700000| Untracked 
| 102|0x0000000089800000, 0x0000000089800000, 0x0000000089900000|  0%| F|  |TAMS 0x0000000089800000| PB 0x0000000089800000| Untracked 
| 103|0x0000000089900000, 0x0000000089900000, 0x0000000089a00000|  0%| F|  |TAMS 0x0000000089900000| PB 0x0000000089900000| Untracked 
| 104|0x0000000089a00000, 0x0000000089a76478, 0x0000000089b00000| 46%| E|  |TAMS 0x0000000089a00000| PB 0x0000000089a00000| Complete 
| 105|0x0000000089b00000, 0x0000000089c00000, 0x0000000089c00000|100%| E|CS|TAMS 0x0000000089b00000| PB 0x0000000089b00000| Complete 
| 106|0x0000000089c00000, 0x0000000089d00000, 0x0000000089d00000|100%| E|CS|TAMS 0x0000000089c00000| PB 0x0000000089c00000| Complete 
| 107|0x0000000089d00000, 0x0000000089e00000, 0x0000000089e00000|100%| E|CS|TAMS 0x0000000089d00000| PB 0x0000000089d00000| Complete 
| 108|0x0000000089e00000, 0x0000000089f00000, 0x0000000089f00000|100%| E|CS|TAMS 0x0000000089e00000| PB 0x0000000089e00000| Complete 
| 109|0x0000000089f00000, 0x000000008a000000, 0x000000008a000000|100%| E|CS|TAMS 0x0000000089f00000| PB 0x0000000089f00000| Complete 
| 110|0x000000008a000000, 0x000000008a100000, 0x000000008a100000|100%| E|CS|TAMS 0x000000008a000000| PB 0x000000008a000000| Complete 
| 111|0x000000008a100000, 0x000000008a200000, 0x000000008a200000|100%| E|CS|TAMS 0x000000008a100000| PB 0x000000008a100000| Complete 
| 112|0x000000008a200000, 0x000000008a300000, 0x000000008a300000|100%| E|CS|TAMS 0x000000008a200000| PB 0x000000008a200000| Complete 
| 113|0x000000008a300000, 0x000000008a400000, 0x000000008a400000|100%| E|CS|TAMS 0x000000008a300000| PB 0x000000008a300000| Complete 
| 114|0x000000008a400000, 0x000000008a500000, 0x000000008a500000|100%| E|CS|TAMS 0x000000008a400000| PB 0x000000008a400000| Complete 
| 115|0x000000008a500000, 0x000000008a600000, 0x000000008a600000|100%| E|CS|TAMS 0x000000008a500000| PB 0x000000008a500000| Complete 
| 116|0x000000008a600000, 0x000000008a700000, 0x000000008a700000|100%| E|CS|TAMS 0x000000008a600000| PB 0x000000008a600000| Complete 
| 117|0x000000008a700000, 0x000000008a800000, 0x000000008a800000|100%| E|CS|TAMS 0x000000008a700000| PB 0x000000008a700000| Complete 
| 118|0x000000008a800000, 0x000000008a900000, 0x000000008a900000|100%| E|CS|TAMS 0x000000008a800000| PB 0x000000008a800000| Complete 
| 119|0x000000008a900000, 0x000000008aa00000, 0x000000008aa00000|100%| E|CS|TAMS 0x000000008a900000| PB 0x000000008a900000| Complete 
| 120|0x000000008aa00000, 0x000000008ab00000, 0x000000008ab00000|100%| E|CS|TAMS 0x000000008aa00000| PB 0x000000008aa00000| Complete 
| 121|0x000000008ab00000, 0x000000008ac00000, 0x000000008ac00000|100%| E|  |TAMS 0x000000008ab00000| PB 0x000000008ab00000| Complete 
| 122|0x000000008ac00000, 0x000000008ad00000, 0x000000008ad00000|100%| E|CS|TAMS 0x000000008ac00000| PB 0x000000008ac00000| Complete 
| 123|0x000000008ad00000, 0x000000008ae00000, 0x000000008ae00000|100%| E|CS|TAMS 0x000000008ad00000| PB 0x000000008ad00000| Complete 
| 124|0x000000008ae00000, 0x000000008af00000, 0x000000008af00000|100%| E|CS|TAMS 0x000000008ae00000| PB 0x000000008ae00000| Complete 
| 125|0x000000008af00000, 0x000000008b000000, 0x000000008b000000|100%| E|CS|TAMS 0x000000008af00000| PB 0x000000008af00000| Complete 

Card table byte_map: [0x000002e2a8480000,0x000002e2a8870000] _byte_map_base: 0x000002e2a8067000

Marking Bits: (CMBitMap*) 0x000002e29ab9c660
 Bits: [0x000002e2a8870000, 0x000002e2aa7a8000)

Polling page: 0x000002e29ac00000

Metaspace:

Usage:
  Non-class:      5.89 MB used.
      Class:    806.44 KB used.
       Both:      6.68 MB used.

Virtual space:
  Non-class space:       64.00 MB reserved,       6.00 MB (  9%) committed,  1 nodes.
      Class space:        1.00 GB reserved,     896.00 KB ( <1%) committed,  1 nodes.
             Both:        1.06 GB reserved,       6.88 MB ( <1%) committed. 

Chunk freelists:
   Non-Class:  9.80 MB
       Class:  15.07 MB
        Both:  24.87 MB

MaxMetaspaceSize: unlimited
CompressedClassSpaceSize: 1.00 GB
Initial GC threshold: 21.00 MB
Current GC threshold: 21.00 MB
CDS: on
 - commit_granule_bytes: 65536.
 - commit_granule_words: 8192.
 - virtual_space_node_default_size: 8388608.
 - enlarge_chunks_in_place: 1.
 - use_allocation_guard: 0.


Internal statistics:

num_allocs_failed_limit: 0.
num_arena_births: 180.
num_arena_deaths: 0.
num_vsnodes_births: 2.
num_vsnodes_deaths: 0.
num_space_committed: 110.
num_space_uncommitted: 0.
num_chunks_returned_to_freelist: 0.
num_chunks_taken_from_freelist: 248.
num_chunk_merges: 0.
num_chunk_splits: 170.
num_chunks_enlarged: 108.
num_inconsistent_stats: 0.

CodeCache: size=49152Kb used=5050Kb max_used=5050Kb free=44102Kb
 bounds [0x000002e2a47a0000, 0x000002e2a4c90000, 0x000002e2a77a0000]
 total_blobs=1861 nmethods=1378 adapters=405
 compilation: enabled
              stopped_count=0, restarted_count=0
 full_count=0

Compilation events (20 events):
Event: 1.851 Thread 0x000002e2ad2b8520 nmethod 1363 0x000002e2a4c88410 code [0x000002e2a4c886e0, 0x000002e2a4c88ef0]
Event: 1.851 Thread 0x000002e2ad26ce00 nmethod 1352 0x000002e2a4c89390 code [0x000002e2a4c896a0, 0x000002e2a4c8a728]
Event: 1.862 Thread 0x000002e2ad7b90d0 1366       1       java.util.concurrent.locks.AbstractQueuedSynchronizer::<init> (5 bytes)
Event: 1.862 Thread 0x000002e2ad7b9780 1367       1       java.util.concurrent.locks.AbstractOwnableSynchronizer::<init> (5 bytes)
Event: 1.862 Thread 0x000002e2ad2b8520 1368       1       java.util.concurrent.locks.ReentrantLock$NonfairSync::<init> (5 bytes)
Event: 1.862 Thread 0x000002e2ad26ce00 1369       1       java.util.concurrent.locks.ReentrantLock$Sync::<init> (5 bytes)
Event: 1.862 Thread 0x000002e2ad2b8520 nmethod 1368 0x000002e2a4c8b290 code [0x000002e2a4c8b420, 0x000002e2a4c8b4e8]
Event: 1.862 Thread 0x000002e2ad7b9780 nmethod 1367 0x000002e2a4c8b590 code [0x000002e2a4c8b720, 0x000002e2a4c8b7e8]
Event: 1.862 Thread 0x000002e2ad7b9780 1370       1       java.util.concurrent.locks.ReentrantLock::<init> (16 bytes)
Event: 1.862 Thread 0x000002e2ad7b90d0 nmethod 1366 0x000002e2a4c8b890 code [0x000002e2a4c8ba20, 0x000002e2a4c8bae8]
Event: 1.862 Thread 0x000002e2ad26ce00 nmethod 1369 0x000002e2a4c8bb90 code [0x000002e2a4c8bd20, 0x000002e2a4c8bde8]
Event: 1.862 Thread 0x000002e2ad7b9780 nmethod 1370 0x000002e2a4c8be90 code [0x000002e2a4c8c020, 0x000002e2a4c8c198]
Event: 1.862 Thread 0x000002e2ad26ce00 1371       1       java.lang.invoke.MethodHandle::keepsAlive (20 bytes)
Event: 1.863 Thread 0x000002e2ad26ce00 nmethod 1371 0x000002e2a4c8c210 code [0x000002e2a4c8c3c0, 0x000002e2a4c8c608]
Event: 1.863 Thread 0x000002e2ad7b9780 1373       1       java.lang.invoke.DirectMethodHandle::isCrackable (5 bytes)
Event: 1.863 Thread 0x000002e2ad7b9780 nmethod 1373 0x000002e2a4c8d610 code [0x000002e2a4c8d7a0, 0x000002e2a4c8d870]
Event: 1.863 Thread 0x000002e2ad2b8520 1374       1       jdk.internal.misc.CDS::isDumpingArchive (4 bytes)
Event: 1.863 Thread 0x000002e2ad2b8520 nmethod 1374 0x000002e2a4c8d910 code [0x000002e2a4c8daa0, 0x000002e2a4c8db48]
Event: 1.865 Thread 0x000002e2ad7b90d0 1378       1       java.util.zip.ZipEntry::getName (5 bytes)
Event: 1.865 Thread 0x000002e2ad7b90d0 nmethod 1378 0x000002e2a4c8e510 code [0x000002e2a4c8e6a0, 0x000002e2a4c8e768]

GC Heap History (0 events):
No events

Dll operation events (11 events):
Event: 0.034 Loaded shared library C:\Users\User\.jdks\openjdk-21.0.1\bin\java.dll
Event: 0.251 Loaded shared library C:\Users\User\.jdks\openjdk-21.0.1\bin\zip.dll
Event: 0.261 Loaded shared library C:\Users\User\.jdks\openjdk-21.0.1\bin\instrument.dll
Event: 0.266 Loaded shared library C:\Users\User\.jdks\openjdk-21.0.1\bin\net.dll
Event: 0.267 Loaded shared library C:\Users\User\.jdks\openjdk-21.0.1\bin\nio.dll
Event: 0.269 Loaded shared library C:\Users\User\.jdks\openjdk-21.0.1\bin\zip.dll
Event: 0.955 Loaded shared library C:\Program Files\JetBrains\IntelliJ IDEA 2024.2.4\bin\breakgen64.dll
Event: 0.984 Loaded shared library C:\Users\User\.jdks\openjdk-21.0.1\bin\jimage.dll
Event: 0.997 Loaded shared library C:\Users\User\.jdks\openjdk-21.0.1\bin\extnet.dll
Event: 1.209 Loaded shared library C:\Users\User\.jdks\openjdk-21.0.1\bin\management.dll
Event: 1.266 Loaded shared library C:\Users\User\.jdks\openjdk-21.0.1\bin\management_ext.dll

Deoptimization events (4 events):
Event: 1.523 Thread 0x000002e29ab45e30 DEOPT PACKING pc=0x000002e2a4bc48dd sp=0x000000ee75bfcee0
Event: 1.523 Thread 0x000002e29ab45e30 DEOPT UNPACKING pc=0x000002e2a47f88e2 sp=0x000000ee75bfc390 mode 3
Event: 1.533 Thread 0x000002e29ab45e30 DEOPT PACKING pc=0x000002e2a4bdc860 sp=0x000000ee75bfcde0
Event: 1.533 Thread 0x000002e29ab45e30 DEOPT UNPACKING pc=0x000002e2a47f88e2 sp=0x000000ee75bfc298 mode 3

Classes loaded (20 events):
Event: 1.849 Loading class java/lang/IllegalAccessError
Event: 1.849 Loading class java/lang/IllegalAccessError done
Event: 1.852 Loading class java/util/IdentityHashMap$EntrySet
Event: 1.853 Loading class java/util/IdentityHashMap$EntrySet done
Event: 1.853 Loading class java/util/IdentityHashMap$EntryIterator
Event: 1.855 Loading class java/util/IdentityHashMap$EntryIterator done
Event: 1.855 Loading class java/util/IdentityHashMap$EntryIterator$Entry
Event: 1.856 Loading class java/util/IdentityHashMap$EntryIterator$Entry done
Event: 1.856 Loading class java/util/IdentityHashMap$ValueIterator
Event: 1.857 Loading class java/util/IdentityHashMap$ValueIterator done
Event: 1.866 Loading class java/net/URISyntaxException
Event: 1.866 Loading class java/net/URISyntaxException done
Event: 1.866 Loading class java/nio/file/NoSuchFileException
Event: 1.866 Loading class java/nio/file/FileSystemException
Event: 1.866 Loading class java/nio/file/FileSystemException done
Event: 1.866 Loading class java/nio/file/NoSuchFileException done
Event: 1.866 Loading class java/io/UncheckedIOException
Event: 1.866 Loading class java/io/UncheckedIOException done
Event: 1.867 Loading class java/net/HttpURLConnection
Event: 1.869 Loading class java/net/HttpURLConnection done

Classes unloaded (0 events):
No events

Classes redefined (0 events):
No events

Internal exceptions (20 events):
Event: 0.344 Thread 0x000002e29ab45e30 Exception <a 'java/lang/NoSuchMethodError'{0x000000008a80be80}: 'void java.lang.invoke.DirectMethodHandle$Holder.invokeStatic(java.lang.Object, java.lang.Object, java.lang.Object)'> (0x000000008a80be80) 
thrown [s\open\src\hotspot\share\interpreter\linkResolver.cpp, line 773]
Event: 0.349 Thread 0x000002e29ab45e30 Exception <a 'java/lang/NoSuchMethodError'{0x000000008a823388}: 'java.lang.Object java.lang.invoke.Invokers$Holder.invokeExact_MT(java.lang.Object, java.lang.Object, java.lang.Object, java.lang.Object, java.lang.Object)'> (0x000000008a823388) 
thrown [s\open\src\hotspot\share\interpreter\linkResolver.cpp, line 773]
Event: 1.002 Thread 0x000002e2ad8f4690 Exception <a 'java/lang/NoSuchMethodError'{0x000000008a880368}: 'void java.lang.invoke.DirectMethodHandle$Holder.invokeStatic(java.lang.Object, java.lang.Object)'> (0x000000008a880368) 
thrown [s\open\src\hotspot\share\interpreter\linkResolver.cpp, line 773]
Event: 1.206 Thread 0x000002e2ad269a50 Exception <a 'java/lang/NoSuchMethodError'{0x000000008a675498}: 'java.lang.Object java.lang.invoke.Invokers$Holder.invokeExact_MT(java.lang.Object, java.lang.Object, java.lang.Object, java.lang.Object, java.lang.Object, java.lang.Object)'> (0x000000008a675498) 
thrown [s\open\src\hotspot\share\interpreter\linkResolver.cpp, line 773]
Event: 1.269 Thread 0x000002e29ab45e30 Exception <a 'java/lang/NoSuchMethodError'{0x000000008a868ad8}: 'int java.lang.invoke.DirectMethodHandle$Holder.invokeInterface(java.lang.Object, java.lang.Object)'> (0x000000008a868ad8) 
thrown [s\open\src\hotspot\share\interpreter\linkResolver.cpp, line 773]
Event: 1.270 Thread 0x000002e29ab45e30 Exception <a 'java/lang/IncompatibleClassChangeError'{0x000000008a86bcd8}: Found class java.lang.Object, but interface was expected> (0x000000008a86bcd8) 
thrown [s\open\src\hotspot\share\interpreter\linkResolver.cpp, line 840]
Event: 1.386 Thread 0x000002e29ab45e30 Exception <a 'java/lang/NoSuchMethodError'{0x000000008a5a6080}: 'int java.lang.invoke.DirectMethodHandle$Holder.invokeSpecial(java.lang.Object, java.lang.Object, java.lang.Object)'> (0x000000008a5a6080) 
thrown [s\open\src\hotspot\share\interpreter\linkResolver.cpp, line 773]
Event: 1.488 Thread 0x000002e29ab45e30 Exception <a 'java/lang/NoSuchMethodError'{0x000000008a4eaf38}: 'java.lang.Object java.lang.invoke.DirectMethodHandle$Holder.invokeStaticInit(java.lang.Object, java.lang.Object, java.lang.Object)'> (0x000000008a4eaf38) 
thrown [s\open\src\hotspot\share\interpreter\linkResolver.cpp, line 773]
Event: 1.568 Thread 0x000002e29ab45e30 Exception <a 'java/lang/NoSuchMethodError'{0x000000008a1e4740}: 'int java.lang.invoke.DirectMethodHandle$Holder.invokeSpecialIFC(java.lang.Object, java.lang.Object, java.lang.Object)'> (0x000000008a1e4740) 
thrown [s\open\src\hotspot\share\interpreter\linkResolver.cpp, line 773]
Event: 1.631 Thread 0x000002e29ab45e30 Exception <a 'java/lang/NoSuchMethodError'{0x000000008a055d70}: 'java.lang.Object java.lang.invoke.DirectMethodHandle$Holder.invokeStaticInit(java.lang.Object, int, int, int, int)'> (0x000000008a055d70) 
thrown [s\open\src\hotspot\share\interpreter\linkResolver.cpp, line 773]
Event: 1.648 Thread 0x000002e29ab45e30 Exception <a 'java/lang/NoSuchMethodError'{0x0000000089f24360}: 'java.lang.Object java.lang.invoke.DirectMethodHandle$Holder.invokeStaticInit(java.lang.Object, java.lang.Object, int, int, int, int)'> (0x0000000089f24360) 
thrown [s\open\src\hotspot\share\interpreter\linkResolver.cpp, line 773]
Event: 1.674 Thread 0x000002e29ab45e30 Exception <a 'java/lang/ClassNotFoundException'{0x0000000089f40dc0}: javax/management/remote/rmi/RMIServerImpl_Skel> (0x0000000089f40dc0) 
thrown [s\open\src\hotspot\share\classfile\systemDictionary.cpp, line 312]
Event: 1.724 Thread 0x000002e29ab45e30 Exception <a 'java/lang/NoSuchMethodError'{0x0000000089f5bbd8}: 'long java.lang.invoke.DirectMethodHandle$Holder.invokeSpecial(java.lang.Object, java.lang.Object)'> (0x0000000089f5bbd8) 
thrown [s\open\src\hotspot\share\interpreter\linkResolver.cpp, line 773]
Event: 1.724 Thread 0x000002e29ab45e30 Exception <a 'java/lang/NoSuchMethodError'{0x0000000089f5f2a0}: 'long java.lang.invoke.Invokers$Holder.invokeExact_MT(java.lang.Object, java.lang.Object)'> (0x0000000089f5f2a0) 
thrown [s\open\src\hotspot\share\interpreter\linkResolver.cpp, line 773]
Event: 1.737 Thread 0x000002e29ab45e30 Exception <a 'java/lang/NoSuchMethodError'{0x0000000089fee0b8}: 'void java.lang.invoke.DirectMethodHandle$Holder.invokeSpecial(java.lang.Object, java.lang.Object, java.lang.Object)'> (0x0000000089fee0b8) 
thrown [s\open\src\hotspot\share\interpreter\linkResolver.cpp, line 773]
Event: 1.800 Thread 0x000002e29ab45e30 Exception <a 'java/lang/ClassNotFoundException'{0x0000000089ddce20}: javax/smartcardio/CardPermission> (0x0000000089ddce20) 
thrown [s\open\src\hotspot\share\classfile\systemDictionary.cpp, line 312]
Event: 1.806 Thread 0x000002e29ab45e30 Exception <a 'java/io/FileNotFoundException'{0x0000000089deb2d8}> (0x0000000089deb2d8) 
thrown [s\open\src\hotspot\share\prims\jni.cpp, line 520]
Event: 1.822 Thread 0x000002e29ab45e30 Exception <a 'java/lang/NoSuchMethodError'{0x0000000089c616b8}: 'java.lang.Object java.lang.invoke.DirectMethodHandle$Holder.invokeSpecial(java.lang.Object, java.lang.Object, java.lang.Object, long, java.lang.Object)'> (0x0000000089c616b8) 
thrown [s\open\src\hotspot\share\interpreter\linkResolver.cpp, line 773]
Event: 1.823 Thread 0x000002e29ab45e30 Exception <a 'java/lang/NoSuchMethodError'{0x0000000089c65008}: 'java.lang.Object java.lang.invoke.Invokers$Holder.linkToTargetMethod(java.lang.Object, long, java.lang.Object, java.lang.Object)'> (0x0000000089c65008) 
thrown [s\open\src\hotspot\share\interpreter\linkResolver.cpp, line 773]
Event: 1.860 Thread 0x000002e29ab45e30 Exception <a 'java/lang/NoSuchMethodError'{0x0000000089bd1368}: 'void java.lang.invoke.DirectMethodHandle$Holder.invokeStatic(java.lang.Object, java.lang.Object, java.lang.Object, java.lang.Object)'> (0x0000000089bd1368) 
thrown [s\open\src\hotspot\share\interpreter\linkResolver.cpp, line 773]

ZGC Phase Switch (0 events):
No events

VM Operations (18 events):
Event: 0.145 Executing VM operation: HandshakeAllThreads (Deoptimize)
Event: 0.146 Executing VM operation: HandshakeAllThreads (Deoptimize) done
Event: 1.156 Executing VM operation: Cleanup
Event: 1.168 Executing VM operation: Cleanup done
Event: 1.171 Executing VM operation: HandshakeAllThreads (Deoptimize)
Event: 1.171 Executing VM operation: HandshakeAllThreads (Deoptimize) done
Event: 1.245 Executing VM operation: HandshakeAllThreads (Deoptimize)
Event: 1.245 Executing VM operation: HandshakeAllThreads (Deoptimize) done
Event: 1.607 Executing VM operation: HandshakeAllThreads (Deoptimize)
Event: 1.607 Executing VM operation: HandshakeAllThreads (Deoptimize) done
Event: 1.669 Executing VM operation: HandshakeAllThreads (Deoptimize)
Event: 1.669 Executing VM operation: HandshakeAllThreads (Deoptimize) done
Event: 1.742 Executing VM operation: HandshakeAllThreads (Deoptimize)
Event: 1.742 Executing VM operation: HandshakeAllThreads (Deoptimize) done
Event: 1.770 Executing VM operation: HandshakeAllThreads (Deoptimize)
Event: 1.770 Executing VM operation: HandshakeAllThreads (Deoptimize) done
Event: 1.774 Executing VM operation: HandshakeAllThreads (Deoptimize)
Event: 1.774 Executing VM operation: HandshakeAllThreads (Deoptimize) done

Events (15 events):
Event: 0.051 Thread 0x000002e29ab45e30 Thread added: 0x000002e29ab45e30
Event: 0.069 Thread 0x000002e2ad2656a0 Thread added: 0x000002e2ad2656a0
Event: 0.070 Thread 0x000002e2ad266770 Thread added: 0x000002e2ad266770
Event: 0.070 Thread 0x000002e2ad268c40 Thread added: 0x000002e2ad268c40
Event: 0.070 Thread 0x000002e2ad269a50 Thread added: 0x000002e2ad269a50
Event: 0.070 Thread 0x000002e2ad26b5b0 Thread added: 0x000002e2ad26b5b0
Event: 0.070 Thread 0x000002e2ad26c2b0 Thread added: 0x000002e2ad26c2b0
Event: 0.070 Thread 0x000002e2ad26ce00 Thread added: 0x000002e2ad26ce00
Event: 0.077 Thread 0x000002e2ad2b8520 Thread added: 0x000002e2ad2b8520
Event: 0.139 Thread 0x000002e2ad48fd40 Thread added: 0x000002e2ad48fd40
Event: 0.956 Thread 0x000002e2ad8f4690 Thread added: 0x000002e2ad8f4690
Event: 0.956 Thread 0x000002e2ad8f9190 Thread added: 0x000002e2ad8f9190
Event: 1.129 Thread 0x000002e2ad7b90d0 Thread added: 0x000002e2ad7b90d0
Event: 1.130 Thread 0x000002e2ad7b9780 Thread added: 0x000002e2ad7b9780
Event: 1.706 Thread 0x000002e2adbc1a40 Thread added: 0x000002e2adbc1a40


Dynamic libraries:
0x00007ff7d8570000 - 0x00007ff7d857e000 	C:\Users\User\.jdks\openjdk-21.0.1\bin\java.exe
0x00007ff8e9970000 - 0x00007ff8e9b87000 	C:\WINDOWS\SYSTEM32\ntdll.dll
0x00007ff8e8820000 - 0x00007ff8e88e4000 	C:\WINDOWS\System32\KERNEL32.DLL
0x00007ff8e7210000 - 0x00007ff8e75ca000 	C:\WINDOWS\System32\KERNELBASE.dll
0x00007ff8e6fa0000 - 0x00007ff8e70b1000 	C:\WINDOWS\System32\ucrtbase.dll
0x00007ff8e2ea0000 - 0x00007ff8e2eb8000 	C:\Users\User\.jdks\openjdk-21.0.1\bin\jli.dll
0x00007ff8e2180000 - 0x00007ff8e219b000 	C:\Users\User\.jdks\openjdk-21.0.1\bin\VCRUNTIME140.dll
0x00007ff8e8dc0000 - 0x00007ff8e8f6e000 	C:\WINDOWS\System32\USER32.dll
0x00007ff8e70c0000 - 0x00007ff8e70e6000 	C:\WINDOWS\System32\win32u.dll
0x00007ff8d1420000 - 0x00007ff8d16b2000 	C:\WINDOWS\WinSxS\amd64_microsoft.windows.common-controls_6595b64144ccf1df_6.0.22621.4541_none_2710d1c57384c085\COMCTL32.dll
0x00007ff8e7790000 - 0x00007ff8e77b9000 	C:\WINDOWS\System32\GDI32.dll
0x00007ff8e89f0000 - 0x00007ff8e8a97000 	C:\WINDOWS\System32\msvcrt.dll
0x00007ff8e70f0000 - 0x00007ff8e720b000 	C:\WINDOWS\System32\gdi32full.dll
0x00007ff8e75d0000 - 0x00007ff8e766a000 	C:\WINDOWS\System32\msvcp_win.dll
0x00007ff8e9330000 - 0x00007ff8e9361000 	C:\WINDOWS\System32\IMM32.DLL
0x00007ff8e2e90000 - 0x00007ff8e2e9c000 	C:\Users\User\.jdks\openjdk-21.0.1\bin\vcruntime140_1.dll
0x00007ff8dc7f0000 - 0x00007ff8dc87e000 	C:\Users\User\.jdks\openjdk-21.0.1\bin\msvcp140.dll
0x00007ff8a4190000 - 0x00007ff8a4ea5000 	C:\Users\User\.jdks\openjdk-21.0.1\bin\server\jvm.dll
0x00007ff8e9070000 - 0x00007ff8e9122000 	C:\WINDOWS\System32\ADVAPI32.dll
0x00007ff8e8940000 - 0x00007ff8e89e7000 	C:\WINDOWS\System32\sechost.dll
0x00007ff8e6db0000 - 0x00007ff8e6dd8000 	C:\WINDOWS\System32\bcrypt.dll
0x00007ff8e7670000 - 0x00007ff8e7784000 	C:\WINDOWS\System32\RPCRT4.dll
0x00007ff8e8aa0000 - 0x00007ff8e8b11000 	C:\WINDOWS\System32\WS2_32.dll
0x00007ff8e63d0000 - 0x00007ff8e641d000 	C:\WINDOWS\SYSTEM32\POWRPROF.dll
0x00007ff8e20f0000 - 0x00007ff8e2124000 	C:\WINDOWS\SYSTEM32\WINMM.dll
0x00007ff8e2070000 - 0x00007ff8e207a000 	C:\WINDOWS\SYSTEM32\VERSION.dll
0x00007ff8e63b0000 - 0x00007ff8e63c3000 	C:\WINDOWS\SYSTEM32\UMPDC.dll
0x00007ff8e5c40000 - 0x00007ff8e5c58000 	C:\WINDOWS\SYSTEM32\kernel.appcore.dll
0x00007ff8e2310000 - 0x00007ff8e231a000 	C:\Users\User\.jdks\openjdk-21.0.1\bin\jimage.dll
0x00007ff8e3f50000 - 0x00007ff8e4182000 	C:\WINDOWS\SYSTEM32\DBGHELP.DLL
0x00007ff8e9510000 - 0x00007ff8e989f000 	C:\WINDOWS\System32\combase.dll
0x00007ff8e8b20000 - 0x00007ff8e8bf7000 	C:\WINDOWS\System32\OLEAUT32.dll
0x00007ff8b6ed0000 - 0x00007ff8b6f02000 	C:\WINDOWS\SYSTEM32\dbgcore.DLL
0x00007ff8e6f20000 - 0x00007ff8e6f9b000 	C:\WINDOWS\System32\bcryptPrimitives.dll
0x00007ff8e2170000 - 0x00007ff8e217f000 	C:\Users\User\.jdks\openjdk-21.0.1\bin\instrument.dll
0x00007ff8e14e0000 - 0x00007ff8e14ff000 	C:\Users\User\.jdks\openjdk-21.0.1\bin\java.dll
0x00007ff8e7f10000 - 0x00007ff8e8788000 	C:\WINDOWS\System32\SHELL32.dll
0x00007ff8e4b30000 - 0x00007ff8e5438000 	C:\WINDOWS\SYSTEM32\windows.storage.dll
0x00007ff8e49f0000 - 0x00007ff8e4b2f000 	C:\WINDOWS\SYSTEM32\wintypes.dll
0x00007ff8e9230000 - 0x00007ff8e932a000 	C:\WINDOWS\System32\SHCORE.dll
0x00007ff8e7eb0000 - 0x00007ff8e7f0e000 	C:\WINDOWS\System32\shlwapi.dll
0x00007ff8e6b70000 - 0x00007ff8e6b9b000 	C:\WINDOWS\SYSTEM32\profapi.dll
0x00007ff8dfaf0000 - 0x00007ff8dfb08000 	C:\Users\User\.jdks\openjdk-21.0.1\bin\zip.dll
0x00007ff8e2160000 - 0x00007ff8e2170000 	C:\Users\User\.jdks\openjdk-21.0.1\bin\net.dll
0x00007ff8e3420000 - 0x00007ff8e3556000 	C:\WINDOWS\SYSTEM32\WINHTTP.dll
0x00007ff8e6120000 - 0x00007ff8e6189000 	C:\WINDOWS\system32\mswsock.dll
0x00007ff8dfbb0000 - 0x00007ff8dfbc6000 	C:\Users\User\.jdks\openjdk-21.0.1\bin\nio.dll
0x00007ff8dfad0000 - 0x00007ff8dfaea000 	C:\Program Files\JetBrains\IntelliJ IDEA 2024.2.4\bin\breakgen64.dll
0x00007ff8dfaa0000 - 0x00007ff8dfaa7000 	C:\Users\User\.jdks\openjdk-21.0.1\bin\extnet.dll
0x00007ff8e5710000 - 0x00007ff8e5812000 	C:\WINDOWS\SYSTEM32\DNSAPI.dll
0x00007ff8e56a0000 - 0x00007ff8e56cd000 	C:\WINDOWS\SYSTEM32\IPHLPAPI.DLL
0x00007ff8e9130000 - 0x00007ff8e9139000 	C:\WINDOWS\System32\NSI.dll
0x00007ff8e2020000 - 0x00007ff8e202a000 	C:\Windows\System32\rasadhlp.dll
0x00007ff8e1cd0000 - 0x00007ff8e1d53000 	C:\WINDOWS\System32\fwpuclnt.dll
0x00007ff8e2140000 - 0x00007ff8e214a000 	C:\Users\User\.jdks\openjdk-21.0.1\bin\management.dll
0x00007ff8e14d0000 - 0x00007ff8e14db000 	C:\Users\User\.jdks\openjdk-21.0.1\bin\management_ext.dll
0x00007ff8e77c0000 - 0x00007ff8e77c8000 	C:\WINDOWS\System32\PSAPI.DLL
0x00007ff8e64f0000 - 0x00007ff8e650b000 	C:\WINDOWS\SYSTEM32\CRYPTSP.dll
0x00007ff8e5ba0000 - 0x00007ff8e5bd5000 	C:\WINDOWS\system32\rsaenh.dll
0x00007ff8e61c0000 - 0x00007ff8e61e8000 	C:\WINDOWS\SYSTEM32\USERENV.dll
0x00007ff8e64d0000 - 0x00007ff8e64dc000 	C:\WINDOWS\SYSTEM32\CRYPTBASE.dll
0x00007ff86f190000 - 0x00007ff86f1a7000 	C:\WINDOWS\system32\napinsp.dll
0x00007ff86f170000 - 0x00007ff86f18b000 	C:\WINDOWS\system32\pnrpnsp.dll
0x00007ff86f150000 - 0x00007ff86f161000 	C:\WINDOWS\System32\winrnr.dll
0x00007ff8b2720000 - 0x00007ff8b2735000 	C:\WINDOWS\system32\wshbth.dll
0x00007ff88b9a0000 - 0x00007ff88b9c7000 	C:\WINDOWS\system32\nlansp_c.dll

dbghelp: loaded successfully - version: 4.0.5 - missing functions: none
symbol engine: initialized successfully - sym options: 0x614 - pdb path: .;C:\Users\User\.jdks\openjdk-21.0.1\bin;C:\WINDOWS\SYSTEM32;C:\WINDOWS\WinSxS\amd64_microsoft.windows.common-controls_6595b64144ccf1df_6.0.22621.4541_none_2710d1c57384c085;C:\Users\User\.jdks\openjdk-21.0.1\bin\server;C:\Program Files\JetBrains\IntelliJ IDEA 2024.2.4\bin

VM Arguments:
jvm_args: -XX:TieredStopAtLevel=1 -Dspring.output.ansi.enabled=always -Dcom.sun.management.jmxremote -Dspring.jmx.enabled=true -Dspring.liveBeansView.mbeanDomain -Dspring.application.admin.enabled=true -Dmanagement.endpoints.jmx.exposure.include=* -javaagent:C:\Program Files\JetBrains\IntelliJ IDEA 2024.2.4\lib\idea_rt.jar=50824:C:\Program Files\JetBrains\IntelliJ IDEA 2024.2.4\bin -Dfile.encoding=UTF-8 -Dsun.stdout.encoding=UTF-8 -Dsun.stderr.encoding=UTF-8 
java_command: mk.ukim.finki.wp.lab.Lab1bApplication
java_class_path (initial): C:\Users\User\IdeaProjects\laboratoriska4\laboratoriska2-master\laboratoriska2\lab2\target\classes;C:\Users\User\.m2\repository\org\springframework\boot\spring-boot-starter-thymeleaf\3.3.5\spring-boot-starter-thymeleaf-3.3.5.jar;C:\Users\User\.m2\repository\org\springframework\boot\spring-boot-starter\3.3.5\spring-boot-starter-3.3.5.jar;C:\Users\User\.m2\repository\org\springframework\boot\spring-boot\3.3.5\spring-boot-3.3.5.jar;C:\Users\User\.m2\repository\org\springframework\boot\spring-boot-autoconfigure\3.3.5\spring-boot-autoconfigure-3.3.5.jar;C:\Users\User\.m2\repository\org\springframework\boot\spring-boot-starter-logging\3.3.5\spring-boot-starter-logging-3.3.5.jar;C:\Users\User\.m2\repository\ch\qos\logback\logback-classic\1.5.11\logback-classic-1.5.11.jar;C:\Users\User\.m2\repository\ch\qos\logback\logback-core\1.5.11\logback-core-1.5.11.jar;C:\Users\User\.m2\repository\org\apache\logging\log4j\log4j-to-slf4j\2.23.1\log4j-to-slf4j-2.23.1.jar;C:\Users\User\.m2\repository\org\apache\logging\log4j\log4j-api\2.23.1\log4j-api-2.23.1.jar;C:\Users\User\.m2\repository\org\slf4j\jul-to-slf4j\2.0.16\jul-to-slf4j-2.0.16.jar;C:\Users\User\.m2\repository\jakarta\annotation\jakarta.annotation-api\2.1.1\jakarta.annotation-api-2.1.1.jar;C:\Users\User\.m2\repository\org\yaml\snakeyaml\2.2\snakeyaml-2.2.jar;C:\Users\User\.m2\repository\org\thymeleaf\thymeleaf-spring6\3.1.2.RELEASE\thymeleaf-spring6-3.1.2.RELEASE.jar;C:\Users\User\.m2\repository\org\thymeleaf\thymeleaf\3.1.2.RELEASE\thymeleaf-3.1.2.RELEASE.jar;C:\Users\User\.m2\repository\org\attoparser\attoparser\2.0.7.RELEASE\attoparser-2.0.7.RELEASE.jar;C:\Users\User\.m2\repository\org\unbescape\unbescape\1.1.6.RELEASE\unbescape-1.1.6.RELEASE.jar;C:\Users\User\.m2\repository\org\springframework\boot\spring-boot-starter-web\3.3.5\spring-boot-starter-web-3.3.5.jar;C:\Users\User\.m2\repository\org\springframework\boot\spring-boot-starter-json\3.3.5\spring-boot-starter-json-3.3.5.jar;C:\Users\User\.m2\repository\com\fasterxml\jackson\core\jackson-databind\2.17.2\jackson-databind-2.17.2.jar;C:\Users\User\.m2\repository\com\fasterxml\jackson\core\jackson-annotations\2.17.2\jackson-annotations-2.17.2.jar;C:\Users\User\.m2\repository\com\fasterxml\jackson\core\jackson-core\2.17.2\jackson-core-2.17.2.jar;C:\Users\User\.m2\repository\com\fasterxml\jackson\datatype\jackson-datatype-jdk8\2.17.2\jackson-datatype-jdk8-2.17.2.jar;C:\Users\User\.m2\repository\com\fasterxml\jackson\datatype\jackson-datatype-jsr310\2.17.2\jackson-datatype-jsr310-2.17.2.jar;C:\Users\User\.m2\repository\com\fasterxml\jackson\module\jackson-module-parameter-names\2.17.2\jackson-module-parameter-names-2.17.2.jar;C:\Users\User\.m2\repository\org\springframework\boot\spring-boot-starter-tomcat\3.3.5\spring-boot-starter-tomcat-3.3.5.jar;C:\Users\User\.m2\repository\org\apache\tomcat\embed\tomcat-embed-core\10.1.31\tomcat-embed-core-10.1.31.jar;C:\Users\User\.m2\repository\org\apache\tomcat\embed\tomcat-embed-el\10.1.31\tomcat-embed-el-10.1.31.jar;C:\Users\User\.m2\repository\org\apache\tomcat\embed\tomcat-embed-websocket\10.1.31\tomcat-embed-websocket-10.1.31.jar;C:\Users\User\.m2\repository\org\springframework\spring-web\6.1.14\spring-web-6.1.14.jar;C:\Users\User\.m2\repository\org\springframework\spring-beans\6.1.14\spring-beans-6.1.14.jar;C:\Users\User\.m2\repository\io\micrometer\micrometer-observation\1.13.6\micrometer-observation-1.13.6.jar;C:\Users\User\.m2\repository\io\micrometer\micrometer-commons\1.13.6\micrometer-commons-1.13.6.jar;C:\Users\User\.m2\repository\org\springframework\spring-webmvc\6.1.14\spring-webmvc-6.1.14.jar;C:\Users\User\.m2\repository\org\springframework\spring-context\6.1.14\spring-context-6.1.14.jar;C:\Users\User\.m2\repository\org\springframework\spring-expression\6.1.14\spring-expression-6.1.14.jar;C:\Users\User\.m2\repository\org\projectlombok\lombok\1.18.34\lombok-1.18.34.jar;C:\Users\User\.m2\repository\jakarta\xml\bind\jakarta.xml.bind-api\4.0.2\jakarta.xml.bind-api-4.0.2.jar;C:\Users\User\.m2\repository\jakarta\activation\jakarta.activation-api\2.1.3\jakarta.activation-api-2.1.3.jar;C:\Users\User\.m2\repository\net\bytebuddy\byte-buddy\1.14.19\byte-buddy-1.14.19.jar;C:\Users\User\.m2\repository\org\springframework\spring-core\6.1.14\spring-core-6.1.14.jar;C:\Users\User\.m2\repository\org\springframework\spring-jcl\6.1.14\spring-jcl-6.1.14.jar;C:\Users\User\.m2\repository\org\springframework\boot\spring-boot-starter-data-jpa\3.3.5\spring-boot-starter-data-jpa-3.3.5.jar;C:\Users\User\.m2\repository\org\springframework\boot\spring-boot-starter-aop\3.3.5\spring-boot-starter-aop-3.3.5.jar;C:\Users\User\.m2\repository\org\aspectj\aspectjweaver\1.9.22.1\aspectjweaver-1.9.22.1.jar;C:\Users\User\.m2\repository\org\springframework\boot\spring-boot-starter-jdbc\3.3.5\spring-boot-starter-jdbc-3.3.5.jar;C:\Users\User\.m2\repository\com\zaxxer\HikariCP\5.1.0\HikariCP-5.1.0.jar;C:\Users\User\.m2\repository\org\springframework\spring-jdbc\6.1.14\spring-jdbc-6.1.14.jar;C:\Users\User\.m2\repository\org\hibernate\orm\hibernate-core\6.5.3.Final\hibernate-core-6.5.3.Final.jar;C:\Users\User\.m2\repository\jakarta\persistence\jakarta.persistence-api\3.1.0\jakarta.persistence-api-3.1.0.jar;C:\Users\User\.m2\repository\jakarta\transaction\jakarta.transaction-api\2.0.1\jakarta.transaction-api-2.0.1.jar;C:\Users\User\.m2\repository\org\jboss\logging\jboss-logging\3.5.3.Final\jboss-logging-3.5.3.Final.jar;C:\Users\User\.m2\repository\org\hibernate\common\hibernate-commons-annotations\6.0.6.Final\hibernate-commons-annotations-6.0.6.Final.jar;C:\Users\User\.m2\repository\io\smallrye\jandex\3.1.2\jandex-3.1.2.jar;C:\Users\User\.m2\repository\com\fasterxml\classmate\1.7.0\classmate-1.7.0.jar;C:\Users\User\.m2\repository\org\glassfish\jaxb\jaxb-runtime\4.0.5\jaxb-runtime-4.0.5.jar;C:\Users\User\.m2\repository\org\glassfish\jaxb\jaxb-core\4.0.5\jaxb-core-4.0.5.jar;C:\Users\User\.m2\repository\org\eclipse\angus\angus-activation\2.0.2\angus-activation-2.0.2.jar;C:\Users\User\.m2\repository\org\glassfish\jaxb\txw2\4.0.5\txw2-4.0.5.jar;C:\Users\User\.m2\repository\com\sun\istack\istack-commons-runtime\4.1.2\istack-commons-runtime-4.1.2.jar;C:\Users\User\.m2\repository\jakarta\inject\jakarta.inject-api\2.0.1\jakarta.inject-api-2.0.1.jar;C:\Users\User\.m2\repository\org\antlr\antlr4-runtime\4.13.0\antlr4-runtime-4.13.0.jar;C:\Users\User\.m2\repository\org\springframework\data\spring-data-jpa\3.3.5\spring-data-jpa-3.3.5.jar;C:\Users\User\.m2\repository\org\springframework\data\spring-data-commons\3.3.5\spring-data-commons-3.3.5.jar;C:\Users\User\.m2\repository\org\springframework\spring-orm\6.1.14\spring-orm-6.1.14.jar;C:\Users\User\.m2\repository\org\springframework\spring-tx\6.1.14\spring-tx-6.1.14.jar;C:\Users\User\.m2\repository\org\springframework\spring-aspects\6.1.14\spring-aspects-6.1.14.jar;C:\Users\User\.m2\repository\com\h2database\h2\2.2.224\h2-2.2.224.jar;C:\Users\User\.m2\repository\org\postgresql\postgresql\42.7.4\postgresql-42.7.4.jar;C:\Users\User\.m2\repository\org\checkerframework\checker-qual\3.42.0\checker-qual-3.42.0.jar;C:\Users\User\.m2\repository\org\springframework\boot\spring-boot-starter-security\3.3.5\spring-boot-starter-security-3.3.5.jar;C:\Users\User\.m2\repository\org\springframework\spring-aop\6.1.14\spring-aop-6.1.14.jar;C:\Users\User\.m2\repository\org\springframework\security\spring-security-config\6.3.4\spring-security-config-6.3.4.jar;C:\Users\User\.m2\repository\org\springframework\security\spring-security-core\6.3.4\spring-security-core-6.3.4.jar;C:\Users\User\.m2\repository\org\springframework\security\spring-security-crypto\6.3.4\spring-security-crypto-6.3.4.jar;C:\Users\User\.m2\repository\org\springframework\security\spring-security-web\6.3.4\spring-security-web-6.3.4.jar;C:\Users\User\.m2\repository\org\thymeleaf\extras\thymeleaf-extras-springsecurity6\3.1.2.RELEASE\thymeleaf-extras-springsecurity6-3.1.2.RELEASE.jar;C:\Users\User\.m2\repository\org\slf4j\slf4j-api\2.0.16\slf4j-api-2.0.16.jar
Launcher Type: SUN_STANDARD

[Global flags]
     intx CICompilerCount                          = 4                                         {product} {ergonomic}
     uint ConcGCThreads                            = 2                                         {product} {ergonomic}
     uint G1ConcRefinementThreads                  = 8                                         {product} {ergonomic}
   size_t G1HeapRegionSize                         = 1048576                                   {product} {ergonomic}
    uintx GCDrainStackTargetSize                   = 64                                        {product} {ergonomic}
   size_t InitialHeapSize                          = 132120576                                 {product} {ergonomic}
     bool ManagementServer                         = true                                      {product} {command line}
   size_t MarkStackSize                            = 4194304                                   {product} {ergonomic}
   size_t MaxHeapSize                              = 2095054848                                {product} {ergonomic}
   size_t MaxNewSize                               = 1256194048                                {product} {ergonomic}
   size_t MinHeapDeltaBytes                        = 1048576                                   {product} {ergonomic}
   size_t MinHeapSize                              = 8388608                                   {product} {ergonomic}
    uintx NonNMethodCodeHeapSize                   = 4096                                   {pd product} {ergonomic}
    uintx NonProfiledCodeHeapSize                  = 0                                      {pd product} {ergonomic}
     bool ProfileInterpreter                       = false                                  {pd product} {command line}
    uintx ProfiledCodeHeapSize                     = 0                                      {pd product} {ergonomic}
   size_t SoftMaxHeapSize                          = 2095054848                             {manageable} {ergonomic}
     intx TieredStopAtLevel                        = 1                                         {product} {command line}
     bool UseCompressedOops                        = true                           {product lp64_product} {ergonomic}
     bool UseG1GC                                  = true                                      {product} {ergonomic}
     bool UseLargePagesIndividualAllocation        = false                                  {pd product} {ergonomic}

Logging:
Log output configuration:
 #0: stdout all=warning uptime,level,tags foldmultilines=false
 #1: stderr all=off uptime,level,tags foldmultilines=false

Environment Variables:
JAVA_HOME=C:\Program Files\Java\jdk-17
PATH=C:\Program Files\Python313\Scripts\;C:\Program Files\Python313\;C:\WINDOWS\system32;C:\WINDOWS;C:\WINDOWS\System32\Wbem;C:\WINDOWS\System32\WindowsPowerShell\v1.0\;C:\WINDOWS\System32\OpenSSH\;C:\Program Files\Java\jdk-22\bin;C:\Program Files\Java\jdk-17\bin;C:\Users\User\anaconda3;C:\Users\User\anaconda3\Scripts;C:\Users\User\anaconda3\Library\bin;C:\Program Files (x86)\Microsoft SQL Server\160\Tools\Binn\;C:\Program Files\Microsoft SQL Server\160\Tools\Binn\;C:\Program Files\Microsoft SQL Server\Client SDK\ODBC\170\Tools\Binn\;C:\Program Files\Microsoft SQL Server\160\DTS\Binn\;C:\Program Files (x86)\Microsoft SQL Server\160\DTS\Binn\;C:\Users\User\AppData\Local\Microsoft\WindowsApps;C:\Program Files\JetBrains\CLion 2022.3.1\bin;;C:\Program Files\JetBrains\WebStorm 2022.3.2\bin;;C:\Tools\Gradle\gradle-8.7-bin\gradle-8.7\bin;;C:\Users\User\AppData\Local\Programs\Azure Data Studio\bin
USERNAME=User
OS=Windows_NT
PROCESSOR_IDENTIFIER=Intel64 Family 6 Model 140 Stepping 1, GenuineIntel
TMP=C:\Users\User\AppData\Local\Temp
TEMP=C:\Users\User\AppData\Local\Temp




Periodic native trim disabled

---------------  S Y S T E M  ---------------

OS:
 Windows 11 , 64 bit Build 22621 (10.0.22621.4391)
OS uptime: 0 days 0:25 hours
Hyper-V role detected

CPU: total 8 (initial active 8) (4 cores per cpu, 2 threads per core) family 6 model 140 stepping 1 microcode 0x8a, cx8, cmov, fxsr, ht, mmx, 3dnowpref, sse, sse2, sse3, ssse3, sse4.1, sse4.2, popcnt, lzcnt, tsc, tscinvbit, avx, avx2, aes, erms, clmul, bmi1, bmi2, adx, avx512f, avx512dq, avx512cd, avx512bw, avx512vl, sha, fma, vzeroupper, avx512_vpopcntdq, avx512_vpclmulqdq, avx512_vaes, avx512_vnni, clflush, clflushopt, clwb, avx512_vbmi2, avx512_vbmi, hv, rdtscp, rdpid, fsrm, gfni, avx512_bitalg, f16c, cet_ibt, cet_ss, avx512_ifma
Processor Information for processor 0
  Max Mhz: 2419, Current Mhz: 2419, Mhz Limit: 2419
Processor Information for processor 1
  Max Mhz: 2419, Current Mhz: 2419, Mhz Limit: 2419
Processor Information for processor 2
  Max Mhz: 2419, Current Mhz: 2419, Mhz Limit: 2419
Processor Information for processor 3
  Max Mhz: 2419, Current Mhz: 2419, Mhz Limit: 2419
Processor Information for processor 4
  Max Mhz: 2419, Current Mhz: 2419, Mhz Limit: 2419
Processor Information for processor 5
  Max Mhz: 2419, Current Mhz: 1209, Mhz Limit: 2419
Processor Information for processor 6
  Max Mhz: 2419, Current Mhz: 2419, Mhz Limit: 2419
Processor Information for processor 7
  Max Mhz: 2419, Current Mhz: 1209, Mhz Limit: 2419

Memory: 4k page, system-wide physical 7991M (639M free)
TotalPageFile size 10039M (AvailPageFile size 0M)
current process WorkingSet (physical memory assigned to process): 70M, peak: 70M
current process commit charge ("private bytes"): 219M, peak: 219M

vm_info: OpenJDK 64-Bit Server VM (21.0.1+12-29) for windows-amd64 JRE (21.0.1+12-29), built on 2023-10-05T13:27:09Z by "mach5one" with MS VC++ 17.1 (VS2022)

END.
